[1.005s] Invoking command in '/home/swd_sk/external-idec-ez-wheel/build/ezw': DEBUGINFOD_URLS=https://debuginfod.ubuntu.com PYTHONPATH=/home/swd_sk/external-idec-ez-wheel/build/ezw/prefix_override:/usr/lib/python3/dist-packages/colcon_core/task/python/colcon_distutils_commands:/home/swd_sk/external-idec-ez-wheel/install/ezw/lib/python3.12/site-packages:${PYTHONPATH} /usr/bin/python3 -W ignore:setup.py install is deprecated -W ignore:easy_install command is deprecated setup.py develop --editable --build-directory /home/swd_sk/external-idec-ez-wheel/build/ezw/build --no-deps symlink_data
[1.370s] running develop
[1.602s] running egg_info
[1.625s] writing ezw.egg-info/PKG-INFO
[1.626s] writing dependency_links to ezw.egg-info/dependency_links.txt
[1.627s] writing entry points to ezw.egg-info/entry_points.txt
[1.627s] writing requirements to ezw.egg-info/requires.txt
[1.627s] writing top-level names to ezw.egg-info/top_level.txt
[1.672s] reading manifest file 'ezw.egg-info/SOURCES.txt'
[1.672s] writing manifest file 'ezw.egg-info/SOURCES.txt'
[1.693s] running build_ext
[1.693s] Creating /home/swd_sk/external-idec-ez-wheel/install/ezw/lib/python3.12/site-packages/ezw.egg-link (link to .)
[1.693s] Installing diff_drive script to /home/swd_sk/external-idec-ez-wheel/install/ezw/lib/ezw
[1.694s] Installing follow_ball script to /home/swd_sk/external-idec-ez-wheel/install/ezw/lib/ezw
[1.694s] Installing object_detector script to /home/swd_sk/external-idec-ez-wheel/install/ezw/lib/ezw
[1.694s] Installing test script to /home/swd_sk/external-idec-ez-wheel/install/ezw/lib/ezw
[1.694s] 
[1.694s] Installed /home/swd_sk/external-idec-ez-wheel/build/ezw
[1.694s] running symlink_data
[1.763s] Invoked command in '/home/swd_sk/external-idec-ez-wheel/build/ezw' returned '0': DEBUGINFOD_URLS=https://debuginfod.ubuntu.com PYTHONPATH=/home/swd_sk/external-idec-ez-wheel/build/ezw/prefix_override:/usr/lib/python3/dist-packages/colcon_core/task/python/colcon_distutils_commands:/home/swd_sk/external-idec-ez-wheel/install/ezw/lib/python3.12/site-packages:${PYTHONPATH} /usr/bin/python3 -W ignore:setup.py install is deprecated -W ignore:easy_install command is deprecated setup.py develop --editable --build-directory /home/swd_sk/external-idec-ez-wheel/build/ezw/build --no-deps symlink_data
