[0.189s] DEBUG:colcon:Command line arguments: ['/usr/bin/colcon', 'build', '--symlink-install']
[0.189s] DEBUG:colcon:Parsed command line arguments: Namespace(log_base=None, log_level=None, verb_name='build', build_base='build', install_base='install', merge_install=False, symlink_install=True, test_result_base=None, continue_on_error=False, executor='parallel', parallel_workers=16, event_handlers=None, ignore_user_meta=False, metas=['./colcon.meta'], base_paths=['.'], packages_ignore=None, packages_ignore_regex=None, paths=None, packages_up_to=None, packages_up_to_regex=None, packages_above=None, packages_above_and_dependencies=None, packages_above_depth=None, packages_select_by_dep=None, packages_skip_by_dep=None, packages_skip_up_to=None, packages_select_build_failed=False, packages_skip_build_finished=False, packages_select_test_failures=False, packages_skip_test_passed=False, packages_select=None, packages_skip=None, packages_select_regex=None, packages_skip_regex=None, packages_start=None, packages_end=None, allow_overriding=[], cmake_args=None, cmake_target=None, cmake_target_skip_unavailable=False, cmake_clean_cache=False, cmake_clean_first=False, cmake_force_configure=False, ament_cmake_args=None, catkin_cmake_args=None, catkin_skip_building_tests=False, mixin_files=None, mixin=None, verb_parser=<colcon_mixin.mixin.mixin_argument.MixinArgumentDecorator object at 0x70bcd15821e0>, verb_extension=<colcon_core.verb.build.BuildVerb object at 0x70bcd1581b80>, main=<bound method BuildVerb.main of <colcon_core.verb.build.BuildVerb object at 0x70bcd1581b80>>, mixin_verb=('build',))
[0.241s] Level 1:colcon.colcon_core.package_discovery:discover_packages(colcon_meta) check parameters
[0.241s] Level 1:colcon.colcon_core.package_discovery:discover_packages(recursive) check parameters
[0.241s] Level 1:colcon.colcon_core.package_discovery:discover_packages(ignore) check parameters
[0.241s] Level 1:colcon.colcon_core.package_discovery:discover_packages(path) check parameters
[0.241s] Level 1:colcon.colcon_core.package_discovery:discover_packages(colcon_meta) discover
[0.241s] Level 1:colcon.colcon_core.package_discovery:discover_packages(recursive) discover
[0.241s] INFO:colcon.colcon_core.package_discovery:Crawling recursively for packages in '/home/icr247/external-idec-ez-wheel'
[0.242s] Level 1:colcon.colcon_core.package_identification:_identify(.) by extensions ['ignore', 'ignore_ament_install']
[0.242s] Level 1:colcon.colcon_core.package_identification:_identify(.) by extension 'ignore'
[0.242s] Level 1:colcon.colcon_core.package_identification:_identify(.) by extension 'ignore_ament_install'
[0.242s] Level 1:colcon.colcon_core.package_identification:_identify(.) by extensions ['colcon_pkg']
[0.242s] Level 1:colcon.colcon_core.package_identification:_identify(.) by extension 'colcon_pkg'
[0.242s] Level 1:colcon.colcon_core.package_identification:_identify(.) by extensions ['colcon_meta']
[0.242s] Level 1:colcon.colcon_core.package_identification:_identify(.) by extension 'colcon_meta'
[0.242s] Level 1:colcon.colcon_core.package_identification:_identify(.) by extensions ['ros']
[0.242s] Level 1:colcon.colcon_core.package_identification:_identify(.) by extension 'ros'
[0.269s] Level 1:colcon.colcon_core.package_identification:_identify(.) by extensions ['cmake', 'python']
[0.269s] Level 1:colcon.colcon_core.package_identification:_identify(.) by extension 'cmake'
[0.269s] Level 1:colcon.colcon_core.package_identification:_identify(.) by extension 'python'
[0.269s] Level 1:colcon.colcon_core.package_identification:_identify(.) by extensions ['python_setup_py']
[0.269s] Level 1:colcon.colcon_core.package_identification:_identify(.) by extension 'python_setup_py'
[0.270s] Level 1:colcon.colcon_core.package_identification:_identify(build) by extensions ['ignore', 'ignore_ament_install']
[0.270s] Level 1:colcon.colcon_core.package_identification:_identify(build) by extension 'ignore'
[0.270s] Level 1:colcon.colcon_core.package_identification:_identify(build) ignored
[0.270s] Level 1:colcon.colcon_core.package_identification:_identify(install) by extensions ['ignore', 'ignore_ament_install']
[0.270s] Level 1:colcon.colcon_core.package_identification:_identify(install) by extension 'ignore'
[0.270s] Level 1:colcon.colcon_core.package_identification:_identify(install) ignored
[0.270s] Level 1:colcon.colcon_core.package_identification:_identify(log) by extensions ['ignore', 'ignore_ament_install']
[0.270s] Level 1:colcon.colcon_core.package_identification:_identify(log) by extension 'ignore'
[0.270s] Level 1:colcon.colcon_core.package_identification:_identify(log) ignored
[0.270s] Level 1:colcon.colcon_core.package_identification:_identify(src) by extensions ['ignore', 'ignore_ament_install']
[0.270s] Level 1:colcon.colcon_core.package_identification:_identify(src) by extension 'ignore'
[0.270s] Level 1:colcon.colcon_core.package_identification:_identify(src) by extension 'ignore_ament_install'
[0.270s] Level 1:colcon.colcon_core.package_identification:_identify(src) by extensions ['colcon_pkg']
[0.270s] Level 1:colcon.colcon_core.package_identification:_identify(src) by extension 'colcon_pkg'
[0.270s] Level 1:colcon.colcon_core.package_identification:_identify(src) by extensions ['colcon_meta']
[0.270s] Level 1:colcon.colcon_core.package_identification:_identify(src) by extension 'colcon_meta'
[0.270s] Level 1:colcon.colcon_core.package_identification:_identify(src) by extensions ['ros']
[0.270s] Level 1:colcon.colcon_core.package_identification:_identify(src) by extension 'ros'
[0.270s] Level 1:colcon.colcon_core.package_identification:_identify(src) by extensions ['cmake', 'python']
[0.270s] Level 1:colcon.colcon_core.package_identification:_identify(src) by extension 'cmake'
[0.270s] Level 1:colcon.colcon_core.package_identification:_identify(src) by extension 'python'
[0.271s] Level 1:colcon.colcon_core.package_identification:_identify(src) by extensions ['python_setup_py']
[0.271s] Level 1:colcon.colcon_core.package_identification:_identify(src) by extension 'python_setup_py'
[0.271s] Level 1:colcon.colcon_core.package_identification:_identify(src/ezw) by extensions ['ignore', 'ignore_ament_install']
[0.271s] Level 1:colcon.colcon_core.package_identification:_identify(src/ezw) by extension 'ignore'
[0.271s] Level 1:colcon.colcon_core.package_identification:_identify(src/ezw) by extension 'ignore_ament_install'
[0.271s] Level 1:colcon.colcon_core.package_identification:_identify(src/ezw) by extensions ['colcon_pkg']
[0.271s] Level 1:colcon.colcon_core.package_identification:_identify(src/ezw) by extension 'colcon_pkg'
[0.271s] Level 1:colcon.colcon_core.package_identification:_identify(src/ezw) by extensions ['colcon_meta']
[0.271s] Level 1:colcon.colcon_core.package_identification:_identify(src/ezw) by extension 'colcon_meta'
[0.271s] Level 1:colcon.colcon_core.package_identification:_identify(src/ezw) by extensions ['ros']
[0.271s] Level 1:colcon.colcon_core.package_identification:_identify(src/ezw) by extension 'ros'
[0.274s] DEBUG:colcon.colcon_core.package_identification:Package 'src/ezw' with type 'ros.ament_python' and name 'ezw'
[0.274s] Level 1:colcon.colcon_core.package_discovery:discover_packages(recursive) using defaults
[0.274s] Level 1:colcon.colcon_core.package_discovery:discover_packages(ignore) discover
[0.274s] Level 1:colcon.colcon_core.package_discovery:discover_packages(ignore) using defaults
[0.274s] Level 1:colcon.colcon_core.package_discovery:discover_packages(path) discover
[0.274s] Level 1:colcon.colcon_core.package_discovery:discover_packages(path) using defaults
[0.293s] Level 1:colcon.colcon_core.package_discovery:discover_packages(prefix_path) check parameters
[0.293s] Level 1:colcon.colcon_core.package_discovery:discover_packages(prefix_path) discover
[0.294s] WARNING:colcon.colcon_ros.prefix_path.ament:The path '/home/icr247/external-idec-ez-wheel/install/ezw' in the environment variable AMENT_PREFIX_PATH doesn't exist
[0.295s] WARNING:colcon.colcon_ros.prefix_path.catkin:The path '/home/icr247/external-idec-ez-wheel/install/object_analytics_msgs' in the environment variable CMAKE_PREFIX_PATH doesn't exist
[0.295s] WARNING:colcon.colcon_ros.prefix_path.catkin:The path '/home/icr247/external-idec-ez-wheel/install/object_msgs' in the environment variable CMAKE_PREFIX_PATH doesn't exist
[0.296s] DEBUG:colcon.colcon_installed_package_information.package_discovery:Found 0 installed packages in /home/icr247/external-idec-ez-wheel/install
[0.297s] DEBUG:colcon.colcon_installed_package_information.package_discovery:Found 288 installed packages in /opt/ros/jazzy
[0.299s] Level 1:colcon.colcon_core.package_discovery:discover_packages(prefix_path) using defaults
[0.346s] Level 5:colcon.colcon_core.verb:set package 'ezw' build argument 'cmake_args' from command line to 'None'
[0.346s] Level 5:colcon.colcon_core.verb:set package 'ezw' build argument 'cmake_target' from command line to 'None'
[0.346s] Level 5:colcon.colcon_core.verb:set package 'ezw' build argument 'cmake_target_skip_unavailable' from command line to 'False'
[0.346s] Level 5:colcon.colcon_core.verb:set package 'ezw' build argument 'cmake_clean_cache' from command line to 'False'
[0.346s] Level 5:colcon.colcon_core.verb:set package 'ezw' build argument 'cmake_clean_first' from command line to 'False'
[0.346s] Level 5:colcon.colcon_core.verb:set package 'ezw' build argument 'cmake_force_configure' from command line to 'False'
[0.346s] Level 5:colcon.colcon_core.verb:set package 'ezw' build argument 'ament_cmake_args' from command line to 'None'
[0.346s] Level 5:colcon.colcon_core.verb:set package 'ezw' build argument 'catkin_cmake_args' from command line to 'None'
[0.346s] Level 5:colcon.colcon_core.verb:set package 'ezw' build argument 'catkin_skip_building_tests' from command line to 'False'
[0.346s] DEBUG:colcon.colcon_core.verb:Building package 'ezw' with the following arguments: {'ament_cmake_args': None, 'build_base': '/home/icr247/external-idec-ez-wheel/build/ezw', 'catkin_cmake_args': None, 'catkin_skip_building_tests': False, 'cmake_args': None, 'cmake_clean_cache': False, 'cmake_clean_first': False, 'cmake_force_configure': False, 'cmake_target': None, 'cmake_target_skip_unavailable': False, 'install_base': '/home/icr247/external-idec-ez-wheel/install/ezw', 'merge_install': False, 'path': '/home/icr247/external-idec-ez-wheel/src/ezw', 'symlink_install': True, 'test_result_base': None}
[0.346s] INFO:colcon.colcon_core.executor:Executing jobs using 'parallel' executor
[0.347s] DEBUG:colcon.colcon_parallel_executor.executor.parallel:run_until_complete
[0.348s] INFO:colcon.colcon_ros.task.ament_python.build:Building ROS package in '/home/icr247/external-idec-ez-wheel/src/ezw' with build type 'ament_python'
[0.348s] Level 1:colcon.colcon_core.shell:create_environment_hook('ezw', 'ament_prefix_path')
[0.351s] INFO:colcon.colcon_core.plugin_system:Skipping extension 'colcon_core.shell.bat': Not used on non-Windows systems
[0.351s] INFO:colcon.colcon_core.shell:Creating environment hook '/home/icr247/external-idec-ez-wheel/install/ezw/share/ezw/hook/ament_prefix_path.ps1'
[0.352s] INFO:colcon.colcon_core.shell:Creating environment descriptor '/home/icr247/external-idec-ez-wheel/install/ezw/share/ezw/hook/ament_prefix_path.dsv'
[0.352s] INFO:colcon.colcon_core.shell:Creating environment hook '/home/icr247/external-idec-ez-wheel/install/ezw/share/ezw/hook/ament_prefix_path.sh'
[0.353s] INFO:colcon.colcon_core.shell:Skip shell extension 'powershell' for command environment: Not usable outside of PowerShell
[0.353s] DEBUG:colcon.colcon_core.shell:Skip shell extension 'dsv' for command environment
[0.553s] INFO:colcon.colcon_core.task.python.build:Building Python package in '/home/icr247/external-idec-ez-wheel/src/ezw'
[0.554s] INFO:colcon.colcon_core.shell:Skip shell extension 'powershell' for command environment: Not usable outside of PowerShell
[0.554s] DEBUG:colcon.colcon_core.shell:Skip shell extension 'dsv' for command environment
[1.224s] DEBUG:colcon.colcon_core.event_handler.log_command:Invoking command in '/home/icr247/external-idec-ez-wheel/build/ezw': DEBUGINFOD_URLS=https://debuginfod.ubuntu.com PYTHONPATH=/home/icr247/external-idec-ez-wheel/build/ezw/prefix_override:/usr/lib/python3/dist-packages/colcon_core/task/python/colcon_distutils_commands:/home/icr247/external-idec-ez-wheel/install/ezw/lib/python3.12/site-packages:${PYTHONPATH} VIRTUAL_ENV_PROMPT=(ros2-yolo-venv) /usr/bin/python3 -W ignore:setup.py install is deprecated -W ignore:easy_install command is deprecated setup.py develop --editable --build-directory /home/icr247/external-idec-ez-wheel/build/ezw/build --no-deps symlink_data
[1.892s] Level 1:colcon.colcon_core.shell:create_environment_hook('ezw', 'pythonpath_develop')
[1.893s] INFO:colcon.colcon_core.shell:Creating environment hook '/home/icr247/external-idec-ez-wheel/build/ezw/share/ezw/hook/pythonpath_develop.ps1'
[1.894s] DEBUG:colcon.colcon_core.event_handler.log_command:Invoked command in '/home/icr247/external-idec-ez-wheel/build/ezw' returned '0': DEBUGINFOD_URLS=https://debuginfod.ubuntu.com PYTHONPATH=/home/icr247/external-idec-ez-wheel/build/ezw/prefix_override:/usr/lib/python3/dist-packages/colcon_core/task/python/colcon_distutils_commands:/home/icr247/external-idec-ez-wheel/install/ezw/lib/python3.12/site-packages:${PYTHONPATH} VIRTUAL_ENV_PROMPT=(ros2-yolo-venv) /usr/bin/python3 -W ignore:setup.py install is deprecated -W ignore:easy_install command is deprecated setup.py develop --editable --build-directory /home/icr247/external-idec-ez-wheel/build/ezw/build --no-deps symlink_data
[1.894s] INFO:colcon.colcon_core.shell:Creating environment descriptor '/home/icr247/external-idec-ez-wheel/build/ezw/share/ezw/hook/pythonpath_develop.dsv'
[1.894s] INFO:colcon.colcon_core.shell:Creating environment hook '/home/icr247/external-idec-ez-wheel/build/ezw/share/ezw/hook/pythonpath_develop.sh'
[1.900s] Level 1:colcon.colcon_core.environment:checking '/home/icr247/external-idec-ez-wheel/install/ezw' for CMake module files
[1.901s] Level 1:colcon.colcon_core.environment:checking '/home/icr247/external-idec-ez-wheel/install/ezw' for CMake config files
[1.902s] Level 1:colcon.colcon_core.environment:checking '/home/icr247/external-idec-ez-wheel/install/ezw/lib'
[1.902s] Level 1:colcon.colcon_core.environment:checking '/home/icr247/external-idec-ez-wheel/install/ezw/bin'
[1.902s] Level 1:colcon.colcon_core.shell:create_environment_hook('ezw', 'path')
[1.902s] INFO:colcon.colcon_core.shell:Creating environment hook '/home/icr247/external-idec-ez-wheel/install/ezw/share/ezw/hook/path.ps1'
[1.903s] INFO:colcon.colcon_core.shell:Creating environment descriptor '/home/icr247/external-idec-ez-wheel/install/ezw/share/ezw/hook/path.dsv'
[1.903s] INFO:colcon.colcon_core.shell:Creating environment hook '/home/icr247/external-idec-ez-wheel/install/ezw/share/ezw/hook/path.sh'
[1.903s] Level 1:colcon.colcon_core.environment:checking '/home/icr247/external-idec-ez-wheel/install/ezw/lib/pkgconfig/ezw.pc'
[1.904s] Level 1:colcon.colcon_core.environment:checking '/home/icr247/external-idec-ez-wheel/install/ezw/lib/python3.12/site-packages'
[1.904s] Level 1:colcon.colcon_core.shell:create_environment_hook('ezw', 'pythonpath')
[1.904s] INFO:colcon.colcon_core.shell:Creating environment hook '/home/icr247/external-idec-ez-wheel/install/ezw/share/ezw/hook/pythonpath.ps1'
[1.905s] INFO:colcon.colcon_core.shell:Creating environment descriptor '/home/icr247/external-idec-ez-wheel/install/ezw/share/ezw/hook/pythonpath.dsv'
[1.905s] INFO:colcon.colcon_core.shell:Creating environment hook '/home/icr247/external-idec-ez-wheel/install/ezw/share/ezw/hook/pythonpath.sh'
[1.906s] Level 1:colcon.colcon_core.environment:checking '/home/icr247/external-idec-ez-wheel/install/ezw/bin'
[1.906s] Level 1:colcon.colcon_core.shell:create_environment_hook('ezw', 'pythonscriptspath')
[1.906s] INFO:colcon.colcon_core.shell:Creating environment hook '/home/icr247/external-idec-ez-wheel/install/ezw/share/ezw/hook/pythonscriptspath.ps1'
[1.907s] INFO:colcon.colcon_core.shell:Creating environment descriptor '/home/icr247/external-idec-ez-wheel/install/ezw/share/ezw/hook/pythonscriptspath.dsv'
[1.907s] INFO:colcon.colcon_core.shell:Creating environment hook '/home/icr247/external-idec-ez-wheel/install/ezw/share/ezw/hook/pythonscriptspath.sh'
[1.907s] Level 1:colcon.colcon_core.environment:create_environment_scripts_only(ezw)
[1.908s] INFO:colcon.colcon_core.shell:Creating package script '/home/icr247/external-idec-ez-wheel/install/ezw/share/ezw/package.ps1'
[1.909s] INFO:colcon.colcon_core.shell:Creating package descriptor '/home/icr247/external-idec-ez-wheel/install/ezw/share/ezw/package.dsv'
[1.910s] INFO:colcon.colcon_core.shell:Creating package script '/home/icr247/external-idec-ez-wheel/install/ezw/share/ezw/package.sh'
[1.911s] INFO:colcon.colcon_core.shell:Creating package script '/home/icr247/external-idec-ez-wheel/install/ezw/share/ezw/package.bash'
[1.912s] INFO:colcon.colcon_core.shell:Creating package script '/home/icr247/external-idec-ez-wheel/install/ezw/share/ezw/package.zsh'
[1.913s] Level 1:colcon.colcon_core.environment:create_file_with_runtime_dependencies(/home/icr247/external-idec-ez-wheel/install/ezw/share/colcon-core/packages/ezw)
[1.914s] DEBUG:colcon.colcon_parallel_executor.executor.parallel:closing loop
[1.914s] DEBUG:colcon.colcon_parallel_executor.executor.parallel:loop closed
[1.914s] DEBUG:colcon.colcon_parallel_executor.executor.parallel:run_until_complete finished with '0'
[1.914s] DEBUG:colcon.colcon_core.event_reactor:joining thread
[1.922s] INFO:colcon.colcon_core.plugin_system:Skipping extension 'colcon_notification.desktop_notification.terminal_notifier': Not used on non-Darwin systems
[1.923s] INFO:colcon.colcon_core.plugin_system:Skipping extension 'colcon_notification.desktop_notification.win32': Not used on non-Windows systems
[1.923s] INFO:colcon.colcon_notification.desktop_notification:Sending desktop notification using 'notify2'
[1.941s] DEBUG:colcon.colcon_core.event_reactor:joined thread
[1.942s] INFO:colcon.colcon_core.shell:Creating prefix script '/home/icr247/external-idec-ez-wheel/install/local_setup.ps1'
[1.943s] INFO:colcon.colcon_core.shell:Creating prefix util module '/home/icr247/external-idec-ez-wheel/install/_local_setup_util_ps1.py'
[1.946s] INFO:colcon.colcon_core.shell:Creating prefix chain script '/home/icr247/external-idec-ez-wheel/install/setup.ps1'
[1.947s] INFO:colcon.colcon_core.shell:Creating prefix script '/home/icr247/external-idec-ez-wheel/install/local_setup.sh'
[1.948s] INFO:colcon.colcon_core.shell:Creating prefix util module '/home/icr247/external-idec-ez-wheel/install/_local_setup_util_sh.py'
[1.949s] INFO:colcon.colcon_core.shell:Creating prefix chain script '/home/icr247/external-idec-ez-wheel/install/setup.sh'
[1.951s] INFO:colcon.colcon_core.shell:Creating prefix script '/home/icr247/external-idec-ez-wheel/install/local_setup.bash'
[1.952s] INFO:colcon.colcon_core.shell:Creating prefix chain script '/home/icr247/external-idec-ez-wheel/install/setup.bash'
[1.954s] INFO:colcon.colcon_core.shell:Creating prefix script '/home/icr247/external-idec-ez-wheel/install/local_setup.zsh'
[1.954s] INFO:colcon.colcon_core.shell:Creating prefix chain script '/home/icr247/external-idec-ez-wheel/install/setup.zsh'
