[0.872s] Invoking command in '/home/icr247/external-idec-ez-wheel/src/ezw': DEBUGINFOD_URLS=https://debuginfod.ubuntu.com PYTHONPATH=/home/icr247/external-idec-ez-wheel/build/ezw/prefix_override:/usr/lib/python3/dist-packages/colcon_core/task/python/colcon_distutils_commands:/home/icr247/external-idec-ez-wheel/install/ezw/lib/python3.12/site-packages:${PYTHONPATH} /usr/bin/python3 -W ignore:setup.py install is deprecated -W ignore:easy_install command is deprecated setup.py egg_info --egg-base ../../build/ezw build --build-base /home/icr247/external-idec-ez-wheel/build/ezw/build install --record /home/icr247/external-idec-ez-wheel/build/ezw/install.log --single-version-externally-managed install_data
[1.113s] running egg_info
[1.113s] creating ../../build/ezw/ezw.egg-info
[1.131s] writing ../../build/ezw/ezw.egg-info/PKG-INFO
[1.131s] writing dependency_links to ../../build/ezw/ezw.egg-info/dependency_links.txt
[1.131s] writing entry points to ../../build/ezw/ezw.egg-info/entry_points.txt
[1.131s] writing requirements to ../../build/ezw/ezw.egg-info/requires.txt
[1.131s] writing top-level names to ../../build/ezw/ezw.egg-info/top_level.txt
[1.131s] writing manifest file '../../build/ezw/ezw.egg-info/SOURCES.txt'
[1.168s] reading manifest file '../../build/ezw/ezw.egg-info/SOURCES.txt'
[1.168s] writing manifest file '../../build/ezw/ezw.egg-info/SOURCES.txt'
[1.169s] running build
[1.169s] running build_py
[1.169s] creating /home/icr247/external-idec-ez-wheel/build/ezw/build
[1.169s] creating /home/icr247/external-idec-ez-wheel/build/ezw/build/lib
[1.169s] creating /home/icr247/external-idec-ez-wheel/build/ezw/build/lib/ezw
[1.169s] copying ezw/joy_stick.py -> /home/icr247/external-idec-ez-wheel/build/ezw/build/lib/ezw
[1.169s] copying ezw/test.py -> /home/icr247/external-idec-ez-wheel/build/ezw/build/lib/ezw
[1.170s] copying ezw/__init__.py -> /home/icr247/external-idec-ez-wheel/build/ezw/build/lib/ezw
[1.170s] running install
[1.175s] running install_lib
[1.193s] creating /home/icr247/external-idec-ez-wheel/install/ezw/lib/python3.12/site-packages/ezw
[1.193s] copying /home/icr247/external-idec-ez-wheel/build/ezw/build/lib/ezw/joy_stick.py -> /home/icr247/external-idec-ez-wheel/install/ezw/lib/python3.12/site-packages/ezw
[1.194s] copying /home/icr247/external-idec-ez-wheel/build/ezw/build/lib/ezw/test.py -> /home/icr247/external-idec-ez-wheel/install/ezw/lib/python3.12/site-packages/ezw
[1.194s] copying /home/icr247/external-idec-ez-wheel/build/ezw/build/lib/ezw/__init__.py -> /home/icr247/external-idec-ez-wheel/install/ezw/lib/python3.12/site-packages/ezw
[1.194s] byte-compiling /home/icr247/external-idec-ez-wheel/install/ezw/lib/python3.12/site-packages/ezw/joy_stick.py to joy_stick.cpython-312.pyc
[1.194s] byte-compiling /home/icr247/external-idec-ez-wheel/install/ezw/lib/python3.12/site-packages/ezw/test.py to test.cpython-312.pyc
[1.195s] byte-compiling /home/icr247/external-idec-ez-wheel/install/ezw/lib/python3.12/site-packages/ezw/__init__.py to __init__.cpython-312.pyc
[1.195s] running install_data
[1.195s] creating /home/icr247/external-idec-ez-wheel/install/ezw/share/ament_index
[1.196s] creating /home/icr247/external-idec-ez-wheel/install/ezw/share/ament_index/resource_index
[1.196s] creating /home/icr247/external-idec-ez-wheel/install/ezw/share/ament_index/resource_index/packages
[1.196s] copying resource/ezw -> /home/icr247/external-idec-ez-wheel/install/ezw/share/ament_index/resource_index/packages
[1.196s] copying package.xml -> /home/icr247/external-idec-ez-wheel/install/ezw/share/ezw
[1.196s] running install_egg_info
[1.215s] Copying ../../build/ezw/ezw.egg-info to /home/icr247/external-idec-ez-wheel/install/ezw/lib/python3.12/site-packages/ezw-0.0.0-py3.12.egg-info
[1.216s] running install_scripts
[1.342s] Installing tcp_can_client script to /home/icr247/external-idec-ez-wheel/install/ezw/lib/ezw
[1.342s] Installing tcp_can_joystick_client script to /home/icr247/external-idec-ez-wheel/install/ezw/lib/ezw
[1.342s] writing list of installed files to '/home/icr247/external-idec-ez-wheel/build/ezw/install.log'
[1.380s] Invoked command in '/home/icr247/external-idec-ez-wheel/src/ezw' returned '0': DEBUGINFOD_URLS=https://debuginfod.ubuntu.com PYTHONPATH=/home/icr247/external-idec-ez-wheel/build/ezw/prefix_override:/usr/lib/python3/dist-packages/colcon_core/task/python/colcon_distutils_commands:/home/icr247/external-idec-ez-wheel/install/ezw/lib/python3.12/site-packages:${PYTHONPATH} /usr/bin/python3 -W ignore:setup.py install is deprecated -W ignore:easy_install command is deprecated setup.py egg_info --egg-base ../../build/ezw build --build-base /home/icr247/external-idec-ez-wheel/build/ezw/build install --record /home/icr247/external-idec-ez-wheel/build/ezw/install.log --single-version-externally-managed install_data
