[1.021s] Invoking command in '/home/icr247/external-idec-ez-wheel/build/ezw': DEBUGINFOD_URLS=https://debuginfod.ubuntu.com PYTHONPATH=/home/icr247/external-idec-ez-wheel/build/ezw/prefix_override:/usr/lib/python3/dist-packages/colcon_core/task/python/colcon_distutils_commands:/home/icr247/external-idec-ez-wheel/install/ezw/lib/python3.12/site-packages:${PYTHONPATH} /usr/bin/python3 -W ignore:setup.py install is deprecated -W ignore:easy_install command is deprecated setup.py develop --editable --build-directory /home/icr247/external-idec-ez-wheel/build/ezw/build --no-deps symlink_data
[1.370s] running develop
[1.576s] running egg_info
[1.595s] writing ezw.egg-info/PKG-INFO
[1.595s] writing dependency_links to ezw.egg-info/dependency_links.txt
[1.596s] writing entry points to ezw.egg-info/entry_points.txt
[1.596s] writing requirements to ezw.egg-info/requires.txt
[1.596s] writing top-level names to ezw.egg-info/top_level.txt
[1.636s] reading manifest file 'ezw.egg-info/SOURCES.txt'
[1.637s] writing manifest file 'ezw.egg-info/SOURCES.txt'
[1.657s] running build_ext
[1.657s] Creating /home/icr247/external-idec-ez-wheel/install/ezw/lib/python3.12/site-packages/ezw.egg-link (link to .)
[1.658s] Installing diff_drive script to /home/icr247/external-idec-ez-wheel/install/ezw/lib/ezw
[1.658s] Installing follow_ball script to /home/icr247/external-idec-ez-wheel/install/ezw/lib/ezw
[1.658s] Installing object_detector script to /home/icr247/external-idec-ez-wheel/install/ezw/lib/ezw
[1.658s] Installing test script to /home/icr247/external-idec-ez-wheel/install/ezw/lib/ezw
[1.659s] 
[1.659s] Installed /home/icr247/external-idec-ez-wheel/build/ezw
[1.659s] running symlink_data
[1.704s] Invoked command in '/home/icr247/external-idec-ez-wheel/build/ezw' returned '0': DEBUGINFOD_URLS=https://debuginfod.ubuntu.com PYTHONPATH=/home/icr247/external-idec-ez-wheel/build/ezw/prefix_override:/usr/lib/python3/dist-packages/colcon_core/task/python/colcon_distutils_commands:/home/icr247/external-idec-ez-wheel/install/ezw/lib/python3.12/site-packages:${PYTHONPATH} /usr/bin/python3 -W ignore:setup.py install is deprecated -W ignore:easy_install command is deprecated setup.py develop --editable --build-directory /home/icr247/external-idec-ez-wheel/build/ezw/build --no-deps symlink_data
