[  2%] Built target swd_ros2_controllers__rosidl_generator_type_description
[  2%] Built target ament_cmake_python_symlink_swd_ros2_controllers
[  5%] Built target swd_ros2_controllers__cpp
[ 18%] Built target swd_ros2_controllers__rosidl_generator_c
[ 26%] Built target swd_ros2_controllers__rosidl_typesupport_cpp
[ 34%] Built target swd_ros2_controllers__rosidl_typesupport_introspection_cpp
[ 50%] Built target swd_ros2_controllers__rosidl_typesupport_fastrtps_cpp
[ 50%] Built target swd_ros2_controllers__rosidl_typesupport_fastrtps_c
[ 65%] Built target swd_ros2_controllers__rosidl_typesupport_c
[ 65%] Built target swd_ros2_controllers__rosidl_typesupport_introspection_c
[ 65%] Built target swd_ros2_controllers
[ 68%] Built target swd_ros2_controllers__py
[ 71%] [32mBuilding CXX object CMakeFiles/swd_diff_drive_controller.dir/src/diff_drive_controller/DiffDriveController.cpp.o[0m
[ 76%] Built target swd_ros2_controllers__rosidl_generator_py
[ 81%] Built target swd_ros2_controllers_s__rosidl_typesupport_fastrtps_c
[ 86%] Built target swd_ros2_controllers_s__rosidl_typesupport_c
[ 92%] Built target swd_ros2_controllers_s__rosidl_typesupport_introspection_c
running egg_info
writing swd_ros2_controllers.egg-info/PKG-INFO
writing dependency_links to swd_ros2_controllers.egg-info/dependency_links.txt
writing top-level names to swd_ros2_controllers.egg-info/top_level.txt
reading manifest file 'swd_ros2_controllers.egg-info/SOURCES.txt'
writing manifest file 'swd_ros2_controllers.egg-info/SOURCES.txt'
[ 92%] Built target ament_cmake_python_build_swd_ros2_controllers_egg
[ 94%] [32m[1mLinking CXX executable swd_diff_drive_controller[0m
[100%] Built target swd_diff_drive_controller
-- Install configuration: ""
-- Execute custom install script
-- Up-to-date symlink: /home/swd_sk/external-idec-ez-wheel/install/swd_ros2_controllers/share/ament_index/resource_index/rosidl_interfaces/swd_ros2_controllers
-- Up-to-date symlink: /home/swd_sk/external-idec-ez-wheel/install/swd_ros2_controllers/share/swd_ros2_controllers/msg/SafetyFunctions.json
-- Up-to-date symlink: /home/swd_sk/external-idec-ez-wheel/install/swd_ros2_controllers/include/swd_ros2_controllers/swd_ros2_controllers/msg/detail/safety_functions__functions.h
-- Up-to-date symlink: /home/swd_sk/external-idec-ez-wheel/install/swd_ros2_controllers/include/swd_ros2_controllers/swd_ros2_controllers/msg/detail/safety_functions__struct.h
-- Up-to-date symlink: /home/swd_sk/external-idec-ez-wheel/install/swd_ros2_controllers/include/swd_ros2_controllers/swd_ros2_controllers/msg/detail/safety_functions__type_support.h
-- Up-to-date symlink: /home/swd_sk/external-idec-ez-wheel/install/swd_ros2_controllers/include/swd_ros2_controllers/swd_ros2_controllers/msg/rosidl_generator_c__visibility_control.h
-- Up-to-date symlink: /home/swd_sk/external-idec-ez-wheel/install/swd_ros2_controllers/include/swd_ros2_controllers/swd_ros2_controllers/msg/safety_functions.h
-- Up-to-date symlink: /home/swd_sk/external-idec-ez-wheel/install/swd_ros2_controllers/share/swd_ros2_controllers/environment/library_path.sh
-- Up-to-date symlink: /home/swd_sk/external-idec-ez-wheel/install/swd_ros2_controllers/share/swd_ros2_controllers/environment/library_path.dsv
-- Up-to-date symlink: /home/swd_sk/external-idec-ez-wheel/install/swd_ros2_controllers/include/swd_ros2_controllers/swd_ros2_controllers/msg/detail/safety_functions__rosidl_typesupport_fastrtps_c.h
-- Up-to-date symlink: /home/swd_sk/external-idec-ez-wheel/install/swd_ros2_controllers/include/swd_ros2_controllers/swd_ros2_controllers/msg/rosidl_typesupport_fastrtps_c__visibility_control.h
-- Up-to-date symlink: /home/swd_sk/external-idec-ez-wheel/install/swd_ros2_controllers/include/swd_ros2_controllers/swd_ros2_controllers/msg/detail/safety_functions__builder.hpp
-- Up-to-date symlink: /home/swd_sk/external-idec-ez-wheel/install/swd_ros2_controllers/include/swd_ros2_controllers/swd_ros2_controllers/msg/detail/safety_functions__struct.hpp
-- Up-to-date symlink: /home/swd_sk/external-idec-ez-wheel/install/swd_ros2_controllers/include/swd_ros2_controllers/swd_ros2_controllers/msg/detail/safety_functions__traits.hpp
-- Up-to-date symlink: /home/swd_sk/external-idec-ez-wheel/install/swd_ros2_controllers/include/swd_ros2_controllers/swd_ros2_controllers/msg/detail/safety_functions__type_support.hpp
-- Up-to-date symlink: /home/swd_sk/external-idec-ez-wheel/install/swd_ros2_controllers/include/swd_ros2_controllers/swd_ros2_controllers/msg/rosidl_generator_cpp__visibility_control.hpp
-- Up-to-date symlink: /home/swd_sk/external-idec-ez-wheel/install/swd_ros2_controllers/include/swd_ros2_controllers/swd_ros2_controllers/msg/safety_functions.hpp
-- Up-to-date symlink: /home/swd_sk/external-idec-ez-wheel/install/swd_ros2_controllers/include/swd_ros2_controllers/swd_ros2_controllers/msg/detail/safety_functions__rosidl_typesupport_fastrtps_cpp.hpp
-- Up-to-date symlink: /home/swd_sk/external-idec-ez-wheel/install/swd_ros2_controllers/include/swd_ros2_controllers/swd_ros2_controllers/msg/rosidl_typesupport_fastrtps_cpp__visibility_control.h
-- Up-to-date symlink: /home/swd_sk/external-idec-ez-wheel/install/swd_ros2_controllers/include/swd_ros2_controllers/swd_ros2_controllers/msg/detail/safety_functions__rosidl_typesupport_introspection_c.h
-- Up-to-date symlink: /home/swd_sk/external-idec-ez-wheel/install/swd_ros2_controllers/include/swd_ros2_controllers/swd_ros2_controllers/msg/rosidl_typesupport_introspection_c__visibility_control.h
-- Up-to-date symlink: /home/swd_sk/external-idec-ez-wheel/install/swd_ros2_controllers/include/swd_ros2_controllers/swd_ros2_controllers/msg/detail/safety_functions__rosidl_typesupport_introspection_cpp.hpp
-- Up-to-date symlink: /home/swd_sk/external-idec-ez-wheel/install/swd_ros2_controllers/share/swd_ros2_controllers/environment/pythonpath.sh
-- Up-to-date symlink: /home/swd_sk/external-idec-ez-wheel/install/swd_ros2_controllers/share/swd_ros2_controllers/environment/pythonpath.dsv
-- Up-to-date symlink: /home/swd_sk/external-idec-ez-wheel/install/swd_ros2_controllers/lib/python3.12/site-packages/swd_ros2_controllers-2.1.0-py3.12.egg-info/PKG-INFO
-- Up-to-date symlink: /home/swd_sk/external-idec-ez-wheel/install/swd_ros2_controllers/lib/python3.12/site-packages/swd_ros2_controllers-2.1.0-py3.12.egg-info/SOURCES.txt
-- Up-to-date symlink: /home/swd_sk/external-idec-ez-wheel/install/swd_ros2_controllers/lib/python3.12/site-packages/swd_ros2_controllers-2.1.0-py3.12.egg-info/dependency_links.txt
-- Up-to-date symlink: /home/swd_sk/external-idec-ez-wheel/install/swd_ros2_controllers/lib/python3.12/site-packages/swd_ros2_controllers-2.1.0-py3.12.egg-info/top_level.txt
-- Up-to-date symlink: /home/swd_sk/external-idec-ez-wheel/install/swd_ros2_controllers/lib/python3.12/site-packages/swd_ros2_controllers/__init__.py
-- Up-to-date symlink: /home/swd_sk/external-idec-ez-wheel/install/swd_ros2_controllers/lib/python3.12/site-packages/swd_ros2_controllers/_swd_ros2_controllers_s.ep.rosidl_typesupport_c.c
-- Up-to-date symlink: /home/swd_sk/external-idec-ez-wheel/install/swd_ros2_controllers/lib/python3.12/site-packages/swd_ros2_controllers/_swd_ros2_controllers_s.ep.rosidl_typesupport_fastrtps_c.c
-- Up-to-date symlink: /home/swd_sk/external-idec-ez-wheel/install/swd_ros2_controllers/lib/python3.12/site-packages/swd_ros2_controllers/_swd_ros2_controllers_s.ep.rosidl_typesupport_introspection_c.c
-- Up-to-date symlink: /home/swd_sk/external-idec-ez-wheel/install/swd_ros2_controllers/lib/python3.12/site-packages/swd_ros2_controllers/msg/__init__.py
-- Up-to-date symlink: /home/swd_sk/external-idec-ez-wheel/install/swd_ros2_controllers/lib/python3.12/site-packages/swd_ros2_controllers/msg/_safety_functions.py
-- Up-to-date symlink: /home/swd_sk/external-idec-ez-wheel/install/swd_ros2_controllers/lib/python3.12/site-packages/swd_ros2_controllers/msg/_safety_functions_s.c
-- Up-to-date symlink: /home/swd_sk/external-idec-ez-wheel/install/swd_ros2_controllers/lib/python3.12/site-packages/swd_ros2_controllers/swd_ros2_controllers_s__rosidl_typesupport_c.so
-- Up-to-date symlink: /home/swd_sk/external-idec-ez-wheel/install/swd_ros2_controllers/lib/python3.12/site-packages/swd_ros2_controllers/swd_ros2_controllers_s__rosidl_typesupport_fastrtps_c.so
-- Up-to-date symlink: /home/swd_sk/external-idec-ez-wheel/install/swd_ros2_controllers/lib/python3.12/site-packages/swd_ros2_controllers/swd_ros2_controllers_s__rosidl_typesupport_introspection_c.so
-- Up-to-date symlink: /home/swd_sk/external-idec-ez-wheel/install/swd_ros2_controllers/lib/python3.12/site-packages/swd_ros2_controllers/swd_ros2_controllers_s__rosidl_typesupport_fastrtps_c.so
-- Up-to-date symlink: /home/swd_sk/external-idec-ez-wheel/install/swd_ros2_controllers/lib/python3.12/site-packages/swd_ros2_controllers/swd_ros2_controllers_s__rosidl_typesupport_introspection_c.so
-- Up-to-date symlink: /home/swd_sk/external-idec-ez-wheel/install/swd_ros2_controllers/lib/python3.12/site-packages/swd_ros2_controllers/swd_ros2_controllers_s__rosidl_typesupport_c.so
-- Up-to-date symlink: /home/swd_sk/external-idec-ez-wheel/install/swd_ros2_controllers/share/swd_ros2_controllers/msg/SafetyFunctions.idl
-- Up-to-date symlink: /home/swd_sk/external-idec-ez-wheel/install/swd_ros2_controllers/share/swd_ros2_controllers/msg/SafetyFunctions.msg
-- Up-to-date symlink: /home/swd_sk/external-idec-ez-wheel/install/swd_ros2_controllers/lib/swd_ros2_controllers/swd_diff_drive_controller
-- Up-to-date symlink: /home/swd_sk/external-idec-ez-wheel/install/swd_ros2_controllers/share/swd_ros2_controllers/launch/swd_diff_drive_controller.launch.py
-- Up-to-date symlink: /home/swd_sk/external-idec-ez-wheel/install/swd_ros2_controllers/share/ament_index/resource_index/package_run_dependencies/swd_ros2_controllers
-- Up-to-date symlink: /home/swd_sk/external-idec-ez-wheel/install/swd_ros2_controllers/share/ament_index/resource_index/parent_prefix_path/swd_ros2_controllers
-- Up-to-date symlink: /home/swd_sk/external-idec-ez-wheel/install/swd_ros2_controllers/share/swd_ros2_controllers/environment/ament_prefix_path.sh
-- Up-to-date symlink: /home/swd_sk/external-idec-ez-wheel/install/swd_ros2_controllers/share/swd_ros2_controllers/environment/ament_prefix_path.dsv
-- Up-to-date symlink: /home/swd_sk/external-idec-ez-wheel/install/swd_ros2_controllers/share/swd_ros2_controllers/environment/path.sh
-- Up-to-date symlink: /home/swd_sk/external-idec-ez-wheel/install/swd_ros2_controllers/share/swd_ros2_controllers/environment/path.dsv
-- Up-to-date symlink: /home/swd_sk/external-idec-ez-wheel/install/swd_ros2_controllers/share/swd_ros2_controllers/local_setup.bash
-- Up-to-date symlink: /home/swd_sk/external-idec-ez-wheel/install/swd_ros2_controllers/share/swd_ros2_controllers/local_setup.sh
-- Up-to-date symlink: /home/swd_sk/external-idec-ez-wheel/install/swd_ros2_controllers/share/swd_ros2_controllers/local_setup.zsh
-- Up-to-date symlink: /home/swd_sk/external-idec-ez-wheel/install/swd_ros2_controllers/share/swd_ros2_controllers/local_setup.dsv
-- Symlinking: /home/swd_sk/external-idec-ez-wheel/install/swd_ros2_controllers/share/swd_ros2_controllers/package.dsv
-- Up-to-date symlink: /home/swd_sk/external-idec-ez-wheel/install/swd_ros2_controllers/share/ament_index/resource_index/packages/swd_ros2_controllers
-- Up-to-date symlink: /home/swd_sk/external-idec-ez-wheel/install/swd_ros2_controllers/share/swd_ros2_controllers/cmake/rosidl_cmake-extras.cmake
-- Up-to-date symlink: /home/swd_sk/external-idec-ez-wheel/install/swd_ros2_controllers/share/swd_ros2_controllers/cmake/ament_cmake_export_dependencies-extras.cmake
-- Up-to-date symlink: /home/swd_sk/external-idec-ez-wheel/install/swd_ros2_controllers/share/swd_ros2_controllers/cmake/ament_cmake_export_include_directories-extras.cmake
-- Up-to-date symlink: /home/swd_sk/external-idec-ez-wheel/install/swd_ros2_controllers/share/swd_ros2_controllers/cmake/ament_cmake_export_libraries-extras.cmake
-- Up-to-date symlink: /home/swd_sk/external-idec-ez-wheel/install/swd_ros2_controllers/share/swd_ros2_controllers/cmake/ament_cmake_export_targets-extras.cmake
-- Up-to-date symlink: /home/swd_sk/external-idec-ez-wheel/install/swd_ros2_controllers/share/swd_ros2_controllers/cmake/rosidl_cmake_export_typesupport_targets-extras.cmake
-- Up-to-date symlink: /home/swd_sk/external-idec-ez-wheel/install/swd_ros2_controllers/share/swd_ros2_controllers/cmake/rosidl_cmake_export_typesupport_libraries-extras.cmake
-- Up-to-date symlink: /home/swd_sk/external-idec-ez-wheel/install/swd_ros2_controllers/share/swd_ros2_controllers/cmake/swd_ros2_controllersConfig.cmake
-- Up-to-date symlink: /home/swd_sk/external-idec-ez-wheel/install/swd_ros2_controllers/share/swd_ros2_controllers/cmake/swd_ros2_controllersConfig-version.cmake
-- Up-to-date symlink: /home/swd_sk/external-idec-ez-wheel/install/swd_ros2_controllers/share/swd_ros2_controllers/package.xml
-- Up-to-date: /home/swd_sk/external-idec-ez-wheel/install/swd_ros2_controllers/lib/libswd_ros2_controllers__rosidl_generator_c.so
-- Up-to-date: /home/swd_sk/external-idec-ez-wheel/install/swd_ros2_controllers/lib/libswd_ros2_controllers__rosidl_typesupport_fastrtps_c.so
-- Up-to-date: /home/swd_sk/external-idec-ez-wheel/install/swd_ros2_controllers/lib/libswd_ros2_controllers__rosidl_typesupport_fastrtps_cpp.so
-- Up-to-date: /home/swd_sk/external-idec-ez-wheel/install/swd_ros2_controllers/lib/libswd_ros2_controllers__rosidl_typesupport_introspection_c.so
-- Up-to-date: /home/swd_sk/external-idec-ez-wheel/install/swd_ros2_controllers/lib/libswd_ros2_controllers__rosidl_typesupport_c.so
-- Up-to-date: /home/swd_sk/external-idec-ez-wheel/install/swd_ros2_controllers/lib/libswd_ros2_controllers__rosidl_typesupport_introspection_cpp.so
-- Up-to-date: /home/swd_sk/external-idec-ez-wheel/install/swd_ros2_controllers/lib/libswd_ros2_controllers__rosidl_typesupport_cpp.so
Listing '/home/swd_sk/external-idec-ez-wheel/install/swd_ros2_controllers/lib/python3.12/site-packages/swd_ros2_controllers'...
Listing '/home/swd_sk/external-idec-ez-wheel/install/swd_ros2_controllers/lib/python3.12/site-packages/swd_ros2_controllers/msg'...
-- Up-to-date: /home/swd_sk/external-idec-ez-wheel/install/swd_ros2_controllers/lib/libswd_ros2_controllers__rosidl_generator_py.so
-- Up-to-date: /home/swd_sk/external-idec-ez-wheel/install/swd_ros2_controllers/share/swd_ros2_controllers/cmake/export_swd_ros2_controllers__rosidl_generator_cExport.cmake
-- Up-to-date: /home/swd_sk/external-idec-ez-wheel/install/swd_ros2_controllers/share/swd_ros2_controllers/cmake/export_swd_ros2_controllers__rosidl_generator_cExport-noconfig.cmake
-- Up-to-date: /home/swd_sk/external-idec-ez-wheel/install/swd_ros2_controllers/share/swd_ros2_controllers/cmake/export_swd_ros2_controllers__rosidl_typesupport_fastrtps_cExport.cmake
-- Up-to-date: /home/swd_sk/external-idec-ez-wheel/install/swd_ros2_controllers/share/swd_ros2_controllers/cmake/export_swd_ros2_controllers__rosidl_typesupport_fastrtps_cExport-noconfig.cmake
-- Up-to-date: /home/swd_sk/external-idec-ez-wheel/install/swd_ros2_controllers/share/swd_ros2_controllers/cmake/export_swd_ros2_controllers__rosidl_generator_cppExport.cmake
-- Up-to-date: /home/swd_sk/external-idec-ez-wheel/install/swd_ros2_controllers/share/swd_ros2_controllers/cmake/export_swd_ros2_controllers__rosidl_typesupport_fastrtps_cppExport.cmake
-- Up-to-date: /home/swd_sk/external-idec-ez-wheel/install/swd_ros2_controllers/share/swd_ros2_controllers/cmake/export_swd_ros2_controllers__rosidl_typesupport_fastrtps_cppExport-noconfig.cmake
-- Up-to-date: /home/swd_sk/external-idec-ez-wheel/install/swd_ros2_controllers/share/swd_ros2_controllers/cmake/swd_ros2_controllers__rosidl_typesupport_introspection_cExport.cmake
-- Up-to-date: /home/swd_sk/external-idec-ez-wheel/install/swd_ros2_controllers/share/swd_ros2_controllers/cmake/swd_ros2_controllers__rosidl_typesupport_introspection_cExport-noconfig.cmake
-- Up-to-date: /home/swd_sk/external-idec-ez-wheel/install/swd_ros2_controllers/share/swd_ros2_controllers/cmake/swd_ros2_controllers__rosidl_typesupport_cExport.cmake
-- Up-to-date: /home/swd_sk/external-idec-ez-wheel/install/swd_ros2_controllers/share/swd_ros2_controllers/cmake/swd_ros2_controllers__rosidl_typesupport_cExport-noconfig.cmake
-- Up-to-date: /home/swd_sk/external-idec-ez-wheel/install/swd_ros2_controllers/share/swd_ros2_controllers/cmake/swd_ros2_controllers__rosidl_typesupport_introspection_cppExport.cmake
-- Up-to-date: /home/swd_sk/external-idec-ez-wheel/install/swd_ros2_controllers/share/swd_ros2_controllers/cmake/swd_ros2_controllers__rosidl_typesupport_introspection_cppExport-noconfig.cmake
-- Up-to-date: /home/swd_sk/external-idec-ez-wheel/install/swd_ros2_controllers/share/swd_ros2_controllers/cmake/swd_ros2_controllers__rosidl_typesupport_cppExport.cmake
-- Up-to-date: /home/swd_sk/external-idec-ez-wheel/install/swd_ros2_controllers/share/swd_ros2_controllers/cmake/swd_ros2_controllers__rosidl_typesupport_cppExport-noconfig.cmake
-- Up-to-date: /home/swd_sk/external-idec-ez-wheel/install/swd_ros2_controllers/share/swd_ros2_controllers/cmake/export_swd_ros2_controllers__rosidl_generator_pyExport.cmake
-- Up-to-date: /home/swd_sk/external-idec-ez-wheel/install/swd_ros2_controllers/share/swd_ros2_controllers/cmake/export_swd_ros2_controllers__rosidl_generator_pyExport-noconfig.cmake
