[0.142s] DEBUG:colcon:Command line arguments: ['/usr/bin/colcon', 'build', '--symlink-install']
[0.142s] DEBUG:colcon:Parsed command line arguments: Namespace(log_base=None, log_level=None, verb_name='build', build_base='build', install_base='install', merge_install=False, symlink_install=True, test_result_base=None, continue_on_error=False, executor='parallel', parallel_workers=16, event_handlers=None, ignore_user_meta=False, metas=['./colcon.meta'], base_paths=['.'], packages_ignore=None, packages_ignore_regex=None, paths=None, packages_up_to=None, packages_up_to_regex=None, packages_above=None, packages_above_and_dependencies=None, packages_above_depth=None, packages_select_by_dep=None, packages_skip_by_dep=None, packages_skip_up_to=None, packages_select_build_failed=False, packages_skip_build_finished=False, packages_select_test_failures=False, packages_skip_test_passed=False, packages_select=None, packages_skip=None, packages_select_regex=None, packages_skip_regex=None, packages_start=None, packages_end=None, allow_overriding=[], cmake_args=None, cmake_target=None, cmake_target_skip_unavailable=False, cmake_clean_cache=False, cmake_clean_first=False, cmake_force_configure=False, ament_cmake_args=None, catkin_cmake_args=None, catkin_skip_building_tests=False, mixin_files=None, mixin=None, verb_parser=<colcon_mixin.mixin.mixin_argument.MixinArgumentDecorator object at 0x7d7bcf4a6b70>, verb_extension=<colcon_core.verb.build.BuildVerb object at 0x7d7bcf4a6480>, main=<bound method BuildVerb.main of <colcon_core.verb.build.BuildVerb object at 0x7d7bcf4a6480>>, mixin_verb=('build',))
[0.197s] Level 1:colcon.colcon_core.package_discovery:discover_packages(colcon_meta) check parameters
[0.197s] Level 1:colcon.colcon_core.package_discovery:discover_packages(recursive) check parameters
[0.197s] Level 1:colcon.colcon_core.package_discovery:discover_packages(ignore) check parameters
[0.197s] Level 1:colcon.colcon_core.package_discovery:discover_packages(path) check parameters
[0.197s] Level 1:colcon.colcon_core.package_discovery:discover_packages(colcon_meta) discover
[0.197s] Level 1:colcon.colcon_core.package_discovery:discover_packages(recursive) discover
[0.198s] INFO:colcon.colcon_core.package_discovery:Crawling recursively for packages in '/home/swd_sk/external-idec-ez-wheel'
[0.198s] Level 1:colcon.colcon_core.package_identification:_identify(.) by extensions ['ignore', 'ignore_ament_install']
[0.198s] Level 1:colcon.colcon_core.package_identification:_identify(.) by extension 'ignore'
[0.198s] Level 1:colcon.colcon_core.package_identification:_identify(.) by extension 'ignore_ament_install'
[0.198s] Level 1:colcon.colcon_core.package_identification:_identify(.) by extensions ['colcon_pkg']
[0.198s] Level 1:colcon.colcon_core.package_identification:_identify(.) by extension 'colcon_pkg'
[0.198s] Level 1:colcon.colcon_core.package_identification:_identify(.) by extensions ['colcon_meta']
[0.198s] Level 1:colcon.colcon_core.package_identification:_identify(.) by extension 'colcon_meta'
[0.198s] Level 1:colcon.colcon_core.package_identification:_identify(.) by extensions ['ros']
[0.198s] Level 1:colcon.colcon_core.package_identification:_identify(.) by extension 'ros'
[0.225s] Level 1:colcon.colcon_core.package_identification:_identify(.) by extensions ['cmake', 'python']
[0.225s] Level 1:colcon.colcon_core.package_identification:_identify(.) by extension 'cmake'
[0.225s] Level 1:colcon.colcon_core.package_identification:_identify(.) by extension 'python'
[0.225s] Level 1:colcon.colcon_core.package_identification:_identify(.) by extensions ['python_setup_py']
[0.225s] Level 1:colcon.colcon_core.package_identification:_identify(.) by extension 'python_setup_py'
[0.225s] Level 1:colcon.colcon_core.package_identification:_identify(__pycache__) by extensions ['ignore', 'ignore_ament_install']
[0.225s] Level 1:colcon.colcon_core.package_identification:_identify(__pycache__) by extension 'ignore'
[0.225s] Level 1:colcon.colcon_core.package_identification:_identify(__pycache__) by extension 'ignore_ament_install'
[0.226s] Level 1:colcon.colcon_core.package_identification:_identify(__pycache__) by extensions ['colcon_pkg']
[0.226s] Level 1:colcon.colcon_core.package_identification:_identify(__pycache__) by extension 'colcon_pkg'
[0.226s] Level 1:colcon.colcon_core.package_identification:_identify(__pycache__) by extensions ['colcon_meta']
[0.226s] Level 1:colcon.colcon_core.package_identification:_identify(__pycache__) by extension 'colcon_meta'
[0.226s] Level 1:colcon.colcon_core.package_identification:_identify(__pycache__) by extensions ['ros']
[0.226s] Level 1:colcon.colcon_core.package_identification:_identify(__pycache__) by extension 'ros'
[0.226s] Level 1:colcon.colcon_core.package_identification:_identify(__pycache__) by extensions ['cmake', 'python']
[0.226s] Level 1:colcon.colcon_core.package_identification:_identify(__pycache__) by extension 'cmake'
[0.226s] Level 1:colcon.colcon_core.package_identification:_identify(__pycache__) by extension 'python'
[0.226s] Level 1:colcon.colcon_core.package_identification:_identify(__pycache__) by extensions ['python_setup_py']
[0.226s] Level 1:colcon.colcon_core.package_identification:_identify(__pycache__) by extension 'python_setup_py'
[0.226s] Level 1:colcon.colcon_core.package_identification:_identify(build) by extensions ['ignore', 'ignore_ament_install']
[0.226s] Level 1:colcon.colcon_core.package_identification:_identify(build) by extension 'ignore'
[0.226s] Level 1:colcon.colcon_core.package_identification:_identify(build) ignored
[0.226s] Level 1:colcon.colcon_core.package_identification:_identify(install) by extensions ['ignore', 'ignore_ament_install']
[0.226s] Level 1:colcon.colcon_core.package_identification:_identify(install) by extension 'ignore'
[0.226s] Level 1:colcon.colcon_core.package_identification:_identify(install) ignored
[0.226s] Level 1:colcon.colcon_core.package_identification:_identify(log) by extensions ['ignore', 'ignore_ament_install']
[0.227s] Level 1:colcon.colcon_core.package_identification:_identify(log) by extension 'ignore'
[0.227s] Level 1:colcon.colcon_core.package_identification:_identify(log) ignored
[0.227s] Level 1:colcon.colcon_core.package_identification:_identify(src) by extensions ['ignore', 'ignore_ament_install']
[0.227s] Level 1:colcon.colcon_core.package_identification:_identify(src) by extension 'ignore'
[0.227s] Level 1:colcon.colcon_core.package_identification:_identify(src) by extension 'ignore_ament_install'
[0.227s] Level 1:colcon.colcon_core.package_identification:_identify(src) by extensions ['colcon_pkg']
[0.227s] Level 1:colcon.colcon_core.package_identification:_identify(src) by extension 'colcon_pkg'
[0.227s] Level 1:colcon.colcon_core.package_identification:_identify(src) by extensions ['colcon_meta']
[0.227s] Level 1:colcon.colcon_core.package_identification:_identify(src) by extension 'colcon_meta'
[0.227s] Level 1:colcon.colcon_core.package_identification:_identify(src) by extensions ['ros']
[0.227s] Level 1:colcon.colcon_core.package_identification:_identify(src) by extension 'ros'
[0.227s] Level 1:colcon.colcon_core.package_identification:_identify(src) by extensions ['cmake', 'python']
[0.227s] Level 1:colcon.colcon_core.package_identification:_identify(src) by extension 'cmake'
[0.227s] Level 1:colcon.colcon_core.package_identification:_identify(src) by extension 'python'
[0.227s] Level 1:colcon.colcon_core.package_identification:_identify(src) by extensions ['python_setup_py']
[0.227s] Level 1:colcon.colcon_core.package_identification:_identify(src) by extension 'python_setup_py'
[0.227s] Level 1:colcon.colcon_core.package_identification:_identify(src/ezw) by extensions ['ignore', 'ignore_ament_install']
[0.227s] Level 1:colcon.colcon_core.package_identification:_identify(src/ezw) by extension 'ignore'
[0.227s] Level 1:colcon.colcon_core.package_identification:_identify(src/ezw) by extension 'ignore_ament_install'
[0.227s] Level 1:colcon.colcon_core.package_identification:_identify(src/ezw) by extensions ['colcon_pkg']
[0.227s] Level 1:colcon.colcon_core.package_identification:_identify(src/ezw) by extension 'colcon_pkg'
[0.227s] Level 1:colcon.colcon_core.package_identification:_identify(src/ezw) by extensions ['colcon_meta']
[0.227s] Level 1:colcon.colcon_core.package_identification:_identify(src/ezw) by extension 'colcon_meta'
[0.228s] Level 1:colcon.colcon_core.package_identification:_identify(src/ezw) by extensions ['ros']
[0.228s] Level 1:colcon.colcon_core.package_identification:_identify(src/ezw) by extension 'ros'
[0.230s] DEBUG:colcon.colcon_core.package_identification:Package 'src/ezw' with type 'ros.ament_python' and name 'ezw'
[0.231s] Level 1:colcon.colcon_core.package_identification:_identify(src/swd_ros2_controllers) by extensions ['ignore', 'ignore_ament_install']
[0.231s] Level 1:colcon.colcon_core.package_identification:_identify(src/swd_ros2_controllers) by extension 'ignore'
[0.231s] Level 1:colcon.colcon_core.package_identification:_identify(src/swd_ros2_controllers) by extension 'ignore_ament_install'
[0.231s] Level 1:colcon.colcon_core.package_identification:_identify(src/swd_ros2_controllers) by extensions ['colcon_pkg']
[0.231s] Level 1:colcon.colcon_core.package_identification:_identify(src/swd_ros2_controllers) by extension 'colcon_pkg'
[0.231s] Level 1:colcon.colcon_core.package_identification:_identify(src/swd_ros2_controllers) by extensions ['colcon_meta']
[0.231s] Level 1:colcon.colcon_core.package_identification:_identify(src/swd_ros2_controllers) by extension 'colcon_meta'
[0.231s] Level 1:colcon.colcon_core.package_identification:_identify(src/swd_ros2_controllers) by extensions ['ros']
[0.231s] Level 1:colcon.colcon_core.package_identification:_identify(src/swd_ros2_controllers) by extension 'ros'
[0.232s] DEBUG:colcon.colcon_core.package_identification:Package 'src/swd_ros2_controllers' with type 'ros.ament_cmake' and name 'swd_ros2_controllers'
[0.232s] Level 1:colcon.colcon_core.package_discovery:discover_packages(recursive) using defaults
[0.232s] Level 1:colcon.colcon_core.package_discovery:discover_packages(ignore) discover
[0.232s] Level 1:colcon.colcon_core.package_discovery:discover_packages(ignore) using defaults
[0.232s] Level 1:colcon.colcon_core.package_discovery:discover_packages(path) discover
[0.232s] Level 1:colcon.colcon_core.package_discovery:discover_packages(path) using defaults
[0.251s] Level 1:colcon.colcon_core.package_discovery:discover_packages(prefix_path) check parameters
[0.251s] Level 1:colcon.colcon_core.package_discovery:discover_packages(prefix_path) discover
[0.254s] DEBUG:colcon.colcon_installed_package_information.package_discovery:Found 2 installed packages in /home/swd_sk/external-idec-ez-wheel/install
[0.256s] DEBUG:colcon.colcon_installed_package_information.package_discovery:Found 380 installed packages in /opt/ros/jazzy
[0.258s] Level 1:colcon.colcon_core.package_discovery:discover_packages(prefix_path) using defaults
[0.304s] Level 5:colcon.colcon_core.verb:set package 'ezw' build argument 'cmake_args' from command line to 'None'
[0.304s] Level 5:colcon.colcon_core.verb:set package 'ezw' build argument 'cmake_target' from command line to 'None'
[0.304s] Level 5:colcon.colcon_core.verb:set package 'ezw' build argument 'cmake_target_skip_unavailable' from command line to 'False'
[0.304s] Level 5:colcon.colcon_core.verb:set package 'ezw' build argument 'cmake_clean_cache' from command line to 'False'
[0.304s] Level 5:colcon.colcon_core.verb:set package 'ezw' build argument 'cmake_clean_first' from command line to 'False'
[0.304s] Level 5:colcon.colcon_core.verb:set package 'ezw' build argument 'cmake_force_configure' from command line to 'False'
[0.304s] Level 5:colcon.colcon_core.verb:set package 'ezw' build argument 'ament_cmake_args' from command line to 'None'
[0.304s] Level 5:colcon.colcon_core.verb:set package 'ezw' build argument 'catkin_cmake_args' from command line to 'None'
[0.304s] Level 5:colcon.colcon_core.verb:set package 'ezw' build argument 'catkin_skip_building_tests' from command line to 'False'
[0.304s] DEBUG:colcon.colcon_core.verb:Building package 'ezw' with the following arguments: {'ament_cmake_args': None, 'build_base': '/home/swd_sk/external-idec-ez-wheel/build/ezw', 'catkin_cmake_args': None, 'catkin_skip_building_tests': False, 'cmake_args': None, 'cmake_clean_cache': False, 'cmake_clean_first': False, 'cmake_force_configure': False, 'cmake_target': None, 'cmake_target_skip_unavailable': False, 'install_base': '/home/swd_sk/external-idec-ez-wheel/install/ezw', 'merge_install': False, 'path': '/home/swd_sk/external-idec-ez-wheel/src/ezw', 'symlink_install': True, 'test_result_base': None}
[0.304s] Level 5:colcon.colcon_core.verb:set package 'swd_ros2_controllers' build argument 'cmake_args' from command line to 'None'
[0.304s] Level 5:colcon.colcon_core.verb:set package 'swd_ros2_controllers' build argument 'cmake_target' from command line to 'None'
[0.304s] Level 5:colcon.colcon_core.verb:set package 'swd_ros2_controllers' build argument 'cmake_target_skip_unavailable' from command line to 'False'
[0.304s] Level 5:colcon.colcon_core.verb:set package 'swd_ros2_controllers' build argument 'cmake_clean_cache' from command line to 'False'
[0.304s] Level 5:colcon.colcon_core.verb:set package 'swd_ros2_controllers' build argument 'cmake_clean_first' from command line to 'False'
[0.304s] Level 5:colcon.colcon_core.verb:set package 'swd_ros2_controllers' build argument 'cmake_force_configure' from command line to 'False'
[0.304s] Level 5:colcon.colcon_core.verb:set package 'swd_ros2_controllers' build argument 'ament_cmake_args' from command line to 'None'
[0.304s] Level 5:colcon.colcon_core.verb:set package 'swd_ros2_controllers' build argument 'catkin_cmake_args' from command line to 'None'
[0.304s] Level 5:colcon.colcon_core.verb:set package 'swd_ros2_controllers' build argument 'catkin_skip_building_tests' from command line to 'False'
[0.304s] DEBUG:colcon.colcon_core.verb:Building package 'swd_ros2_controllers' with the following arguments: {'ament_cmake_args': None, 'build_base': '/home/swd_sk/external-idec-ez-wheel/build/swd_ros2_controllers', 'catkin_cmake_args': None, 'catkin_skip_building_tests': False, 'cmake_args': None, 'cmake_clean_cache': False, 'cmake_clean_first': False, 'cmake_force_configure': False, 'cmake_target': None, 'cmake_target_skip_unavailable': False, 'install_base': '/home/swd_sk/external-idec-ez-wheel/install/swd_ros2_controllers', 'merge_install': False, 'path': '/home/swd_sk/external-idec-ez-wheel/src/swd_ros2_controllers', 'symlink_install': True, 'test_result_base': None}
[0.304s] INFO:colcon.colcon_core.executor:Executing jobs using 'parallel' executor
[0.305s] DEBUG:colcon.colcon_parallel_executor.executor.parallel:run_until_complete
[0.306s] INFO:colcon.colcon_ros.task.ament_python.build:Building ROS package in '/home/swd_sk/external-idec-ez-wheel/src/ezw' with build type 'ament_python'
[0.306s] Level 1:colcon.colcon_core.shell:create_environment_hook('ezw', 'ament_prefix_path')
[0.310s] INFO:colcon.colcon_core.plugin_system:Skipping extension 'colcon_core.shell.bat': Not used on non-Windows systems
[0.310s] INFO:colcon.colcon_core.shell:Creating environment hook '/home/swd_sk/external-idec-ez-wheel/install/ezw/share/ezw/hook/ament_prefix_path.ps1'
[0.311s] INFO:colcon.colcon_core.shell:Creating environment descriptor '/home/swd_sk/external-idec-ez-wheel/install/ezw/share/ezw/hook/ament_prefix_path.dsv'
[0.312s] INFO:colcon.colcon_core.shell:Creating environment hook '/home/swd_sk/external-idec-ez-wheel/install/ezw/share/ezw/hook/ament_prefix_path.sh'
[0.312s] INFO:colcon.colcon_core.shell:Skip shell extension 'powershell' for command environment: Not usable outside of PowerShell
[0.312s] DEBUG:colcon.colcon_core.shell:Skip shell extension 'dsv' for command environment
[0.316s] INFO:colcon.colcon_ros.task.ament_cmake.build:Building ROS package in '/home/swd_sk/external-idec-ez-wheel/src/swd_ros2_controllers' with build type 'ament_cmake'
[0.316s] INFO:colcon.colcon_cmake.task.cmake.build:Building CMake package in '/home/swd_sk/external-idec-ez-wheel/src/swd_ros2_controllers'
[0.317s] INFO:colcon.colcon_core.shell:Skip shell extension 'powershell' for command environment: Not usable outside of PowerShell
[0.317s] DEBUG:colcon.colcon_core.shell:Skip shell extension 'dsv' for command environment
[0.602s] INFO:colcon.colcon_core.task.python.build:Building Python package in '/home/swd_sk/external-idec-ez-wheel/src/ezw'
[0.603s] INFO:colcon.colcon_core.shell:Skip shell extension 'powershell' for command environment: Not usable outside of PowerShell
[0.603s] DEBUG:colcon.colcon_core.shell:Skip shell extension 'dsv' for command environment
[0.612s] DEBUG:colcon.colcon_core.event_handler.log_command:Invoking command in '/home/swd_sk/external-idec-ez-wheel/build/swd_ros2_controllers': CMAKE_PREFIX_PATH=${CMAKE_PREFIX_PATH}:/home/swd_sk/external-idec-ez-wheel/install/ezw:/opt/ros/jazzy DEBUGINFOD_URLS=https://debuginfod.ubuntu.com /usr/bin/cmake --build /home/swd_sk/external-idec-ez-wheel/build/swd_ros2_controllers -- -j16 -l16
[1.678s] DEBUG:colcon.colcon_core.event_handler.log_command:Invoking command in '/home/swd_sk/external-idec-ez-wheel/build/ezw': DEBUGINFOD_URLS=https://debuginfod.ubuntu.com PYTHONPATH=/home/swd_sk/external-idec-ez-wheel/build/ezw/prefix_override:/usr/lib/python3/dist-packages/colcon_core/task/python/colcon_distutils_commands:/home/swd_sk/external-idec-ez-wheel/install/ezw/lib/python3.12/site-packages:${PYTHONPATH} /usr/bin/python3 -W ignore:setup.py install is deprecated -W ignore:easy_install command is deprecated setup.py develop --editable --build-directory /home/swd_sk/external-idec-ez-wheel/build/ezw/build --no-deps symlink_data
[2.611s] Level 1:colcon.colcon_core.shell:create_environment_hook('ezw', 'pythonpath_develop')
[2.611s] DEBUG:colcon.colcon_core.event_handler.log_command:Invoked command in '/home/swd_sk/external-idec-ez-wheel/build/ezw' returned '0': DEBUGINFOD_URLS=https://debuginfod.ubuntu.com PYTHONPATH=/home/swd_sk/external-idec-ez-wheel/build/ezw/prefix_override:/usr/lib/python3/dist-packages/colcon_core/task/python/colcon_distutils_commands:/home/swd_sk/external-idec-ez-wheel/install/ezw/lib/python3.12/site-packages:${PYTHONPATH} /usr/bin/python3 -W ignore:setup.py install is deprecated -W ignore:easy_install command is deprecated setup.py develop --editable --build-directory /home/swd_sk/external-idec-ez-wheel/build/ezw/build --no-deps symlink_data
[2.612s] INFO:colcon.colcon_core.shell:Creating environment hook '/home/swd_sk/external-idec-ez-wheel/build/ezw/share/ezw/hook/pythonpath_develop.ps1'
[2.613s] INFO:colcon.colcon_core.shell:Creating environment descriptor '/home/swd_sk/external-idec-ez-wheel/build/ezw/share/ezw/hook/pythonpath_develop.dsv'
[2.613s] INFO:colcon.colcon_core.shell:Creating environment hook '/home/swd_sk/external-idec-ez-wheel/build/ezw/share/ezw/hook/pythonpath_develop.sh'
[2.620s] Level 1:colcon.colcon_core.environment:checking '/home/swd_sk/external-idec-ez-wheel/install/ezw' for CMake module files
[2.620s] Level 1:colcon.colcon_core.environment:checking '/home/swd_sk/external-idec-ez-wheel/install/ezw' for CMake config files
[2.622s] Level 1:colcon.colcon_core.environment:checking '/home/swd_sk/external-idec-ez-wheel/install/ezw/lib'
[2.622s] Level 1:colcon.colcon_core.environment:checking '/home/swd_sk/external-idec-ez-wheel/install/ezw/bin'
[2.623s] Level 1:colcon.colcon_core.environment:checking '/home/swd_sk/external-idec-ez-wheel/install/ezw/lib/pkgconfig/ezw.pc'
[2.623s] Level 1:colcon.colcon_core.environment:checking '/home/swd_sk/external-idec-ez-wheel/install/ezw/lib/python3.12/site-packages'
[2.623s] Level 1:colcon.colcon_core.shell:create_environment_hook('ezw', 'pythonpath')
[2.623s] INFO:colcon.colcon_core.shell:Creating environment hook '/home/swd_sk/external-idec-ez-wheel/install/ezw/share/ezw/hook/pythonpath.ps1'
[2.624s] INFO:colcon.colcon_core.shell:Creating environment descriptor '/home/swd_sk/external-idec-ez-wheel/install/ezw/share/ezw/hook/pythonpath.dsv'
[2.625s] INFO:colcon.colcon_core.shell:Creating environment hook '/home/swd_sk/external-idec-ez-wheel/install/ezw/share/ezw/hook/pythonpath.sh'
[2.626s] Level 1:colcon.colcon_core.environment:checking '/home/swd_sk/external-idec-ez-wheel/install/ezw/bin'
[2.626s] Level 1:colcon.colcon_core.environment:create_environment_scripts_only(ezw)
[2.627s] INFO:colcon.colcon_core.shell:Creating package script '/home/swd_sk/external-idec-ez-wheel/install/ezw/share/ezw/package.ps1'
[2.631s] INFO:colcon.colcon_core.shell:Creating package descriptor '/home/swd_sk/external-idec-ez-wheel/install/ezw/share/ezw/package.dsv'
[2.632s] INFO:colcon.colcon_core.shell:Creating package script '/home/swd_sk/external-idec-ez-wheel/install/ezw/share/ezw/package.sh'
[2.633s] INFO:colcon.colcon_core.shell:Creating package script '/home/swd_sk/external-idec-ez-wheel/install/ezw/share/ezw/package.bash'
[2.634s] INFO:colcon.colcon_core.shell:Creating package script '/home/swd_sk/external-idec-ez-wheel/install/ezw/share/ezw/package.zsh'
[2.636s] Level 1:colcon.colcon_core.environment:create_file_with_runtime_dependencies(/home/swd_sk/external-idec-ez-wheel/install/ezw/share/colcon-core/packages/ezw)
[21.717s] DEBUG:colcon.colcon_core.event_handler.log_command:Invoked command in '/home/swd_sk/external-idec-ez-wheel/build/swd_ros2_controllers' returned '0': CMAKE_PREFIX_PATH=${CMAKE_PREFIX_PATH}:/home/swd_sk/external-idec-ez-wheel/install/ezw:/opt/ros/jazzy DEBUGINFOD_URLS=https://debuginfod.ubuntu.com /usr/bin/cmake --build /home/swd_sk/external-idec-ez-wheel/build/swd_ros2_controllers -- -j16 -l16
[21.734s] DEBUG:colcon.colcon_core.event_handler.log_command:Invoking command in '/home/swd_sk/external-idec-ez-wheel/build/swd_ros2_controllers': CMAKE_PREFIX_PATH=${CMAKE_PREFIX_PATH}:/home/swd_sk/external-idec-ez-wheel/install/ezw:/opt/ros/jazzy DEBUGINFOD_URLS=https://debuginfod.ubuntu.com /usr/bin/cmake --install /home/swd_sk/external-idec-ez-wheel/build/swd_ros2_controllers
[21.900s] Level 1:colcon.colcon_core.environment:create_environment_scripts_only(swd_ros2_controllers)
[21.900s] Level 1:colcon.colcon_core.environment:checking '/home/swd_sk/external-idec-ez-wheel/install/swd_ros2_controllers' for CMake module files
[21.901s] DEBUG:colcon.colcon_core.event_handler.log_command:Invoked command in '/home/swd_sk/external-idec-ez-wheel/build/swd_ros2_controllers' returned '0': CMAKE_PREFIX_PATH=${CMAKE_PREFIX_PATH}:/home/swd_sk/external-idec-ez-wheel/install/ezw:/opt/ros/jazzy DEBUGINFOD_URLS=https://debuginfod.ubuntu.com /usr/bin/cmake --install /home/swd_sk/external-idec-ez-wheel/build/swd_ros2_controllers
[21.902s] Level 1:colcon.colcon_core.environment:checking '/home/swd_sk/external-idec-ez-wheel/install/swd_ros2_controllers' for CMake config files
[21.904s] Level 1:colcon.colcon_core.shell:create_environment_hook('swd_ros2_controllers', 'cmake_prefix_path')
[21.904s] INFO:colcon.colcon_core.shell:Creating environment hook '/home/swd_sk/external-idec-ez-wheel/install/swd_ros2_controllers/share/swd_ros2_controllers/hook/cmake_prefix_path.ps1'
[21.904s] INFO:colcon.colcon_core.shell:Creating environment descriptor '/home/swd_sk/external-idec-ez-wheel/install/swd_ros2_controllers/share/swd_ros2_controllers/hook/cmake_prefix_path.dsv'
[21.905s] INFO:colcon.colcon_core.shell:Creating environment hook '/home/swd_sk/external-idec-ez-wheel/install/swd_ros2_controllers/share/swd_ros2_controllers/hook/cmake_prefix_path.sh'
[21.905s] Level 1:colcon.colcon_core.environment:checking '/home/swd_sk/external-idec-ez-wheel/install/swd_ros2_controllers/lib'
[21.905s] Level 1:colcon.colcon_core.shell:create_environment_hook('swd_ros2_controllers', 'ld_library_path_lib')
[21.905s] INFO:colcon.colcon_core.shell:Creating environment hook '/home/swd_sk/external-idec-ez-wheel/install/swd_ros2_controllers/share/swd_ros2_controllers/hook/ld_library_path_lib.ps1'
[21.906s] INFO:colcon.colcon_core.shell:Creating environment descriptor '/home/swd_sk/external-idec-ez-wheel/install/swd_ros2_controllers/share/swd_ros2_controllers/hook/ld_library_path_lib.dsv'
[21.906s] INFO:colcon.colcon_core.shell:Creating environment hook '/home/swd_sk/external-idec-ez-wheel/install/swd_ros2_controllers/share/swd_ros2_controllers/hook/ld_library_path_lib.sh'
[21.906s] Level 1:colcon.colcon_core.environment:checking '/home/swd_sk/external-idec-ez-wheel/install/swd_ros2_controllers/bin'
[21.906s] Level 1:colcon.colcon_core.environment:checking '/home/swd_sk/external-idec-ez-wheel/install/swd_ros2_controllers/lib/pkgconfig/swd_ros2_controllers.pc'
[21.907s] Level 1:colcon.colcon_core.environment:checking '/home/swd_sk/external-idec-ez-wheel/install/swd_ros2_controllers/lib/python3.12/site-packages'
[21.907s] Level 1:colcon.colcon_core.shell:create_environment_hook('swd_ros2_controllers', 'pythonpath')
[21.907s] INFO:colcon.colcon_core.shell:Creating environment hook '/home/swd_sk/external-idec-ez-wheel/install/swd_ros2_controllers/share/swd_ros2_controllers/hook/pythonpath.ps1'
[21.907s] INFO:colcon.colcon_core.shell:Creating environment descriptor '/home/swd_sk/external-idec-ez-wheel/install/swd_ros2_controllers/share/swd_ros2_controllers/hook/pythonpath.dsv'
[21.908s] INFO:colcon.colcon_core.shell:Creating environment hook '/home/swd_sk/external-idec-ez-wheel/install/swd_ros2_controllers/share/swd_ros2_controllers/hook/pythonpath.sh'
[21.908s] Level 1:colcon.colcon_core.environment:checking '/home/swd_sk/external-idec-ez-wheel/install/swd_ros2_controllers/bin'
[21.908s] INFO:colcon.colcon_core.shell:Creating package script '/home/swd_sk/external-idec-ez-wheel/install/swd_ros2_controllers/share/swd_ros2_controllers/package.ps1'
[21.909s] INFO:colcon.colcon_core.shell:Creating package descriptor '/home/swd_sk/external-idec-ez-wheel/install/swd_ros2_controllers/share/swd_ros2_controllers/package.dsv'
[21.909s] INFO:colcon.colcon_core.shell:Creating package script '/home/swd_sk/external-idec-ez-wheel/install/swd_ros2_controllers/share/swd_ros2_controllers/package.sh'
[21.909s] INFO:colcon.colcon_core.shell:Creating package script '/home/swd_sk/external-idec-ez-wheel/install/swd_ros2_controllers/share/swd_ros2_controllers/package.bash'
[21.910s] INFO:colcon.colcon_core.shell:Creating package script '/home/swd_sk/external-idec-ez-wheel/install/swd_ros2_controllers/share/swd_ros2_controllers/package.zsh'
[21.910s] Level 1:colcon.colcon_core.environment:create_file_with_runtime_dependencies(/home/swd_sk/external-idec-ez-wheel/install/swd_ros2_controllers/share/colcon-core/packages/swd_ros2_controllers)
[21.911s] Level 1:colcon.colcon_core.environment:create_environment_scripts_only(swd_ros2_controllers)
[21.911s] Level 1:colcon.colcon_core.environment:checking '/home/swd_sk/external-idec-ez-wheel/install/swd_ros2_controllers' for CMake module files
[21.911s] Level 1:colcon.colcon_core.environment:checking '/home/swd_sk/external-idec-ez-wheel/install/swd_ros2_controllers' for CMake config files
[21.912s] Level 1:colcon.colcon_core.shell:create_environment_hook('swd_ros2_controllers', 'cmake_prefix_path')
[21.912s] INFO:colcon.colcon_core.shell:Creating environment hook '/home/swd_sk/external-idec-ez-wheel/install/swd_ros2_controllers/share/swd_ros2_controllers/hook/cmake_prefix_path.ps1'
[21.913s] INFO:colcon.colcon_core.shell:Creating environment descriptor '/home/swd_sk/external-idec-ez-wheel/install/swd_ros2_controllers/share/swd_ros2_controllers/hook/cmake_prefix_path.dsv'
[21.913s] INFO:colcon.colcon_core.shell:Creating environment hook '/home/swd_sk/external-idec-ez-wheel/install/swd_ros2_controllers/share/swd_ros2_controllers/hook/cmake_prefix_path.sh'
[21.914s] Level 1:colcon.colcon_core.environment:checking '/home/swd_sk/external-idec-ez-wheel/install/swd_ros2_controllers/lib'
[21.914s] Level 1:colcon.colcon_core.shell:create_environment_hook('swd_ros2_controllers', 'ld_library_path_lib')
[21.914s] INFO:colcon.colcon_core.shell:Creating environment hook '/home/swd_sk/external-idec-ez-wheel/install/swd_ros2_controllers/share/swd_ros2_controllers/hook/ld_library_path_lib.ps1'
[21.914s] INFO:colcon.colcon_core.shell:Creating environment descriptor '/home/swd_sk/external-idec-ez-wheel/install/swd_ros2_controllers/share/swd_ros2_controllers/hook/ld_library_path_lib.dsv'
[21.914s] INFO:colcon.colcon_core.shell:Creating environment hook '/home/swd_sk/external-idec-ez-wheel/install/swd_ros2_controllers/share/swd_ros2_controllers/hook/ld_library_path_lib.sh'
[21.915s] Level 1:colcon.colcon_core.environment:checking '/home/swd_sk/external-idec-ez-wheel/install/swd_ros2_controllers/bin'
[21.915s] Level 1:colcon.colcon_core.environment:checking '/home/swd_sk/external-idec-ez-wheel/install/swd_ros2_controllers/lib/pkgconfig/swd_ros2_controllers.pc'
[21.915s] Level 1:colcon.colcon_core.environment:checking '/home/swd_sk/external-idec-ez-wheel/install/swd_ros2_controllers/lib/python3.12/site-packages'
[21.915s] Level 1:colcon.colcon_core.shell:create_environment_hook('swd_ros2_controllers', 'pythonpath')
[21.915s] INFO:colcon.colcon_core.shell:Creating environment hook '/home/swd_sk/external-idec-ez-wheel/install/swd_ros2_controllers/share/swd_ros2_controllers/hook/pythonpath.ps1'
[21.916s] INFO:colcon.colcon_core.shell:Creating environment descriptor '/home/swd_sk/external-idec-ez-wheel/install/swd_ros2_controllers/share/swd_ros2_controllers/hook/pythonpath.dsv'
[21.916s] INFO:colcon.colcon_core.shell:Creating environment hook '/home/swd_sk/external-idec-ez-wheel/install/swd_ros2_controllers/share/swd_ros2_controllers/hook/pythonpath.sh'
[21.917s] Level 1:colcon.colcon_core.environment:checking '/home/swd_sk/external-idec-ez-wheel/install/swd_ros2_controllers/bin'
[21.917s] INFO:colcon.colcon_core.shell:Creating package script '/home/swd_sk/external-idec-ez-wheel/install/swd_ros2_controllers/share/swd_ros2_controllers/package.ps1'
[21.917s] INFO:colcon.colcon_core.shell:Creating package descriptor '/home/swd_sk/external-idec-ez-wheel/install/swd_ros2_controllers/share/swd_ros2_controllers/package.dsv'
[21.918s] INFO:colcon.colcon_core.shell:Creating package script '/home/swd_sk/external-idec-ez-wheel/install/swd_ros2_controllers/share/swd_ros2_controllers/package.sh'
[21.918s] INFO:colcon.colcon_core.shell:Creating package script '/home/swd_sk/external-idec-ez-wheel/install/swd_ros2_controllers/share/swd_ros2_controllers/package.bash'
[21.918s] INFO:colcon.colcon_core.shell:Creating package script '/home/swd_sk/external-idec-ez-wheel/install/swd_ros2_controllers/share/swd_ros2_controllers/package.zsh'
[21.919s] Level 1:colcon.colcon_core.environment:create_file_with_runtime_dependencies(/home/swd_sk/external-idec-ez-wheel/install/swd_ros2_controllers/share/colcon-core/packages/swd_ros2_controllers)
[21.919s] DEBUG:colcon.colcon_parallel_executor.executor.parallel:closing loop
[21.919s] DEBUG:colcon.colcon_parallel_executor.executor.parallel:loop closed
[21.920s] DEBUG:colcon.colcon_parallel_executor.executor.parallel:run_until_complete finished with '0'
[21.920s] DEBUG:colcon.colcon_core.event_reactor:joining thread
[21.930s] INFO:colcon.colcon_core.plugin_system:Skipping extension 'colcon_notification.desktop_notification.terminal_notifier': Not used on non-Darwin systems
[21.930s] INFO:colcon.colcon_core.plugin_system:Skipping extension 'colcon_notification.desktop_notification.win32': Not used on non-Windows systems
[21.930s] INFO:colcon.colcon_notification.desktop_notification:Sending desktop notification using 'notify2'
[21.954s] DEBUG:colcon.colcon_core.event_reactor:joined thread
[21.954s] INFO:colcon.colcon_core.shell:Creating prefix script '/home/swd_sk/external-idec-ez-wheel/install/local_setup.ps1'
[21.956s] INFO:colcon.colcon_core.shell:Creating prefix util module '/home/swd_sk/external-idec-ez-wheel/install/_local_setup_util_ps1.py'
[21.959s] INFO:colcon.colcon_core.shell:Creating prefix chain script '/home/swd_sk/external-idec-ez-wheel/install/setup.ps1'
[21.963s] INFO:colcon.colcon_core.shell:Creating prefix script '/home/swd_sk/external-idec-ez-wheel/install/local_setup.sh'
[21.965s] INFO:colcon.colcon_core.shell:Creating prefix util module '/home/swd_sk/external-idec-ez-wheel/install/_local_setup_util_sh.py'
[21.965s] INFO:colcon.colcon_core.shell:Creating prefix chain script '/home/swd_sk/external-idec-ez-wheel/install/setup.sh'
[21.967s] INFO:colcon.colcon_core.shell:Creating prefix script '/home/swd_sk/external-idec-ez-wheel/install/local_setup.bash'
[21.968s] INFO:colcon.colcon_core.shell:Creating prefix chain script '/home/swd_sk/external-idec-ez-wheel/install/setup.bash'
[21.970s] INFO:colcon.colcon_core.shell:Creating prefix script '/home/swd_sk/external-idec-ez-wheel/install/local_setup.zsh'
[21.970s] INFO:colcon.colcon_core.shell:Creating prefix chain script '/home/swd_sk/external-idec-ez-wheel/install/setup.zsh'
