[0.247s] DEBUG:colcon:Command line arguments: ['/usr/bin/colcon', 'build', '--symlink-install']
[0.247s] DEBUG:colcon:Parsed command line arguments: Namespace(log_base=None, log_level=None, verb_name='build', build_base='build', install_base='install', merge_install=False, symlink_install=True, test_result_base=None, continue_on_error=False, executor='parallel', parallel_workers=16, event_handlers=None, ignore_user_meta=False, metas=['./colcon.meta'], base_paths=['.'], packages_ignore=None, packages_ignore_regex=None, paths=None, packages_up_to=None, packages_up_to_regex=None, packages_above=None, packages_above_and_dependencies=None, packages_above_depth=None, packages_select_by_dep=None, packages_skip_by_dep=None, packages_skip_up_to=None, packages_select_build_failed=False, packages_skip_build_finished=False, packages_select_test_failures=False, packages_skip_test_passed=False, packages_select=None, packages_skip=None, packages_select_regex=None, packages_skip_regex=None, packages_start=None, packages_end=None, allow_overriding=[], cmake_args=None, cmake_target=None, cmake_target_skip_unavailable=False, cmake_clean_cache=False, cmake_clean_first=False, cmake_force_configure=False, ament_cmake_args=None, catkin_cmake_args=None, catkin_skip_building_tests=False, mixin_files=None, mixin=None, verb_parser=<colcon_mixin.mixin.mixin_argument.MixinArgumentDecorator object at 0x7f592a4a6ab0>, verb_extension=<colcon_core.verb.build.BuildVerb object at 0x7f592a4a6510>, main=<bound method BuildVerb.main of <colcon_core.verb.build.BuildVerb object at 0x7f592a4a6510>>, mixin_verb=('build',))
[0.302s] Level 1:colcon.colcon_core.package_discovery:discover_packages(colcon_meta) check parameters
[0.302s] Level 1:colcon.colcon_core.package_discovery:discover_packages(recursive) check parameters
[0.302s] Level 1:colcon.colcon_core.package_discovery:discover_packages(ignore) check parameters
[0.302s] Level 1:colcon.colcon_core.package_discovery:discover_packages(path) check parameters
[0.302s] Level 1:colcon.colcon_core.package_discovery:discover_packages(colcon_meta) discover
[0.302s] Level 1:colcon.colcon_core.package_discovery:discover_packages(recursive) discover
[0.302s] INFO:colcon.colcon_core.package_discovery:Crawling recursively for packages in '/home/swd_sk/external-idec-ez-wheel'
[0.302s] Level 1:colcon.colcon_core.package_identification:_identify(.) by extensions ['ignore', 'ignore_ament_install']
[0.302s] Level 1:colcon.colcon_core.package_identification:_identify(.) by extension 'ignore'
[0.302s] Level 1:colcon.colcon_core.package_identification:_identify(.) by extension 'ignore_ament_install'
[0.302s] Level 1:colcon.colcon_core.package_identification:_identify(.) by extensions ['colcon_pkg']
[0.302s] Level 1:colcon.colcon_core.package_identification:_identify(.) by extension 'colcon_pkg'
[0.302s] Level 1:colcon.colcon_core.package_identification:_identify(.) by extensions ['colcon_meta']
[0.302s] Level 1:colcon.colcon_core.package_identification:_identify(.) by extension 'colcon_meta'
[0.302s] Level 1:colcon.colcon_core.package_identification:_identify(.) by extensions ['ros']
[0.302s] Level 1:colcon.colcon_core.package_identification:_identify(.) by extension 'ros'
[0.331s] Level 1:colcon.colcon_core.package_identification:_identify(.) by extensions ['cmake', 'python']
[0.331s] Level 1:colcon.colcon_core.package_identification:_identify(.) by extension 'cmake'
[0.331s] Level 1:colcon.colcon_core.package_identification:_identify(.) by extension 'python'
[0.331s] Level 1:colcon.colcon_core.package_identification:_identify(.) by extensions ['python_setup_py']
[0.331s] Level 1:colcon.colcon_core.package_identification:_identify(.) by extension 'python_setup_py'
[0.331s] Level 1:colcon.colcon_core.package_identification:_identify(__pycache__) by extensions ['ignore', 'ignore_ament_install']
[0.331s] Level 1:colcon.colcon_core.package_identification:_identify(__pycache__) by extension 'ignore'
[0.331s] Level 1:colcon.colcon_core.package_identification:_identify(__pycache__) by extension 'ignore_ament_install'
[0.331s] Level 1:colcon.colcon_core.package_identification:_identify(__pycache__) by extensions ['colcon_pkg']
[0.331s] Level 1:colcon.colcon_core.package_identification:_identify(__pycache__) by extension 'colcon_pkg'
[0.331s] Level 1:colcon.colcon_core.package_identification:_identify(__pycache__) by extensions ['colcon_meta']
[0.331s] Level 1:colcon.colcon_core.package_identification:_identify(__pycache__) by extension 'colcon_meta'
[0.331s] Level 1:colcon.colcon_core.package_identification:_identify(__pycache__) by extensions ['ros']
[0.331s] Level 1:colcon.colcon_core.package_identification:_identify(__pycache__) by extension 'ros'
[0.331s] Level 1:colcon.colcon_core.package_identification:_identify(__pycache__) by extensions ['cmake', 'python']
[0.331s] Level 1:colcon.colcon_core.package_identification:_identify(__pycache__) by extension 'cmake'
[0.331s] Level 1:colcon.colcon_core.package_identification:_identify(__pycache__) by extension 'python'
[0.332s] Level 1:colcon.colcon_core.package_identification:_identify(__pycache__) by extensions ['python_setup_py']
[0.332s] Level 1:colcon.colcon_core.package_identification:_identify(__pycache__) by extension 'python_setup_py'
[0.332s] Level 1:colcon.colcon_core.package_identification:_identify(build) by extensions ['ignore', 'ignore_ament_install']
[0.332s] Level 1:colcon.colcon_core.package_identification:_identify(build) by extension 'ignore'
[0.332s] Level 1:colcon.colcon_core.package_identification:_identify(build) ignored
[0.332s] Level 1:colcon.colcon_core.package_identification:_identify(install) by extensions ['ignore', 'ignore_ament_install']
[0.332s] Level 1:colcon.colcon_core.package_identification:_identify(install) by extension 'ignore'
[0.332s] Level 1:colcon.colcon_core.package_identification:_identify(install) ignored
[0.332s] Level 1:colcon.colcon_core.package_identification:_identify(log) by extensions ['ignore', 'ignore_ament_install']
[0.332s] Level 1:colcon.colcon_core.package_identification:_identify(log) by extension 'ignore'
[0.332s] Level 1:colcon.colcon_core.package_identification:_identify(log) ignored
[0.332s] Level 1:colcon.colcon_core.package_identification:_identify(src) by extensions ['ignore', 'ignore_ament_install']
[0.332s] Level 1:colcon.colcon_core.package_identification:_identify(src) by extension 'ignore'
[0.332s] Level 1:colcon.colcon_core.package_identification:_identify(src) by extension 'ignore_ament_install'
[0.332s] Level 1:colcon.colcon_core.package_identification:_identify(src) by extensions ['colcon_pkg']
[0.332s] Level 1:colcon.colcon_core.package_identification:_identify(src) by extension 'colcon_pkg'
[0.332s] Level 1:colcon.colcon_core.package_identification:_identify(src) by extensions ['colcon_meta']
[0.332s] Level 1:colcon.colcon_core.package_identification:_identify(src) by extension 'colcon_meta'
[0.333s] Level 1:colcon.colcon_core.package_identification:_identify(src) by extensions ['ros']
[0.333s] Level 1:colcon.colcon_core.package_identification:_identify(src) by extension 'ros'
[0.333s] Level 1:colcon.colcon_core.package_identification:_identify(src) by extensions ['cmake', 'python']
[0.333s] Level 1:colcon.colcon_core.package_identification:_identify(src) by extension 'cmake'
[0.333s] Level 1:colcon.colcon_core.package_identification:_identify(src) by extension 'python'
[0.333s] Level 1:colcon.colcon_core.package_identification:_identify(src) by extensions ['python_setup_py']
[0.333s] Level 1:colcon.colcon_core.package_identification:_identify(src) by extension 'python_setup_py'
[0.333s] Level 1:colcon.colcon_core.package_identification:_identify(src/ezw) by extensions ['ignore', 'ignore_ament_install']
[0.333s] Level 1:colcon.colcon_core.package_identification:_identify(src/ezw) by extension 'ignore'
[0.333s] Level 1:colcon.colcon_core.package_identification:_identify(src/ezw) by extension 'ignore_ament_install'
[0.333s] Level 1:colcon.colcon_core.package_identification:_identify(src/ezw) by extensions ['colcon_pkg']
[0.333s] Level 1:colcon.colcon_core.package_identification:_identify(src/ezw) by extension 'colcon_pkg'
[0.333s] Level 1:colcon.colcon_core.package_identification:_identify(src/ezw) by extensions ['colcon_meta']
[0.333s] Level 1:colcon.colcon_core.package_identification:_identify(src/ezw) by extension 'colcon_meta'
[0.333s] Level 1:colcon.colcon_core.package_identification:_identify(src/ezw) by extensions ['ros']
[0.333s] Level 1:colcon.colcon_core.package_identification:_identify(src/ezw) by extension 'ros'
[0.337s] DEBUG:colcon.colcon_core.package_identification:Package 'src/ezw' with type 'ros.ament_python' and name 'ezw'
[0.337s] Level 1:colcon.colcon_core.package_identification:_identify(src/swd_ros2_controllers) by extensions ['ignore', 'ignore_ament_install']
[0.337s] Level 1:colcon.colcon_core.package_identification:_identify(src/swd_ros2_controllers) by extension 'ignore'
[0.337s] Level 1:colcon.colcon_core.package_identification:_identify(src/swd_ros2_controllers) by extension 'ignore_ament_install'
[0.337s] Level 1:colcon.colcon_core.package_identification:_identify(src/swd_ros2_controllers) by extensions ['colcon_pkg']
[0.337s] Level 1:colcon.colcon_core.package_identification:_identify(src/swd_ros2_controllers) by extension 'colcon_pkg'
[0.337s] Level 1:colcon.colcon_core.package_identification:_identify(src/swd_ros2_controllers) by extensions ['colcon_meta']
[0.337s] Level 1:colcon.colcon_core.package_identification:_identify(src/swd_ros2_controllers) by extension 'colcon_meta'
[0.337s] Level 1:colcon.colcon_core.package_identification:_identify(src/swd_ros2_controllers) by extensions ['ros']
[0.337s] Level 1:colcon.colcon_core.package_identification:_identify(src/swd_ros2_controllers) by extension 'ros'
[0.338s] DEBUG:colcon.colcon_core.package_identification:Package 'src/swd_ros2_controllers' with type 'ros.ament_cmake' and name 'swd_ros2_controllers'
[0.338s] Level 1:colcon.colcon_core.package_discovery:discover_packages(recursive) using defaults
[0.338s] Level 1:colcon.colcon_core.package_discovery:discover_packages(ignore) discover
[0.338s] Level 1:colcon.colcon_core.package_discovery:discover_packages(ignore) using defaults
[0.338s] Level 1:colcon.colcon_core.package_discovery:discover_packages(path) discover
[0.338s] Level 1:colcon.colcon_core.package_discovery:discover_packages(path) using defaults
[0.360s] Level 1:colcon.colcon_core.package_discovery:discover_packages(prefix_path) check parameters
[0.360s] Level 1:colcon.colcon_core.package_discovery:discover_packages(prefix_path) discover
[0.364s] DEBUG:colcon.colcon_installed_package_information.package_discovery:Found 2 installed packages in /home/swd_sk/external-idec-ez-wheel/install
[0.368s] DEBUG:colcon.colcon_installed_package_information.package_discovery:Found 380 installed packages in /opt/ros/jazzy
[0.369s] Level 1:colcon.colcon_core.package_discovery:discover_packages(prefix_path) using defaults
[0.461s] Level 5:colcon.colcon_core.verb:set package 'ezw' build argument 'cmake_args' from command line to 'None'
[0.461s] Level 5:colcon.colcon_core.verb:set package 'ezw' build argument 'cmake_target' from command line to 'None'
[0.461s] Level 5:colcon.colcon_core.verb:set package 'ezw' build argument 'cmake_target_skip_unavailable' from command line to 'False'
[0.461s] Level 5:colcon.colcon_core.verb:set package 'ezw' build argument 'cmake_clean_cache' from command line to 'False'
[0.461s] Level 5:colcon.colcon_core.verb:set package 'ezw' build argument 'cmake_clean_first' from command line to 'False'
[0.461s] Level 5:colcon.colcon_core.verb:set package 'ezw' build argument 'cmake_force_configure' from command line to 'False'
[0.461s] Level 5:colcon.colcon_core.verb:set package 'ezw' build argument 'ament_cmake_args' from command line to 'None'
[0.461s] Level 5:colcon.colcon_core.verb:set package 'ezw' build argument 'catkin_cmake_args' from command line to 'None'
[0.461s] Level 5:colcon.colcon_core.verb:set package 'ezw' build argument 'catkin_skip_building_tests' from command line to 'False'
[0.461s] DEBUG:colcon.colcon_core.verb:Building package 'ezw' with the following arguments: {'ament_cmake_args': None, 'build_base': '/home/swd_sk/external-idec-ez-wheel/build/ezw', 'catkin_cmake_args': None, 'catkin_skip_building_tests': False, 'cmake_args': None, 'cmake_clean_cache': False, 'cmake_clean_first': False, 'cmake_force_configure': False, 'cmake_target': None, 'cmake_target_skip_unavailable': False, 'install_base': '/home/swd_sk/external-idec-ez-wheel/install/ezw', 'merge_install': False, 'path': '/home/swd_sk/external-idec-ez-wheel/src/ezw', 'symlink_install': True, 'test_result_base': None}
[0.462s] Level 5:colcon.colcon_core.verb:set package 'swd_ros2_controllers' build argument 'cmake_args' from command line to 'None'
[0.462s] Level 5:colcon.colcon_core.verb:set package 'swd_ros2_controllers' build argument 'cmake_target' from command line to 'None'
[0.462s] Level 5:colcon.colcon_core.verb:set package 'swd_ros2_controllers' build argument 'cmake_target_skip_unavailable' from command line to 'False'
[0.462s] Level 5:colcon.colcon_core.verb:set package 'swd_ros2_controllers' build argument 'cmake_clean_cache' from command line to 'False'
[0.462s] Level 5:colcon.colcon_core.verb:set package 'swd_ros2_controllers' build argument 'cmake_clean_first' from command line to 'False'
[0.462s] Level 5:colcon.colcon_core.verb:set package 'swd_ros2_controllers' build argument 'cmake_force_configure' from command line to 'False'
[0.462s] Level 5:colcon.colcon_core.verb:set package 'swd_ros2_controllers' build argument 'ament_cmake_args' from command line to 'None'
[0.462s] Level 5:colcon.colcon_core.verb:set package 'swd_ros2_controllers' build argument 'catkin_cmake_args' from command line to 'None'
[0.462s] Level 5:colcon.colcon_core.verb:set package 'swd_ros2_controllers' build argument 'catkin_skip_building_tests' from command line to 'False'
[0.462s] DEBUG:colcon.colcon_core.verb:Building package 'swd_ros2_controllers' with the following arguments: {'ament_cmake_args': None, 'build_base': '/home/swd_sk/external-idec-ez-wheel/build/swd_ros2_controllers', 'catkin_cmake_args': None, 'catkin_skip_building_tests': False, 'cmake_args': None, 'cmake_clean_cache': False, 'cmake_clean_first': False, 'cmake_force_configure': False, 'cmake_target': None, 'cmake_target_skip_unavailable': False, 'install_base': '/home/swd_sk/external-idec-ez-wheel/install/swd_ros2_controllers', 'merge_install': False, 'path': '/home/swd_sk/external-idec-ez-wheel/src/swd_ros2_controllers', 'symlink_install': True, 'test_result_base': None}
[0.462s] INFO:colcon.colcon_core.executor:Executing jobs using 'parallel' executor
[0.463s] DEBUG:colcon.colcon_parallel_executor.executor.parallel:run_until_complete
[0.463s] INFO:colcon.colcon_ros.task.ament_python.build:Building ROS package in '/home/swd_sk/external-idec-ez-wheel/src/ezw' with build type 'ament_python'
[0.463s] Level 1:colcon.colcon_core.shell:create_environment_hook('ezw', 'ament_prefix_path')
[0.467s] INFO:colcon.colcon_core.plugin_system:Skipping extension 'colcon_core.shell.bat': Not used on non-Windows systems
[0.467s] INFO:colcon.colcon_core.shell:Creating environment hook '/home/swd_sk/external-idec-ez-wheel/install/ezw/share/ezw/hook/ament_prefix_path.ps1'
[0.468s] INFO:colcon.colcon_core.shell:Creating environment descriptor '/home/swd_sk/external-idec-ez-wheel/install/ezw/share/ezw/hook/ament_prefix_path.dsv'
[0.469s] INFO:colcon.colcon_core.shell:Creating environment hook '/home/swd_sk/external-idec-ez-wheel/install/ezw/share/ezw/hook/ament_prefix_path.sh'
[0.469s] INFO:colcon.colcon_core.shell:Skip shell extension 'powershell' for command environment: Not usable outside of PowerShell
[0.469s] DEBUG:colcon.colcon_core.shell:Skip shell extension 'dsv' for command environment
[0.474s] INFO:colcon.colcon_ros.task.ament_cmake.build:Building ROS package in '/home/swd_sk/external-idec-ez-wheel/src/swd_ros2_controllers' with build type 'ament_cmake'
[0.474s] INFO:colcon.colcon_cmake.task.cmake.build:Building CMake package in '/home/swd_sk/external-idec-ez-wheel/src/swd_ros2_controllers'
[0.474s] INFO:colcon.colcon_core.shell:Skip shell extension 'powershell' for command environment: Not usable outside of PowerShell
[0.474s] DEBUG:colcon.colcon_core.shell:Skip shell extension 'dsv' for command environment
[0.762s] INFO:colcon.colcon_core.task.python.build:Building Python package in '/home/swd_sk/external-idec-ez-wheel/src/ezw'
[0.763s] INFO:colcon.colcon_core.shell:Skip shell extension 'powershell' for command environment: Not usable outside of PowerShell
[0.763s] DEBUG:colcon.colcon_core.shell:Skip shell extension 'dsv' for command environment
[0.770s] DEBUG:colcon.colcon_core.event_handler.log_command:Invoking command in '/home/swd_sk/external-idec-ez-wheel/build/swd_ros2_controllers': CMAKE_PREFIX_PATH=${CMAKE_PREFIX_PATH}:/home/swd_sk/external-idec-ez-wheel/install/ezw:/opt/ros/jazzy DEBUGINFOD_URLS=https://debuginfod.ubuntu.com /usr/bin/cmake --build /home/swd_sk/external-idec-ez-wheel/build/swd_ros2_controllers -- -j16 -l16
[1.740s] DEBUG:colcon.colcon_core.event_handler.log_command:Invoking command in '/home/swd_sk/external-idec-ez-wheel/build/ezw': DEBUGINFOD_URLS=https://debuginfod.ubuntu.com PYTHONPATH=/home/swd_sk/external-idec-ez-wheel/build/ezw/prefix_override:/usr/lib/python3/dist-packages/colcon_core/task/python/colcon_distutils_commands:/home/swd_sk/external-idec-ez-wheel/install/ezw/lib/python3.12/site-packages:${PYTHONPATH} /usr/bin/python3 -W ignore:setup.py install is deprecated -W ignore:easy_install command is deprecated setup.py develop --editable --build-directory /home/swd_sk/external-idec-ez-wheel/build/ezw/build --no-deps symlink_data
[2.521s] Level 1:colcon.colcon_core.shell:create_environment_hook('ezw', 'pythonpath_develop')
[2.521s] INFO:colcon.colcon_core.shell:Creating environment hook '/home/swd_sk/external-idec-ez-wheel/build/ezw/share/ezw/hook/pythonpath_develop.ps1'
[2.522s] INFO:colcon.colcon_core.shell:Creating environment descriptor '/home/swd_sk/external-idec-ez-wheel/build/ezw/share/ezw/hook/pythonpath_develop.dsv'
[2.523s] DEBUG:colcon.colcon_core.event_handler.log_command:Invoked command in '/home/swd_sk/external-idec-ez-wheel/build/ezw' returned '0': DEBUGINFOD_URLS=https://debuginfod.ubuntu.com PYTHONPATH=/home/swd_sk/external-idec-ez-wheel/build/ezw/prefix_override:/usr/lib/python3/dist-packages/colcon_core/task/python/colcon_distutils_commands:/home/swd_sk/external-idec-ez-wheel/install/ezw/lib/python3.12/site-packages:${PYTHONPATH} /usr/bin/python3 -W ignore:setup.py install is deprecated -W ignore:easy_install command is deprecated setup.py develop --editable --build-directory /home/swd_sk/external-idec-ez-wheel/build/ezw/build --no-deps symlink_data
[2.524s] INFO:colcon.colcon_core.shell:Creating environment hook '/home/swd_sk/external-idec-ez-wheel/build/ezw/share/ezw/hook/pythonpath_develop.sh'
[2.529s] Level 1:colcon.colcon_core.environment:checking '/home/swd_sk/external-idec-ez-wheel/install/ezw' for CMake module files
[2.531s] Level 1:colcon.colcon_core.environment:checking '/home/swd_sk/external-idec-ez-wheel/install/ezw' for CMake config files
[2.532s] Level 1:colcon.colcon_core.environment:checking '/home/swd_sk/external-idec-ez-wheel/install/ezw/lib'
[2.533s] Level 1:colcon.colcon_core.environment:checking '/home/swd_sk/external-idec-ez-wheel/install/ezw/bin'
[2.533s] Level 1:colcon.colcon_core.environment:checking '/home/swd_sk/external-idec-ez-wheel/install/ezw/lib/pkgconfig/ezw.pc'
[2.533s] Level 1:colcon.colcon_core.environment:checking '/home/swd_sk/external-idec-ez-wheel/install/ezw/lib/python3.12/site-packages'
[2.533s] Level 1:colcon.colcon_core.shell:create_environment_hook('ezw', 'pythonpath')
[2.534s] INFO:colcon.colcon_core.shell:Creating environment hook '/home/swd_sk/external-idec-ez-wheel/install/ezw/share/ezw/hook/pythonpath.ps1'
[2.535s] INFO:colcon.colcon_core.shell:Creating environment descriptor '/home/swd_sk/external-idec-ez-wheel/install/ezw/share/ezw/hook/pythonpath.dsv'
[2.535s] INFO:colcon.colcon_core.shell:Creating environment hook '/home/swd_sk/external-idec-ez-wheel/install/ezw/share/ezw/hook/pythonpath.sh'
[2.536s] Level 1:colcon.colcon_core.environment:checking '/home/swd_sk/external-idec-ez-wheel/install/ezw/bin'
[2.536s] Level 1:colcon.colcon_core.environment:create_environment_scripts_only(ezw)
[2.536s] INFO:colcon.colcon_core.shell:Creating package script '/home/swd_sk/external-idec-ez-wheel/install/ezw/share/ezw/package.ps1'
[2.537s] INFO:colcon.colcon_core.shell:Creating package descriptor '/home/swd_sk/external-idec-ez-wheel/install/ezw/share/ezw/package.dsv'
[2.538s] INFO:colcon.colcon_core.shell:Creating package script '/home/swd_sk/external-idec-ez-wheel/install/ezw/share/ezw/package.sh'
[2.539s] INFO:colcon.colcon_core.shell:Creating package script '/home/swd_sk/external-idec-ez-wheel/install/ezw/share/ezw/package.bash'
[2.540s] INFO:colcon.colcon_core.shell:Creating package script '/home/swd_sk/external-idec-ez-wheel/install/ezw/share/ezw/package.zsh'
[2.541s] Level 1:colcon.colcon_core.environment:create_file_with_runtime_dependencies(/home/swd_sk/external-idec-ez-wheel/install/ezw/share/colcon-core/packages/ezw)
[20.221s] DEBUG:colcon.colcon_core.event_handler.log_command:Invoked command in '/home/swd_sk/external-idec-ez-wheel/build/swd_ros2_controllers' returned '0': CMAKE_PREFIX_PATH=${CMAKE_PREFIX_PATH}:/home/swd_sk/external-idec-ez-wheel/install/ezw:/opt/ros/jazzy DEBUGINFOD_URLS=https://debuginfod.ubuntu.com /usr/bin/cmake --build /home/swd_sk/external-idec-ez-wheel/build/swd_ros2_controllers -- -j16 -l16
[20.236s] DEBUG:colcon.colcon_core.event_handler.log_command:Invoking command in '/home/swd_sk/external-idec-ez-wheel/build/swd_ros2_controllers': CMAKE_PREFIX_PATH=${CMAKE_PREFIX_PATH}:/home/swd_sk/external-idec-ez-wheel/install/ezw:/opt/ros/jazzy DEBUGINFOD_URLS=https://debuginfod.ubuntu.com /usr/bin/cmake --install /home/swd_sk/external-idec-ez-wheel/build/swd_ros2_controllers
[20.389s] Level 1:colcon.colcon_core.environment:create_environment_scripts_only(swd_ros2_controllers)
[20.390s] Level 1:colcon.colcon_core.environment:checking '/home/swd_sk/external-idec-ez-wheel/install/swd_ros2_controllers' for CMake module files
[20.390s] DEBUG:colcon.colcon_core.event_handler.log_command:Invoked command in '/home/swd_sk/external-idec-ez-wheel/build/swd_ros2_controllers' returned '0': CMAKE_PREFIX_PATH=${CMAKE_PREFIX_PATH}:/home/swd_sk/external-idec-ez-wheel/install/ezw:/opt/ros/jazzy DEBUGINFOD_URLS=https://debuginfod.ubuntu.com /usr/bin/cmake --install /home/swd_sk/external-idec-ez-wheel/build/swd_ros2_controllers
[20.392s] Level 1:colcon.colcon_core.environment:checking '/home/swd_sk/external-idec-ez-wheel/install/swd_ros2_controllers' for CMake config files
[20.394s] Level 1:colcon.colcon_core.shell:create_environment_hook('swd_ros2_controllers', 'cmake_prefix_path')
[20.394s] INFO:colcon.colcon_core.shell:Creating environment hook '/home/swd_sk/external-idec-ez-wheel/install/swd_ros2_controllers/share/swd_ros2_controllers/hook/cmake_prefix_path.ps1'
[20.395s] INFO:colcon.colcon_core.shell:Creating environment descriptor '/home/swd_sk/external-idec-ez-wheel/install/swd_ros2_controllers/share/swd_ros2_controllers/hook/cmake_prefix_path.dsv'
[20.395s] INFO:colcon.colcon_core.shell:Creating environment hook '/home/swd_sk/external-idec-ez-wheel/install/swd_ros2_controllers/share/swd_ros2_controllers/hook/cmake_prefix_path.sh'
[20.396s] Level 1:colcon.colcon_core.environment:checking '/home/swd_sk/external-idec-ez-wheel/install/swd_ros2_controllers/lib'
[20.396s] Level 1:colcon.colcon_core.shell:create_environment_hook('swd_ros2_controllers', 'ld_library_path_lib')
[20.397s] INFO:colcon.colcon_core.shell:Creating environment hook '/home/swd_sk/external-idec-ez-wheel/install/swd_ros2_controllers/share/swd_ros2_controllers/hook/ld_library_path_lib.ps1'
[20.397s] INFO:colcon.colcon_core.shell:Creating environment descriptor '/home/swd_sk/external-idec-ez-wheel/install/swd_ros2_controllers/share/swd_ros2_controllers/hook/ld_library_path_lib.dsv'
[20.397s] INFO:colcon.colcon_core.shell:Creating environment hook '/home/swd_sk/external-idec-ez-wheel/install/swd_ros2_controllers/share/swd_ros2_controllers/hook/ld_library_path_lib.sh'
[20.398s] Level 1:colcon.colcon_core.environment:checking '/home/swd_sk/external-idec-ez-wheel/install/swd_ros2_controllers/bin'
[20.398s] Level 1:colcon.colcon_core.environment:checking '/home/swd_sk/external-idec-ez-wheel/install/swd_ros2_controllers/lib/pkgconfig/swd_ros2_controllers.pc'
[20.398s] Level 1:colcon.colcon_core.environment:checking '/home/swd_sk/external-idec-ez-wheel/install/swd_ros2_controllers/lib/python3.12/site-packages'
[20.398s] Level 1:colcon.colcon_core.shell:create_environment_hook('swd_ros2_controllers', 'pythonpath')
[20.398s] INFO:colcon.colcon_core.shell:Creating environment hook '/home/swd_sk/external-idec-ez-wheel/install/swd_ros2_controllers/share/swd_ros2_controllers/hook/pythonpath.ps1'
[20.399s] INFO:colcon.colcon_core.shell:Creating environment descriptor '/home/swd_sk/external-idec-ez-wheel/install/swd_ros2_controllers/share/swd_ros2_controllers/hook/pythonpath.dsv'
[20.399s] INFO:colcon.colcon_core.shell:Creating environment hook '/home/swd_sk/external-idec-ez-wheel/install/swd_ros2_controllers/share/swd_ros2_controllers/hook/pythonpath.sh'
[20.400s] Level 1:colcon.colcon_core.environment:checking '/home/swd_sk/external-idec-ez-wheel/install/swd_ros2_controllers/bin'
[20.400s] INFO:colcon.colcon_core.shell:Creating package script '/home/swd_sk/external-idec-ez-wheel/install/swd_ros2_controllers/share/swd_ros2_controllers/package.ps1'
[20.401s] INFO:colcon.colcon_core.shell:Creating package descriptor '/home/swd_sk/external-idec-ez-wheel/install/swd_ros2_controllers/share/swd_ros2_controllers/package.dsv'
[20.401s] INFO:colcon.colcon_core.shell:Creating package script '/home/swd_sk/external-idec-ez-wheel/install/swd_ros2_controllers/share/swd_ros2_controllers/package.sh'
[20.402s] INFO:colcon.colcon_core.shell:Creating package script '/home/swd_sk/external-idec-ez-wheel/install/swd_ros2_controllers/share/swd_ros2_controllers/package.bash'
[20.402s] INFO:colcon.colcon_core.shell:Creating package script '/home/swd_sk/external-idec-ez-wheel/install/swd_ros2_controllers/share/swd_ros2_controllers/package.zsh'
[20.403s] Level 1:colcon.colcon_core.environment:create_file_with_runtime_dependencies(/home/swd_sk/external-idec-ez-wheel/install/swd_ros2_controllers/share/colcon-core/packages/swd_ros2_controllers)
[20.403s] Level 1:colcon.colcon_core.environment:create_environment_scripts_only(swd_ros2_controllers)
[20.403s] Level 1:colcon.colcon_core.environment:checking '/home/swd_sk/external-idec-ez-wheel/install/swd_ros2_controllers' for CMake module files
[20.404s] Level 1:colcon.colcon_core.environment:checking '/home/swd_sk/external-idec-ez-wheel/install/swd_ros2_controllers' for CMake config files
[20.405s] Level 1:colcon.colcon_core.shell:create_environment_hook('swd_ros2_controllers', 'cmake_prefix_path')
[20.405s] INFO:colcon.colcon_core.shell:Creating environment hook '/home/swd_sk/external-idec-ez-wheel/install/swd_ros2_controllers/share/swd_ros2_controllers/hook/cmake_prefix_path.ps1'
[20.406s] INFO:colcon.colcon_core.shell:Creating environment descriptor '/home/swd_sk/external-idec-ez-wheel/install/swd_ros2_controllers/share/swd_ros2_controllers/hook/cmake_prefix_path.dsv'
[20.406s] INFO:colcon.colcon_core.shell:Creating environment hook '/home/swd_sk/external-idec-ez-wheel/install/swd_ros2_controllers/share/swd_ros2_controllers/hook/cmake_prefix_path.sh'
[20.407s] Level 1:colcon.colcon_core.environment:checking '/home/swd_sk/external-idec-ez-wheel/install/swd_ros2_controllers/lib'
[20.407s] Level 1:colcon.colcon_core.shell:create_environment_hook('swd_ros2_controllers', 'ld_library_path_lib')
[20.407s] INFO:colcon.colcon_core.shell:Creating environment hook '/home/swd_sk/external-idec-ez-wheel/install/swd_ros2_controllers/share/swd_ros2_controllers/hook/ld_library_path_lib.ps1'
[20.407s] INFO:colcon.colcon_core.shell:Creating environment descriptor '/home/swd_sk/external-idec-ez-wheel/install/swd_ros2_controllers/share/swd_ros2_controllers/hook/ld_library_path_lib.dsv'
[20.408s] INFO:colcon.colcon_core.shell:Creating environment hook '/home/swd_sk/external-idec-ez-wheel/install/swd_ros2_controllers/share/swd_ros2_controllers/hook/ld_library_path_lib.sh'
[20.408s] Level 1:colcon.colcon_core.environment:checking '/home/swd_sk/external-idec-ez-wheel/install/swd_ros2_controllers/bin'
[20.408s] Level 1:colcon.colcon_core.environment:checking '/home/swd_sk/external-idec-ez-wheel/install/swd_ros2_controllers/lib/pkgconfig/swd_ros2_controllers.pc'
[20.408s] Level 1:colcon.colcon_core.environment:checking '/home/swd_sk/external-idec-ez-wheel/install/swd_ros2_controllers/lib/python3.12/site-packages'
[20.408s] Level 1:colcon.colcon_core.shell:create_environment_hook('swd_ros2_controllers', 'pythonpath')
[20.409s] INFO:colcon.colcon_core.shell:Creating environment hook '/home/swd_sk/external-idec-ez-wheel/install/swd_ros2_controllers/share/swd_ros2_controllers/hook/pythonpath.ps1'
[20.409s] INFO:colcon.colcon_core.shell:Creating environment descriptor '/home/swd_sk/external-idec-ez-wheel/install/swd_ros2_controllers/share/swd_ros2_controllers/hook/pythonpath.dsv'
[20.409s] INFO:colcon.colcon_core.shell:Creating environment hook '/home/swd_sk/external-idec-ez-wheel/install/swd_ros2_controllers/share/swd_ros2_controllers/hook/pythonpath.sh'
[20.410s] Level 1:colcon.colcon_core.environment:checking '/home/swd_sk/external-idec-ez-wheel/install/swd_ros2_controllers/bin'
[20.410s] INFO:colcon.colcon_core.shell:Creating package script '/home/swd_sk/external-idec-ez-wheel/install/swd_ros2_controllers/share/swd_ros2_controllers/package.ps1'
[20.410s] INFO:colcon.colcon_core.shell:Creating package descriptor '/home/swd_sk/external-idec-ez-wheel/install/swd_ros2_controllers/share/swd_ros2_controllers/package.dsv'
[20.411s] INFO:colcon.colcon_core.shell:Creating package script '/home/swd_sk/external-idec-ez-wheel/install/swd_ros2_controllers/share/swd_ros2_controllers/package.sh'
[20.411s] INFO:colcon.colcon_core.shell:Creating package script '/home/swd_sk/external-idec-ez-wheel/install/swd_ros2_controllers/share/swd_ros2_controllers/package.bash'
[20.412s] INFO:colcon.colcon_core.shell:Creating package script '/home/swd_sk/external-idec-ez-wheel/install/swd_ros2_controllers/share/swd_ros2_controllers/package.zsh'
[20.412s] Level 1:colcon.colcon_core.environment:create_file_with_runtime_dependencies(/home/swd_sk/external-idec-ez-wheel/install/swd_ros2_controllers/share/colcon-core/packages/swd_ros2_controllers)
[20.413s] DEBUG:colcon.colcon_parallel_executor.executor.parallel:closing loop
[20.413s] DEBUG:colcon.colcon_parallel_executor.executor.parallel:loop closed
[20.413s] DEBUG:colcon.colcon_parallel_executor.executor.parallel:run_until_complete finished with '0'
[20.413s] DEBUG:colcon.colcon_core.event_reactor:joining thread
[20.423s] INFO:colcon.colcon_core.plugin_system:Skipping extension 'colcon_notification.desktop_notification.terminal_notifier': Not used on non-Darwin systems
[20.423s] INFO:colcon.colcon_core.plugin_system:Skipping extension 'colcon_notification.desktop_notification.win32': Not used on non-Windows systems
[20.423s] INFO:colcon.colcon_notification.desktop_notification:Sending desktop notification using 'notify2'
[20.458s] DEBUG:colcon.colcon_core.event_reactor:joined thread
[20.459s] INFO:colcon.colcon_core.shell:Creating prefix script '/home/swd_sk/external-idec-ez-wheel/install/local_setup.ps1'
[20.461s] INFO:colcon.colcon_core.shell:Creating prefix util module '/home/swd_sk/external-idec-ez-wheel/install/_local_setup_util_ps1.py'
[20.464s] INFO:colcon.colcon_core.shell:Creating prefix chain script '/home/swd_sk/external-idec-ez-wheel/install/setup.ps1'
[20.469s] INFO:colcon.colcon_core.shell:Creating prefix script '/home/swd_sk/external-idec-ez-wheel/install/local_setup.sh'
[20.470s] INFO:colcon.colcon_core.shell:Creating prefix util module '/home/swd_sk/external-idec-ez-wheel/install/_local_setup_util_sh.py'
[20.472s] INFO:colcon.colcon_core.shell:Creating prefix chain script '/home/swd_sk/external-idec-ez-wheel/install/setup.sh'
[20.474s] INFO:colcon.colcon_core.shell:Creating prefix script '/home/swd_sk/external-idec-ez-wheel/install/local_setup.bash'
[20.475s] INFO:colcon.colcon_core.shell:Creating prefix chain script '/home/swd_sk/external-idec-ez-wheel/install/setup.bash'
[20.476s] INFO:colcon.colcon_core.shell:Creating prefix script '/home/swd_sk/external-idec-ez-wheel/install/local_setup.zsh'
[20.477s] INFO:colcon.colcon_core.shell:Creating prefix chain script '/home/swd_sk/external-idec-ez-wheel/install/setup.zsh'
