[0.801s] Invoking command in '/home/icr247/external-idec-ez-wheel/build/ezw': DEBUGINFOD_URLS=https://debuginfod.ubuntu.com PYTHONPATH=/home/icr247/external-idec-ez-wheel/build/ezw/prefix_override:/usr/lib/python3/dist-packages/colcon_core/task/python/colcon_distutils_commands:/home/icr247/external-idec-ez-wheel/install/ezw/lib/python3.12/site-packages:${PYTHONPATH} /usr/bin/python3 -W ignore:setup.py install is deprecated -W ignore:easy_install command is deprecated setup.py develop --editable --build-directory /home/icr247/external-idec-ez-wheel/build/ezw/build --no-deps symlink_data
[1.109s] running develop
[1.306s] running egg_info
[1.306s] creating ezw.egg-info
[1.326s] writing ezw.egg-info/PKG-INFO
[1.326s] writing dependency_links to ezw.egg-info/dependency_links.txt
[1.326s] writing entry points to ezw.egg-info/entry_points.txt
[1.326s] writing requirements to ezw.egg-info/requires.txt
[1.326s] writing top-level names to ezw.egg-info/top_level.txt
[1.326s] writing manifest file 'ezw.egg-info/SOURCES.txt'
[1.372s] reading manifest file 'ezw.egg-info/SOURCES.txt'
[1.372s] writing manifest file 'ezw.egg-info/SOURCES.txt'
[1.394s] running build_ext
[1.394s] Creating /home/icr247/external-idec-ez-wheel/install/ezw/lib/python3.12/site-packages/ezw.egg-link (link to .)
[1.395s] Installing diff_drive script to /home/icr247/external-idec-ez-wheel/install/ezw/lib/ezw
[1.395s] Installing follow_ball script to /home/icr247/external-idec-ez-wheel/install/ezw/lib/ezw
[1.396s] Installing object_detector script to /home/icr247/external-idec-ez-wheel/install/ezw/lib/ezw
[1.396s] Installing test script to /home/icr247/external-idec-ez-wheel/install/ezw/lib/ezw
[1.396s] 
[1.396s] Installed /home/icr247/external-idec-ez-wheel/build/ezw
[1.396s] running symlink_data
[1.396s] creating /home/icr247/external-idec-ez-wheel/install/ezw/share/ament_index
[1.396s] creating /home/icr247/external-idec-ez-wheel/install/ezw/share/ament_index/resource_index
[1.396s] creating /home/icr247/external-idec-ez-wheel/install/ezw/share/ament_index/resource_index/packages
[1.396s] symbolically linking /home/icr247/external-idec-ez-wheel/build/ezw/resource/ezw -> /home/icr247/external-idec-ez-wheel/install/ezw/share/ament_index/resource_index/packages
[1.396s] symbolically linking /home/icr247/external-idec-ez-wheel/build/ezw/package.xml -> /home/icr247/external-idec-ez-wheel/install/ezw/share/ezw
[1.397s] creating /home/icr247/external-idec-ez-wheel/install/ezw/share/ezw/launch
[1.397s] symbolically linking /home/icr247/external-idec-ez-wheel/build/ezw/launch/follow_person.launch.py -> /home/icr247/external-idec-ez-wheel/install/ezw/share/ezw/launch
[1.397s] symbolically linking /home/icr247/external-idec-ez-wheel/build/ezw/launch/slam.launch.py -> /home/icr247/external-idec-ez-wheel/install/ezw/share/ezw/launch
[1.469s] Invoked command in '/home/icr247/external-idec-ez-wheel/build/ezw' returned '0': DEBUGINFOD_URLS=https://debuginfod.ubuntu.com PYTHONPATH=/home/icr247/external-idec-ez-wheel/build/ezw/prefix_override:/usr/lib/python3/dist-packages/colcon_core/task/python/colcon_distutils_commands:/home/icr247/external-idec-ez-wheel/install/ezw/lib/python3.12/site-packages:${PYTHONPATH} /usr/bin/python3 -W ignore:setup.py install is deprecated -W ignore:easy_install command is deprecated setup.py develop --editable --build-directory /home/icr247/external-idec-ez-wheel/build/ezw/build --no-deps symlink_data
