[0.228s] Invoking command in '/home/icr247/external-idec-ez-wheel/build/swd_ros2_controllers': CMAKE_PREFIX_PATH=${CMAKE_PREFIX_PATH}:/home/icr247/external-idec-ez-wheel/install/ezw:/opt/ros/jazzy DEBUGINFOD_URLS=https://debuginfod.ubuntu.com /usr/bin/cmake --build /home/icr247/external-idec-ez-wheel/build/swd_ros2_controllers -- -j16 -l16
[0.333s] [  2%] Built target swd_ros2_controllers__rosidl_generator_type_description
[0.343s] [  2%] Built target ament_cmake_python_symlink_swd_ros2_controllers
[0.362s] [  5%] Built target swd_ros2_controllers__cpp
[0.370s] [ 18%] Built target swd_ros2_controllers__rosidl_generator_c
[0.406s] [ 26%] Built target swd_ros2_controllers__rosidl_typesupport_c
[0.406s] [ 34%] Built target swd_ros2_controllers__rosidl_typesupport_introspection_c
[0.409s] [ 42%] Built target swd_ros2_controllers__rosidl_typesupport_fastrtps_c
[0.409s] [ 50%] Built target swd_ros2_controllers__rosidl_typesupport_cpp
[0.410s] [ 63%] Built target swd_ros2_controllers__rosidl_typesupport_introspection_cpp
[0.410s] [ 65%] Built target swd_ros2_controllers__rosidl_typesupport_fastrtps_cpp
[0.440s] [ 65%] Built target swd_ros2_controllers
[0.471s] [ 68%] Built target swd_ros2_controllers__py
[0.508s] [ 84%] Built target swd_ros2_controllers__rosidl_generator_py
[0.509s] [ 84%] Built target swd_diff_drive_controller
[0.543s] [ 94%] Built target swd_ros2_controllers_s__rosidl_typesupport_c
[0.543s] [ 94%] Built target swd_ros2_controllers_s__rosidl_typesupport_fastrtps_c
[0.546s] [100%] Built target swd_ros2_controllers_s__rosidl_typesupport_introspection_c
[0.589s] running egg_info
[0.609s] writing swd_ros2_controllers.egg-info/PKG-INFO
[0.610s] writing dependency_links to swd_ros2_controllers.egg-info/dependency_links.txt
[0.610s] writing top-level names to swd_ros2_controllers.egg-info/top_level.txt
[0.671s] reading manifest file 'swd_ros2_controllers.egg-info/SOURCES.txt'
[0.672s] writing manifest file 'swd_ros2_controllers.egg-info/SOURCES.txt'
[0.721s] [100%] Built target ament_cmake_python_build_swd_ros2_controllers_egg
[0.739s] Invoked command in '/home/icr247/external-idec-ez-wheel/build/swd_ros2_controllers' returned '0': CMAKE_PREFIX_PATH=${CMAKE_PREFIX_PATH}:/home/icr247/external-idec-ez-wheel/install/ezw:/opt/ros/jazzy DEBUGINFOD_URLS=https://debuginfod.ubuntu.com /usr/bin/cmake --build /home/icr247/external-idec-ez-wheel/build/swd_ros2_controllers -- -j16 -l16
[0.752s] Invoking command in '/home/icr247/external-idec-ez-wheel/build/swd_ros2_controllers': CMAKE_PREFIX_PATH=${CMAKE_PREFIX_PATH}:/home/icr247/external-idec-ez-wheel/install/ezw:/opt/ros/jazzy DEBUGINFOD_URLS=https://debuginfod.ubuntu.com /usr/bin/cmake --install /home/icr247/external-idec-ez-wheel/build/swd_ros2_controllers
[0.762s] -- Install configuration: ""
[0.763s] -- Execute custom install script
[0.763s] -- Up-to-date symlink: /home/icr247/external-idec-ez-wheel/install/swd_ros2_controllers/share/ament_index/resource_index/rosidl_interfaces/swd_ros2_controllers
[0.764s] -- Up-to-date symlink: /home/icr247/external-idec-ez-wheel/install/swd_ros2_controllers/share/swd_ros2_controllers/msg/SafetyFunctions.json
[0.764s] -- Up-to-date symlink: /home/icr247/external-idec-ez-wheel/install/swd_ros2_controllers/include/swd_ros2_controllers/swd_ros2_controllers/msg/detail/safety_functions__functions.h
[0.765s] -- Up-to-date symlink: /home/icr247/external-idec-ez-wheel/install/swd_ros2_controllers/include/swd_ros2_controllers/swd_ros2_controllers/msg/detail/safety_functions__struct.h
[0.765s] -- Up-to-date symlink: /home/icr247/external-idec-ez-wheel/install/swd_ros2_controllers/include/swd_ros2_controllers/swd_ros2_controllers/msg/detail/safety_functions__type_support.h
[0.765s] -- Up-to-date symlink: /home/icr247/external-idec-ez-wheel/install/swd_ros2_controllers/include/swd_ros2_controllers/swd_ros2_controllers/msg/rosidl_generator_c__visibility_control.h
[0.765s] -- Up-to-date symlink: /home/icr247/external-idec-ez-wheel/install/swd_ros2_controllers/include/swd_ros2_controllers/swd_ros2_controllers/msg/safety_functions.h
[0.765s] -- Up-to-date symlink: /home/icr247/external-idec-ez-wheel/install/swd_ros2_controllers/share/swd_ros2_controllers/environment/library_path.sh
[0.765s] -- Up-to-date symlink: /home/icr247/external-idec-ez-wheel/install/swd_ros2_controllers/share/swd_ros2_controllers/environment/library_path.dsv
[0.766s] -- Up-to-date symlink: /home/icr247/external-idec-ez-wheel/install/swd_ros2_controllers/include/swd_ros2_controllers/swd_ros2_controllers/msg/detail/safety_functions__rosidl_typesupport_fastrtps_c.h
[0.766s] -- Up-to-date symlink: /home/icr247/external-idec-ez-wheel/install/swd_ros2_controllers/include/swd_ros2_controllers/swd_ros2_controllers/msg/rosidl_typesupport_fastrtps_c__visibility_control.h
[0.766s] -- Up-to-date symlink: /home/icr247/external-idec-ez-wheel/install/swd_ros2_controllers/include/swd_ros2_controllers/swd_ros2_controllers/msg/detail/safety_functions__builder.hpp
[0.766s] -- Up-to-date symlink: /home/icr247/external-idec-ez-wheel/install/swd_ros2_controllers/include/swd_ros2_controllers/swd_ros2_controllers/msg/detail/safety_functions__struct.hpp
[0.766s] -- Up-to-date symlink: /home/icr247/external-idec-ez-wheel/install/swd_ros2_controllers/include/swd_ros2_controllers/swd_ros2_controllers/msg/detail/safety_functions__traits.hpp
[0.766s] -- Up-to-date symlink: /home/icr247/external-idec-ez-wheel/install/swd_ros2_controllers/include/swd_ros2_controllers/swd_ros2_controllers/msg/detail/safety_functions__type_support.hpp
[0.767s] -- Up-to-date symlink: /home/icr247/external-idec-ez-wheel/install/swd_ros2_controllers/include/swd_ros2_controllers/swd_ros2_controllers/msg/rosidl_generator_cpp__visibility_control.hpp
[0.767s] -- Up-to-date symlink: /home/icr247/external-idec-ez-wheel/install/swd_ros2_controllers/include/swd_ros2_controllers/swd_ros2_controllers/msg/safety_functions.hpp
[0.767s] -- Up-to-date symlink: /home/icr247/external-idec-ez-wheel/install/swd_ros2_controllers/include/swd_ros2_controllers/swd_ros2_controllers/msg/detail/safety_functions__rosidl_typesupport_fastrtps_cpp.hpp
[0.767s] -- Up-to-date symlink: /home/icr247/external-idec-ez-wheel/install/swd_ros2_controllers/include/swd_ros2_controllers/swd_ros2_controllers/msg/rosidl_typesupport_fastrtps_cpp__visibility_control.h
[0.767s] -- Up-to-date symlink: /home/icr247/external-idec-ez-wheel/install/swd_ros2_controllers/include/swd_ros2_controllers/swd_ros2_controllers/msg/detail/safety_functions__rosidl_typesupport_introspection_c.h
[0.767s] -- Up-to-date symlink: /home/icr247/external-idec-ez-wheel/install/swd_ros2_controllers/include/swd_ros2_controllers/swd_ros2_controllers/msg/rosidl_typesupport_introspection_c__visibility_control.h
[0.768s] -- Up-to-date symlink: /home/icr247/external-idec-ez-wheel/install/swd_ros2_controllers/include/swd_ros2_controllers/swd_ros2_controllers/msg/detail/safety_functions__rosidl_typesupport_introspection_cpp.hpp
[0.768s] -- Up-to-date symlink: /home/icr247/external-idec-ez-wheel/install/swd_ros2_controllers/share/swd_ros2_controllers/environment/pythonpath.sh
[0.768s] -- Up-to-date symlink: /home/icr247/external-idec-ez-wheel/install/swd_ros2_controllers/share/swd_ros2_controllers/environment/pythonpath.dsv
[0.769s] -- Up-to-date symlink: /home/icr247/external-idec-ez-wheel/install/swd_ros2_controllers/lib/python3.12/site-packages/swd_ros2_controllers-2.1.0-py3.12.egg-info/PKG-INFO
[0.769s] -- Up-to-date symlink: /home/icr247/external-idec-ez-wheel/install/swd_ros2_controllers/lib/python3.12/site-packages/swd_ros2_controllers-2.1.0-py3.12.egg-info/SOURCES.txt
[0.769s] -- Up-to-date symlink: /home/icr247/external-idec-ez-wheel/install/swd_ros2_controllers/lib/python3.12/site-packages/swd_ros2_controllers-2.1.0-py3.12.egg-info/dependency_links.txt
[0.769s] -- Up-to-date symlink: /home/icr247/external-idec-ez-wheel/install/swd_ros2_controllers/lib/python3.12/site-packages/swd_ros2_controllers-2.1.0-py3.12.egg-info/top_level.txt
[0.769s] -- Up-to-date symlink: /home/icr247/external-idec-ez-wheel/install/swd_ros2_controllers/lib/python3.12/site-packages/swd_ros2_controllers/__init__.py
[0.770s] -- Up-to-date symlink: /home/icr247/external-idec-ez-wheel/install/swd_ros2_controllers/lib/python3.12/site-packages/swd_ros2_controllers/_swd_ros2_controllers_s.ep.rosidl_typesupport_c.c
[0.770s] -- Up-to-date symlink: /home/icr247/external-idec-ez-wheel/install/swd_ros2_controllers/lib/python3.12/site-packages/swd_ros2_controllers/_swd_ros2_controllers_s.ep.rosidl_typesupport_fastrtps_c.c
[0.770s] -- Up-to-date symlink: /home/icr247/external-idec-ez-wheel/install/swd_ros2_controllers/lib/python3.12/site-packages/swd_ros2_controllers/_swd_ros2_controllers_s.ep.rosidl_typesupport_introspection_c.c
[0.770s] -- Up-to-date symlink: /home/icr247/external-idec-ez-wheel/install/swd_ros2_controllers/lib/python3.12/site-packages/swd_ros2_controllers/msg/__init__.py
[0.770s] -- Up-to-date symlink: /home/icr247/external-idec-ez-wheel/install/swd_ros2_controllers/lib/python3.12/site-packages/swd_ros2_controllers/msg/_safety_functions.py
[0.770s] -- Up-to-date symlink: /home/icr247/external-idec-ez-wheel/install/swd_ros2_controllers/lib/python3.12/site-packages/swd_ros2_controllers/msg/_safety_functions_s.c
[0.770s] -- Up-to-date symlink: /home/icr247/external-idec-ez-wheel/install/swd_ros2_controllers/lib/python3.12/site-packages/swd_ros2_controllers/swd_ros2_controllers_s__rosidl_typesupport_c.so
[0.770s] -- Up-to-date symlink: /home/icr247/external-idec-ez-wheel/install/swd_ros2_controllers/lib/python3.12/site-packages/swd_ros2_controllers/swd_ros2_controllers_s__rosidl_typesupport_fastrtps_c.so
[0.771s] -- Up-to-date symlink: /home/icr247/external-idec-ez-wheel/install/swd_ros2_controllers/lib/python3.12/site-packages/swd_ros2_controllers/swd_ros2_controllers_s__rosidl_typesupport_introspection_c.so
[0.771s] -- Up-to-date symlink: /home/icr247/external-idec-ez-wheel/install/swd_ros2_controllers/lib/python3.12/site-packages/swd_ros2_controllers/swd_ros2_controllers_s__rosidl_typesupport_fastrtps_c.so
[0.771s] -- Up-to-date symlink: /home/icr247/external-idec-ez-wheel/install/swd_ros2_controllers/lib/python3.12/site-packages/swd_ros2_controllers/swd_ros2_controllers_s__rosidl_typesupport_introspection_c.so
[0.772s] -- Up-to-date symlink: /home/icr247/external-idec-ez-wheel/install/swd_ros2_controllers/lib/python3.12/site-packages/swd_ros2_controllers/swd_ros2_controllers_s__rosidl_typesupport_c.so
[0.772s] -- Up-to-date symlink: /home/icr247/external-idec-ez-wheel/install/swd_ros2_controllers/share/swd_ros2_controllers/msg/SafetyFunctions.idl
[0.772s] -- Up-to-date symlink: /home/icr247/external-idec-ez-wheel/install/swd_ros2_controllers/share/swd_ros2_controllers/msg/SafetyFunctions.msg
[0.772s] -- Up-to-date symlink: /home/icr247/external-idec-ez-wheel/install/swd_ros2_controllers/lib/swd_ros2_controllers/swd_diff_drive_controller
[0.773s] -- Up-to-date symlink: /home/icr247/external-idec-ez-wheel/install/swd_ros2_controllers/share/swd_ros2_controllers/launch/swd_diff_drive_controller.launch.py
[0.773s] -- Up-to-date symlink: /home/icr247/external-idec-ez-wheel/install/swd_ros2_controllers/share/ament_index/resource_index/package_run_dependencies/swd_ros2_controllers
[0.773s] -- Up-to-date symlink: /home/icr247/external-idec-ez-wheel/install/swd_ros2_controllers/share/ament_index/resource_index/parent_prefix_path/swd_ros2_controllers
[0.773s] -- Up-to-date symlink: /home/icr247/external-idec-ez-wheel/install/swd_ros2_controllers/share/swd_ros2_controllers/environment/ament_prefix_path.sh
[0.773s] -- Up-to-date symlink: /home/icr247/external-idec-ez-wheel/install/swd_ros2_controllers/share/swd_ros2_controllers/environment/ament_prefix_path.dsv
[0.773s] -- Up-to-date symlink: /home/icr247/external-idec-ez-wheel/install/swd_ros2_controllers/share/swd_ros2_controllers/environment/path.sh
[0.773s] -- Up-to-date symlink: /home/icr247/external-idec-ez-wheel/install/swd_ros2_controllers/share/swd_ros2_controllers/environment/path.dsv
[0.774s] -- Up-to-date symlink: /home/icr247/external-idec-ez-wheel/install/swd_ros2_controllers/share/swd_ros2_controllers/local_setup.bash
[0.774s] -- Up-to-date symlink: /home/icr247/external-idec-ez-wheel/install/swd_ros2_controllers/share/swd_ros2_controllers/local_setup.sh
[0.774s] -- Up-to-date symlink: /home/icr247/external-idec-ez-wheel/install/swd_ros2_controllers/share/swd_ros2_controllers/local_setup.zsh
[0.774s] -- Up-to-date symlink: /home/icr247/external-idec-ez-wheel/install/swd_ros2_controllers/share/swd_ros2_controllers/local_setup.dsv
[0.774s] -- Symlinking: /home/icr247/external-idec-ez-wheel/install/swd_ros2_controllers/share/swd_ros2_controllers/package.dsv
[0.786s] -- Up-to-date symlink: /home/icr247/external-idec-ez-wheel/install/swd_ros2_controllers/share/ament_index/resource_index/packages/swd_ros2_controllers
[0.787s] -- Up-to-date symlink: /home/icr247/external-idec-ez-wheel/install/swd_ros2_controllers/share/swd_ros2_controllers/cmake/rosidl_cmake-extras.cmake
[0.787s] -- Up-to-date symlink: /home/icr247/external-idec-ez-wheel/install/swd_ros2_controllers/share/swd_ros2_controllers/cmake/ament_cmake_export_dependencies-extras.cmake
[0.787s] -- Up-to-date symlink: /home/icr247/external-idec-ez-wheel/install/swd_ros2_controllers/share/swd_ros2_controllers/cmake/ament_cmake_export_include_directories-extras.cmake
[0.787s] -- Up-to-date symlink: /home/icr247/external-idec-ez-wheel/install/swd_ros2_controllers/share/swd_ros2_controllers/cmake/ament_cmake_export_libraries-extras.cmake
[0.788s] -- Up-to-date symlink: /home/icr247/external-idec-ez-wheel/install/swd_ros2_controllers/share/swd_ros2_controllers/cmake/ament_cmake_export_targets-extras.cmake
[0.788s] -- Up-to-date symlink: /home/icr247/external-idec-ez-wheel/install/swd_ros2_controllers/share/swd_ros2_controllers/cmake/rosidl_cmake_export_typesupport_targets-extras.cmake
[0.788s] -- Up-to-date symlink: /home/icr247/external-idec-ez-wheel/install/swd_ros2_controllers/share/swd_ros2_controllers/cmake/rosidl_cmake_export_typesupport_libraries-extras.cmake
[0.788s] -- Up-to-date symlink: /home/icr247/external-idec-ez-wheel/install/swd_ros2_controllers/share/swd_ros2_controllers/cmake/swd_ros2_controllersConfig.cmake
[0.789s] -- Up-to-date symlink: /home/icr247/external-idec-ez-wheel/install/swd_ros2_controllers/share/swd_ros2_controllers/cmake/swd_ros2_controllersConfig-version.cmake
[0.789s] -- Up-to-date symlink: /home/icr247/external-idec-ez-wheel/install/swd_ros2_controllers/share/swd_ros2_controllers/package.xml
[0.789s] -- Up-to-date: /home/icr247/external-idec-ez-wheel/install/swd_ros2_controllers/lib/libswd_ros2_controllers__rosidl_generator_c.so
[0.789s] -- Up-to-date: /home/icr247/external-idec-ez-wheel/install/swd_ros2_controllers/lib/libswd_ros2_controllers__rosidl_typesupport_fastrtps_c.so
[0.790s] -- Up-to-date: /home/icr247/external-idec-ez-wheel/install/swd_ros2_controllers/lib/libswd_ros2_controllers__rosidl_typesupport_fastrtps_cpp.so
[0.790s] -- Up-to-date: /home/icr247/external-idec-ez-wheel/install/swd_ros2_controllers/lib/libswd_ros2_controllers__rosidl_typesupport_introspection_c.so
[0.791s] -- Up-to-date: /home/icr247/external-idec-ez-wheel/install/swd_ros2_controllers/lib/libswd_ros2_controllers__rosidl_typesupport_c.so
[0.792s] -- Up-to-date: /home/icr247/external-idec-ez-wheel/install/swd_ros2_controllers/lib/libswd_ros2_controllers__rosidl_typesupport_introspection_cpp.so
[0.792s] -- Up-to-date: /home/icr247/external-idec-ez-wheel/install/swd_ros2_controllers/lib/libswd_ros2_controllers__rosidl_typesupport_cpp.so
[0.832s] Listing '/home/icr247/external-idec-ez-wheel/install/swd_ros2_controllers/lib/python3.12/site-packages/swd_ros2_controllers'...
[0.833s] Listing '/home/icr247/external-idec-ez-wheel/install/swd_ros2_controllers/lib/python3.12/site-packages/swd_ros2_controllers/msg'...
[0.839s] -- Up-to-date: /home/icr247/external-idec-ez-wheel/install/swd_ros2_controllers/lib/libswd_ros2_controllers__rosidl_generator_py.so
[0.840s] -- Up-to-date: /home/icr247/external-idec-ez-wheel/install/swd_ros2_controllers/share/swd_ros2_controllers/cmake/export_swd_ros2_controllers__rosidl_generator_cExport.cmake
[0.840s] -- Up-to-date: /home/icr247/external-idec-ez-wheel/install/swd_ros2_controllers/share/swd_ros2_controllers/cmake/export_swd_ros2_controllers__rosidl_generator_cExport-noconfig.cmake
[0.840s] -- Up-to-date: /home/icr247/external-idec-ez-wheel/install/swd_ros2_controllers/share/swd_ros2_controllers/cmake/export_swd_ros2_controllers__rosidl_typesupport_fastrtps_cExport.cmake
[0.841s] -- Up-to-date: /home/icr247/external-idec-ez-wheel/install/swd_ros2_controllers/share/swd_ros2_controllers/cmake/export_swd_ros2_controllers__rosidl_typesupport_fastrtps_cExport-noconfig.cmake
[0.841s] -- Up-to-date: /home/icr247/external-idec-ez-wheel/install/swd_ros2_controllers/share/swd_ros2_controllers/cmake/export_swd_ros2_controllers__rosidl_generator_cppExport.cmake
[0.841s] -- Up-to-date: /home/icr247/external-idec-ez-wheel/install/swd_ros2_controllers/share/swd_ros2_controllers/cmake/export_swd_ros2_controllers__rosidl_typesupport_fastrtps_cppExport.cmake
[0.841s] -- Up-to-date: /home/icr247/external-idec-ez-wheel/install/swd_ros2_controllers/share/swd_ros2_controllers/cmake/export_swd_ros2_controllers__rosidl_typesupport_fastrtps_cppExport-noconfig.cmake
[0.842s] -- Up-to-date: /home/icr247/external-idec-ez-wheel/install/swd_ros2_controllers/share/swd_ros2_controllers/cmake/swd_ros2_controllers__rosidl_typesupport_introspection_cExport.cmake
[0.842s] -- Up-to-date: /home/icr247/external-idec-ez-wheel/install/swd_ros2_controllers/share/swd_ros2_controllers/cmake/swd_ros2_controllers__rosidl_typesupport_introspection_cExport-noconfig.cmake
[0.842s] -- Up-to-date: /home/icr247/external-idec-ez-wheel/install/swd_ros2_controllers/share/swd_ros2_controllers/cmake/swd_ros2_controllers__rosidl_typesupport_cExport.cmake
[0.842s] -- Up-to-date: /home/icr247/external-idec-ez-wheel/install/swd_ros2_controllers/share/swd_ros2_controllers/cmake/swd_ros2_controllers__rosidl_typesupport_cExport-noconfig.cmake
[0.842s] -- Up-to-date: /home/icr247/external-idec-ez-wheel/install/swd_ros2_controllers/share/swd_ros2_controllers/cmake/swd_ros2_controllers__rosidl_typesupport_introspection_cppExport.cmake
[0.842s] -- Up-to-date: /home/icr247/external-idec-ez-wheel/install/swd_ros2_controllers/share/swd_ros2_controllers/cmake/swd_ros2_controllers__rosidl_typesupport_introspection_cppExport-noconfig.cmake
[0.842s] -- Up-to-date: /home/icr247/external-idec-ez-wheel/install/swd_ros2_controllers/share/swd_ros2_controllers/cmake/swd_ros2_controllers__rosidl_typesupport_cppExport.cmake
[0.842s] -- Up-to-date: /home/icr247/external-idec-ez-wheel/install/swd_ros2_controllers/share/swd_ros2_controllers/cmake/swd_ros2_controllers__rosidl_typesupport_cppExport-noconfig.cmake
[0.843s] -- Up-to-date: /home/icr247/external-idec-ez-wheel/install/swd_ros2_controllers/share/swd_ros2_controllers/cmake/export_swd_ros2_controllers__rosidl_generator_pyExport.cmake
[0.843s] -- Up-to-date: /home/icr247/external-idec-ez-wheel/install/swd_ros2_controllers/share/swd_ros2_controllers/cmake/export_swd_ros2_controllers__rosidl_generator_pyExport-noconfig.cmake
[0.846s] Invoked command in '/home/icr247/external-idec-ez-wheel/build/swd_ros2_controllers' returned '0': CMAKE_PREFIX_PATH=${CMAKE_PREFIX_PATH}:/home/icr247/external-idec-ez-wheel/install/ezw:/opt/ros/jazzy DEBUGINFOD_URLS=https://debuginfod.ubuntu.com /usr/bin/cmake --install /home/icr247/external-idec-ez-wheel/build/swd_ros2_controllers
