[0.738s] Invoking command in '/home/icr247/ros2_ws/build/ezw': DEBUGINFOD_URLS=https://debuginfod.ubuntu.com PYTHONPATH=/home/icr247/ros2_ws/build/ezw/prefix_override:/usr/lib/python3/dist-packages/colcon_core/task/python/colcon_distutils_commands:/home/icr247/ros2_ws/install/ezw/lib/python3.12/site-packages:${PYTHONPATH} /usr/bin/python3 -W ignore:setup.py install is deprecated -W ignore:easy_install command is deprecated setup.py develop --editable --build-directory /home/icr247/ros2_ws/build/ezw/build --no-deps symlink_data
[1.016s] running develop
[1.197s] running egg_info
[1.197s] creating ezw.egg-info
[1.214s] writing ezw.egg-info/PKG-INFO
[1.214s] writing dependency_links to ezw.egg-info/dependency_links.txt
[1.215s] writing requirements to ezw.egg-info/requires.txt
[1.215s] writing top-level names to ezw.egg-info/top_level.txt
[1.215s] writing manifest file 'ezw.egg-info/SOURCES.txt'
[1.250s] reading manifest file 'ezw.egg-info/SOURCES.txt'
[1.250s] writing manifest file 'ezw.egg-info/SOURCES.txt'
[1.269s] running build_ext
[1.269s] Creating /home/icr247/ros2_ws/install/ezw/lib/python3.12/site-packages/ezw.egg-link (link to .)
[1.269s] 
[1.269s] Installed /home/icr247/ros2_ws/build/ezw
[1.269s] running symlink_data
[1.270s] creating /home/icr247/ros2_ws/install/ezw/share/ament_index
[1.270s] creating /home/icr247/ros2_ws/install/ezw/share/ament_index/resource_index
[1.270s] creating /home/icr247/ros2_ws/install/ezw/share/ament_index/resource_index/packages
[1.270s] symbolically linking /home/icr247/ros2_ws/build/ezw/resource/ezw -> /home/icr247/ros2_ws/install/ezw/share/ament_index/resource_index/packages
[1.270s] symbolically linking /home/icr247/ros2_ws/build/ezw/package.xml -> /home/icr247/ros2_ws/install/ezw/share/ezw
[1.314s] Invoked command in '/home/icr247/ros2_ws/build/ezw' returned '0': DEBUGINFOD_URLS=https://debuginfod.ubuntu.com PYTHONPATH=/home/icr247/ros2_ws/build/ezw/prefix_override:/usr/lib/python3/dist-packages/colcon_core/task/python/colcon_distutils_commands:/home/icr247/ros2_ws/install/ezw/lib/python3.12/site-packages:${PYTHONPATH} /usr/bin/python3 -W ignore:setup.py install is deprecated -W ignore:easy_install command is deprecated setup.py develop --editable --build-directory /home/icr247/ros2_ws/build/ezw/build --no-deps symlink_data
