[0.092s] DEBUG:colcon:Command line arguments: ['/usr/bin/colcon', 'build', '--symlink-install']
[0.092s] DEBUG:colcon:Parsed command line arguments: Namespace(log_base=None, log_level=None, verb_name='build', build_base='build', install_base='install', merge_install=False, symlink_install=True, test_result_base=None, continue_on_error=False, executor='parallel', parallel_workers=16, event_handlers=None, ignore_user_meta=False, metas=['./colcon.meta'], base_paths=['.'], packages_ignore=None, packages_ignore_regex=None, paths=None, packages_up_to=None, packages_up_to_regex=None, packages_above=None, packages_above_and_dependencies=None, packages_above_depth=None, packages_select_by_dep=None, packages_skip_by_dep=None, packages_skip_up_to=None, packages_select_build_failed=False, packages_skip_build_finished=False, packages_select_test_failures=False, packages_skip_test_passed=False, packages_select=None, packages_skip=None, packages_select_regex=None, packages_skip_regex=None, packages_start=None, packages_end=None, allow_overriding=[], cmake_args=None, cmake_target=None, cmake_target_skip_unavailable=False, cmake_clean_cache=False, cmake_clean_first=False, cmake_force_configure=False, ament_cmake_args=None, catkin_cmake_args=None, catkin_skip_building_tests=False, mixin_files=None, mixin=None, verb_parser=<colcon_mixin.mixin.mixin_argument.MixinArgumentDecorator object at 0x73ca15086750>, verb_extension=<colcon_core.verb.build.BuildVerb object at 0x73ca15005f40>, main=<bound method BuildVerb.main of <colcon_core.verb.build.BuildVerb object at 0x73ca15005f40>>, mixin_verb=('build',))
[0.127s] Level 1:colcon.colcon_core.package_discovery:discover_packages(colcon_meta) check parameters
[0.127s] Level 1:colcon.colcon_core.package_discovery:discover_packages(recursive) check parameters
[0.127s] Level 1:colcon.colcon_core.package_discovery:discover_packages(ignore) check parameters
[0.127s] Level 1:colcon.colcon_core.package_discovery:discover_packages(path) check parameters
[0.127s] Level 1:colcon.colcon_core.package_discovery:discover_packages(colcon_meta) discover
[0.127s] Level 1:colcon.colcon_core.package_discovery:discover_packages(recursive) discover
[0.127s] INFO:colcon.colcon_core.package_discovery:Crawling recursively for packages in '/home/icr247/external-idec-ez-wheel'
[0.127s] Level 1:colcon.colcon_core.package_identification:_identify(.) by extensions ['ignore', 'ignore_ament_install']
[0.127s] Level 1:colcon.colcon_core.package_identification:_identify(.) by extension 'ignore'
[0.127s] Level 1:colcon.colcon_core.package_identification:_identify(.) by extension 'ignore_ament_install'
[0.127s] Level 1:colcon.colcon_core.package_identification:_identify(.) by extensions ['colcon_pkg']
[0.127s] Level 1:colcon.colcon_core.package_identification:_identify(.) by extension 'colcon_pkg'
[0.127s] Level 1:colcon.colcon_core.package_identification:_identify(.) by extensions ['colcon_meta']
[0.127s] Level 1:colcon.colcon_core.package_identification:_identify(.) by extension 'colcon_meta'
[0.128s] Level 1:colcon.colcon_core.package_identification:_identify(.) by extensions ['ros']
[0.128s] Level 1:colcon.colcon_core.package_identification:_identify(.) by extension 'ros'
[0.151s] Level 1:colcon.colcon_core.package_identification:_identify(.) by extensions ['cmake', 'python']
[0.151s] Level 1:colcon.colcon_core.package_identification:_identify(.) by extension 'cmake'
[0.151s] Level 1:colcon.colcon_core.package_identification:_identify(.) by extension 'python'
[0.152s] Level 1:colcon.colcon_core.package_identification:_identify(.) by extensions ['python_setup_py']
[0.152s] Level 1:colcon.colcon_core.package_identification:_identify(.) by extension 'python_setup_py'
[0.152s] Level 1:colcon.colcon_core.package_identification:_identify(__pycache__) by extensions ['ignore', 'ignore_ament_install']
[0.152s] Level 1:colcon.colcon_core.package_identification:_identify(__pycache__) by extension 'ignore'
[0.152s] Level 1:colcon.colcon_core.package_identification:_identify(__pycache__) by extension 'ignore_ament_install'
[0.152s] Level 1:colcon.colcon_core.package_identification:_identify(__pycache__) by extensions ['colcon_pkg']
[0.152s] Level 1:colcon.colcon_core.package_identification:_identify(__pycache__) by extension 'colcon_pkg'
[0.152s] Level 1:colcon.colcon_core.package_identification:_identify(__pycache__) by extensions ['colcon_meta']
[0.152s] Level 1:colcon.colcon_core.package_identification:_identify(__pycache__) by extension 'colcon_meta'
[0.152s] Level 1:colcon.colcon_core.package_identification:_identify(__pycache__) by extensions ['ros']
[0.152s] Level 1:colcon.colcon_core.package_identification:_identify(__pycache__) by extension 'ros'
[0.152s] Level 1:colcon.colcon_core.package_identification:_identify(__pycache__) by extensions ['cmake', 'python']
[0.152s] Level 1:colcon.colcon_core.package_identification:_identify(__pycache__) by extension 'cmake'
[0.152s] Level 1:colcon.colcon_core.package_identification:_identify(__pycache__) by extension 'python'
[0.152s] Level 1:colcon.colcon_core.package_identification:_identify(__pycache__) by extensions ['python_setup_py']
[0.152s] Level 1:colcon.colcon_core.package_identification:_identify(__pycache__) by extension 'python_setup_py'
[0.152s] Level 1:colcon.colcon_core.package_identification:_identify(build) by extensions ['ignore', 'ignore_ament_install']
[0.152s] Level 1:colcon.colcon_core.package_identification:_identify(build) by extension 'ignore'
[0.152s] Level 1:colcon.colcon_core.package_identification:_identify(build) ignored
[0.152s] Level 1:colcon.colcon_core.package_identification:_identify(install) by extensions ['ignore', 'ignore_ament_install']
[0.152s] Level 1:colcon.colcon_core.package_identification:_identify(install) by extension 'ignore'
[0.152s] Level 1:colcon.colcon_core.package_identification:_identify(install) ignored
[0.152s] Level 1:colcon.colcon_core.package_identification:_identify(log) by extensions ['ignore', 'ignore_ament_install']
[0.153s] Level 1:colcon.colcon_core.package_identification:_identify(log) by extension 'ignore'
[0.153s] Level 1:colcon.colcon_core.package_identification:_identify(log) ignored
[0.153s] Level 1:colcon.colcon_core.package_identification:_identify(src) by extensions ['ignore', 'ignore_ament_install']
[0.153s] Level 1:colcon.colcon_core.package_identification:_identify(src) by extension 'ignore'
[0.153s] Level 1:colcon.colcon_core.package_identification:_identify(src) by extension 'ignore_ament_install'
[0.153s] Level 1:colcon.colcon_core.package_identification:_identify(src) by extensions ['colcon_pkg']
[0.153s] Level 1:colcon.colcon_core.package_identification:_identify(src) by extension 'colcon_pkg'
[0.153s] Level 1:colcon.colcon_core.package_identification:_identify(src) by extensions ['colcon_meta']
[0.153s] Level 1:colcon.colcon_core.package_identification:_identify(src) by extension 'colcon_meta'
[0.153s] Level 1:colcon.colcon_core.package_identification:_identify(src) by extensions ['ros']
[0.153s] Level 1:colcon.colcon_core.package_identification:_identify(src) by extension 'ros'
[0.153s] Level 1:colcon.colcon_core.package_identification:_identify(src) by extensions ['cmake', 'python']
[0.153s] Level 1:colcon.colcon_core.package_identification:_identify(src) by extension 'cmake'
[0.153s] Level 1:colcon.colcon_core.package_identification:_identify(src) by extension 'python'
[0.153s] Level 1:colcon.colcon_core.package_identification:_identify(src) by extensions ['python_setup_py']
[0.153s] Level 1:colcon.colcon_core.package_identification:_identify(src) by extension 'python_setup_py'
[0.153s] Level 1:colcon.colcon_core.package_identification:_identify(src/ezw) by extensions ['ignore', 'ignore_ament_install']
[0.153s] Level 1:colcon.colcon_core.package_identification:_identify(src/ezw) by extension 'ignore'
[0.153s] Level 1:colcon.colcon_core.package_identification:_identify(src/ezw) by extension 'ignore_ament_install'
[0.153s] Level 1:colcon.colcon_core.package_identification:_identify(src/ezw) by extensions ['colcon_pkg']
[0.153s] Level 1:colcon.colcon_core.package_identification:_identify(src/ezw) by extension 'colcon_pkg'
[0.153s] Level 1:colcon.colcon_core.package_identification:_identify(src/ezw) by extensions ['colcon_meta']
[0.153s] Level 1:colcon.colcon_core.package_identification:_identify(src/ezw) by extension 'colcon_meta'
[0.153s] Level 1:colcon.colcon_core.package_identification:_identify(src/ezw) by extensions ['ros']
[0.153s] Level 1:colcon.colcon_core.package_identification:_identify(src/ezw) by extension 'ros'
[0.155s] DEBUG:colcon.colcon_core.package_identification:Package 'src/ezw' with type 'ros.ament_python' and name 'ezw'
[0.156s] Level 1:colcon.colcon_core.package_identification:_identify(src/swd_ros2_controllers) by extensions ['ignore', 'ignore_ament_install']
[0.156s] Level 1:colcon.colcon_core.package_identification:_identify(src/swd_ros2_controllers) by extension 'ignore'
[0.156s] Level 1:colcon.colcon_core.package_identification:_identify(src/swd_ros2_controllers) by extension 'ignore_ament_install'
[0.156s] Level 1:colcon.colcon_core.package_identification:_identify(src/swd_ros2_controllers) by extensions ['colcon_pkg']
[0.156s] Level 1:colcon.colcon_core.package_identification:_identify(src/swd_ros2_controllers) by extension 'colcon_pkg'
[0.156s] Level 1:colcon.colcon_core.package_identification:_identify(src/swd_ros2_controllers) by extensions ['colcon_meta']
[0.156s] Level 1:colcon.colcon_core.package_identification:_identify(src/swd_ros2_controllers) by extension 'colcon_meta'
[0.156s] Level 1:colcon.colcon_core.package_identification:_identify(src/swd_ros2_controllers) by extensions ['ros']
[0.156s] Level 1:colcon.colcon_core.package_identification:_identify(src/swd_ros2_controllers) by extension 'ros'
[0.157s] DEBUG:colcon.colcon_core.package_identification:Package 'src/swd_ros2_controllers' with type 'ros.ament_cmake' and name 'swd_ros2_controllers'
[0.157s] Level 1:colcon.colcon_core.package_discovery:discover_packages(recursive) using defaults
[0.157s] Level 1:colcon.colcon_core.package_discovery:discover_packages(ignore) discover
[0.157s] Level 1:colcon.colcon_core.package_discovery:discover_packages(ignore) using defaults
[0.157s] Level 1:colcon.colcon_core.package_discovery:discover_packages(path) discover
[0.157s] Level 1:colcon.colcon_core.package_discovery:discover_packages(path) using defaults
[0.173s] Level 1:colcon.colcon_core.package_discovery:discover_packages(prefix_path) check parameters
[0.173s] Level 1:colcon.colcon_core.package_discovery:discover_packages(prefix_path) discover
[0.173s] WARNING:colcon.colcon_ros.prefix_path.ament:The path '/home/icr247/external-idec-ez-wheel/install/ezw' in the environment variable AMENT_PREFIX_PATH doesn't exist
[0.174s] DEBUG:colcon.colcon_installed_package_information.package_discovery:Found 0 installed packages in /home/icr247/external-idec-ez-wheel/install
[0.176s] DEBUG:colcon.colcon_installed_package_information.package_discovery:Found 380 installed packages in /opt/ros/jazzy
[0.177s] Level 1:colcon.colcon_core.package_discovery:discover_packages(prefix_path) using defaults
[0.221s] Level 5:colcon.colcon_core.verb:set package 'ezw' build argument 'cmake_args' from command line to 'None'
[0.221s] Level 5:colcon.colcon_core.verb:set package 'ezw' build argument 'cmake_target' from command line to 'None'
[0.221s] Level 5:colcon.colcon_core.verb:set package 'ezw' build argument 'cmake_target_skip_unavailable' from command line to 'False'
[0.221s] Level 5:colcon.colcon_core.verb:set package 'ezw' build argument 'cmake_clean_cache' from command line to 'False'
[0.221s] Level 5:colcon.colcon_core.verb:set package 'ezw' build argument 'cmake_clean_first' from command line to 'False'
[0.221s] Level 5:colcon.colcon_core.verb:set package 'ezw' build argument 'cmake_force_configure' from command line to 'False'
[0.221s] Level 5:colcon.colcon_core.verb:set package 'ezw' build argument 'ament_cmake_args' from command line to 'None'
[0.221s] Level 5:colcon.colcon_core.verb:set package 'ezw' build argument 'catkin_cmake_args' from command line to 'None'
[0.221s] Level 5:colcon.colcon_core.verb:set package 'ezw' build argument 'catkin_skip_building_tests' from command line to 'False'
[0.221s] DEBUG:colcon.colcon_core.verb:Building package 'ezw' with the following arguments: {'ament_cmake_args': None, 'build_base': '/home/icr247/external-idec-ez-wheel/build/ezw', 'catkin_cmake_args': None, 'catkin_skip_building_tests': False, 'cmake_args': None, 'cmake_clean_cache': False, 'cmake_clean_first': False, 'cmake_force_configure': False, 'cmake_target': None, 'cmake_target_skip_unavailable': False, 'install_base': '/home/icr247/external-idec-ez-wheel/install/ezw', 'merge_install': False, 'path': '/home/icr247/external-idec-ez-wheel/src/ezw', 'symlink_install': True, 'test_result_base': None}
[0.221s] Level 5:colcon.colcon_core.verb:set package 'swd_ros2_controllers' build argument 'cmake_args' from command line to 'None'
[0.221s] Level 5:colcon.colcon_core.verb:set package 'swd_ros2_controllers' build argument 'cmake_target' from command line to 'None'
[0.221s] Level 5:colcon.colcon_core.verb:set package 'swd_ros2_controllers' build argument 'cmake_target_skip_unavailable' from command line to 'False'
[0.221s] Level 5:colcon.colcon_core.verb:set package 'swd_ros2_controllers' build argument 'cmake_clean_cache' from command line to 'False'
[0.221s] Level 5:colcon.colcon_core.verb:set package 'swd_ros2_controllers' build argument 'cmake_clean_first' from command line to 'False'
[0.221s] Level 5:colcon.colcon_core.verb:set package 'swd_ros2_controllers' build argument 'cmake_force_configure' from command line to 'False'
[0.221s] Level 5:colcon.colcon_core.verb:set package 'swd_ros2_controllers' build argument 'ament_cmake_args' from command line to 'None'
[0.221s] Level 5:colcon.colcon_core.verb:set package 'swd_ros2_controllers' build argument 'catkin_cmake_args' from command line to 'None'
[0.221s] Level 5:colcon.colcon_core.verb:set package 'swd_ros2_controllers' build argument 'catkin_skip_building_tests' from command line to 'False'
[0.221s] DEBUG:colcon.colcon_core.verb:Building package 'swd_ros2_controllers' with the following arguments: {'ament_cmake_args': None, 'build_base': '/home/icr247/external-idec-ez-wheel/build/swd_ros2_controllers', 'catkin_cmake_args': None, 'catkin_skip_building_tests': False, 'cmake_args': None, 'cmake_clean_cache': False, 'cmake_clean_first': False, 'cmake_force_configure': False, 'cmake_target': None, 'cmake_target_skip_unavailable': False, 'install_base': '/home/icr247/external-idec-ez-wheel/install/swd_ros2_controllers', 'merge_install': False, 'path': '/home/icr247/external-idec-ez-wheel/src/swd_ros2_controllers', 'symlink_install': True, 'test_result_base': None}
[0.221s] INFO:colcon.colcon_core.executor:Executing jobs using 'parallel' executor
[0.222s] DEBUG:colcon.colcon_parallel_executor.executor.parallel:run_until_complete
[0.222s] INFO:colcon.colcon_ros.task.ament_python.build:Building ROS package in '/home/icr247/external-idec-ez-wheel/src/ezw' with build type 'ament_python'
[0.222s] Level 1:colcon.colcon_core.shell:create_environment_hook('ezw', 'ament_prefix_path')
[0.224s] INFO:colcon.colcon_core.plugin_system:Skipping extension 'colcon_core.shell.bat': Not used on non-Windows systems
[0.224s] INFO:colcon.colcon_core.shell:Creating environment hook '/home/icr247/external-idec-ez-wheel/install/ezw/share/ezw/hook/ament_prefix_path.ps1'
[0.225s] INFO:colcon.colcon_core.shell:Creating environment descriptor '/home/icr247/external-idec-ez-wheel/install/ezw/share/ezw/hook/ament_prefix_path.dsv'
[0.225s] INFO:colcon.colcon_core.shell:Creating environment hook '/home/icr247/external-idec-ez-wheel/install/ezw/share/ezw/hook/ament_prefix_path.sh'
[0.226s] INFO:colcon.colcon_core.shell:Skip shell extension 'powershell' for command environment: Not usable outside of PowerShell
[0.226s] DEBUG:colcon.colcon_core.shell:Skip shell extension 'dsv' for command environment
[0.229s] INFO:colcon.colcon_ros.task.ament_cmake.build:Building ROS package in '/home/icr247/external-idec-ez-wheel/src/swd_ros2_controllers' with build type 'ament_cmake'
[0.229s] INFO:colcon.colcon_cmake.task.cmake.build:Building CMake package in '/home/icr247/external-idec-ez-wheel/src/swd_ros2_controllers'
[0.229s] INFO:colcon.colcon_core.shell:Skip shell extension 'powershell' for command environment: Not usable outside of PowerShell
[0.229s] DEBUG:colcon.colcon_core.shell:Skip shell extension 'dsv' for command environment
[0.441s] INFO:colcon.colcon_core.task.python.build:Building Python package in '/home/icr247/external-idec-ez-wheel/src/ezw'
[0.441s] INFO:colcon.colcon_core.shell:Skip shell extension 'powershell' for command environment: Not usable outside of PowerShell
[0.441s] DEBUG:colcon.colcon_core.shell:Skip shell extension 'dsv' for command environment
[0.447s] DEBUG:colcon.colcon_core.event_handler.log_command:Invoking command in '/home/icr247/external-idec-ez-wheel/build/swd_ros2_controllers': CMAKE_PREFIX_PATH=${CMAKE_PREFIX_PATH}:/home/icr247/external-idec-ez-wheel/install/ezw:/opt/ros/jazzy DEBUGINFOD_URLS=https://debuginfod.ubuntu.com /usr/bin/cmake /home/icr247/external-idec-ez-wheel/src/swd_ros2_controllers -DAMENT_CMAKE_SYMLINK_INSTALL=1 -DCMAKE_INSTALL_PREFIX=/home/icr247/external-idec-ez-wheel/install/swd_ros2_controllers
[1.024s] DEBUG:colcon.colcon_core.event_handler.log_command:Invoking command in '/home/icr247/external-idec-ez-wheel/build/ezw': DEBUGINFOD_URLS=https://debuginfod.ubuntu.com PYTHONPATH=/home/icr247/external-idec-ez-wheel/build/ezw/prefix_override:/usr/lib/python3/dist-packages/colcon_core/task/python/colcon_distutils_commands:/home/icr247/external-idec-ez-wheel/install/ezw/lib/python3.12/site-packages:${PYTHONPATH} /usr/bin/python3 -W ignore:setup.py install is deprecated -W ignore:easy_install command is deprecated setup.py develop --editable --build-directory /home/icr247/external-idec-ez-wheel/build/ezw/build --no-deps symlink_data
[1.691s] Level 1:colcon.colcon_core.shell:create_environment_hook('ezw', 'pythonpath_develop')
[1.691s] INFO:colcon.colcon_core.shell:Creating environment hook '/home/icr247/external-idec-ez-wheel/build/ezw/share/ezw/hook/pythonpath_develop.ps1'
[1.692s] DEBUG:colcon.colcon_core.event_handler.log_command:Invoked command in '/home/icr247/external-idec-ez-wheel/build/ezw' returned '0': DEBUGINFOD_URLS=https://debuginfod.ubuntu.com PYTHONPATH=/home/icr247/external-idec-ez-wheel/build/ezw/prefix_override:/usr/lib/python3/dist-packages/colcon_core/task/python/colcon_distutils_commands:/home/icr247/external-idec-ez-wheel/install/ezw/lib/python3.12/site-packages:${PYTHONPATH} /usr/bin/python3 -W ignore:setup.py install is deprecated -W ignore:easy_install command is deprecated setup.py develop --editable --build-directory /home/icr247/external-idec-ez-wheel/build/ezw/build --no-deps symlink_data
[1.693s] INFO:colcon.colcon_core.shell:Creating environment descriptor '/home/icr247/external-idec-ez-wheel/build/ezw/share/ezw/hook/pythonpath_develop.dsv'
[1.693s] INFO:colcon.colcon_core.shell:Creating environment hook '/home/icr247/external-idec-ez-wheel/build/ezw/share/ezw/hook/pythonpath_develop.sh'
[1.696s] Level 1:colcon.colcon_core.environment:checking '/home/icr247/external-idec-ez-wheel/install/ezw' for CMake module files
[1.696s] Level 1:colcon.colcon_core.environment:checking '/home/icr247/external-idec-ez-wheel/install/ezw' for CMake config files
[1.697s] Level 1:colcon.colcon_core.environment:checking '/home/icr247/external-idec-ez-wheel/install/ezw/lib'
[1.697s] Level 1:colcon.colcon_core.environment:checking '/home/icr247/external-idec-ez-wheel/install/ezw/bin'
[1.697s] Level 1:colcon.colcon_core.environment:checking '/home/icr247/external-idec-ez-wheel/install/ezw/lib/pkgconfig/ezw.pc'
[1.697s] Level 1:colcon.colcon_core.environment:checking '/home/icr247/external-idec-ez-wheel/install/ezw/lib/python3.12/site-packages'
[1.697s] Level 1:colcon.colcon_core.shell:create_environment_hook('ezw', 'pythonpath')
[1.697s] INFO:colcon.colcon_core.shell:Creating environment hook '/home/icr247/external-idec-ez-wheel/install/ezw/share/ezw/hook/pythonpath.ps1'
[1.698s] INFO:colcon.colcon_core.shell:Creating environment descriptor '/home/icr247/external-idec-ez-wheel/install/ezw/share/ezw/hook/pythonpath.dsv'
[1.698s] INFO:colcon.colcon_core.shell:Creating environment hook '/home/icr247/external-idec-ez-wheel/install/ezw/share/ezw/hook/pythonpath.sh'
[1.699s] Level 1:colcon.colcon_core.environment:checking '/home/icr247/external-idec-ez-wheel/install/ezw/bin'
[1.699s] Level 1:colcon.colcon_core.environment:create_environment_scripts_only(ezw)
[1.699s] INFO:colcon.colcon_core.shell:Creating package script '/home/icr247/external-idec-ez-wheel/install/ezw/share/ezw/package.ps1'
[1.700s] INFO:colcon.colcon_core.shell:Creating package descriptor '/home/icr247/external-idec-ez-wheel/install/ezw/share/ezw/package.dsv'
[1.700s] INFO:colcon.colcon_core.shell:Creating package script '/home/icr247/external-idec-ez-wheel/install/ezw/share/ezw/package.sh'
[1.701s] INFO:colcon.colcon_core.shell:Creating package script '/home/icr247/external-idec-ez-wheel/install/ezw/share/ezw/package.bash'
[1.702s] INFO:colcon.colcon_core.shell:Creating package script '/home/icr247/external-idec-ez-wheel/install/ezw/share/ezw/package.zsh'
[1.702s] Level 1:colcon.colcon_core.environment:create_file_with_runtime_dependencies(/home/icr247/external-idec-ez-wheel/install/ezw/share/colcon-core/packages/ezw)
[4.825s] DEBUG:colcon.colcon_core.event_handler.log_command:Invoked command in '/home/icr247/external-idec-ez-wheel/build/swd_ros2_controllers' returned '0': CMAKE_PREFIX_PATH=${CMAKE_PREFIX_PATH}:/home/icr247/external-idec-ez-wheel/install/ezw:/opt/ros/jazzy DEBUGINFOD_URLS=https://debuginfod.ubuntu.com /usr/bin/cmake /home/icr247/external-idec-ez-wheel/src/swd_ros2_controllers -DAMENT_CMAKE_SYMLINK_INSTALL=1 -DCMAKE_INSTALL_PREFIX=/home/icr247/external-idec-ez-wheel/install/swd_ros2_controllers
[4.826s] DEBUG:colcon.colcon_core.event_handler.log_command:Invoking command in '/home/icr247/external-idec-ez-wheel/build/swd_ros2_controllers': CMAKE_PREFIX_PATH=${CMAKE_PREFIX_PATH}:/home/icr247/external-idec-ez-wheel/install/ezw:/opt/ros/jazzy DEBUGINFOD_URLS=https://debuginfod.ubuntu.com /usr/bin/cmake --build /home/icr247/external-idec-ez-wheel/build/swd_ros2_controllers -- -j16 -l16
[21.612s] DEBUG:colcon.colcon_core.event_handler.log_command:Invoked command in '/home/icr247/external-idec-ez-wheel/build/swd_ros2_controllers' returned '0': CMAKE_PREFIX_PATH=${CMAKE_PREFIX_PATH}:/home/icr247/external-idec-ez-wheel/install/ezw:/opt/ros/jazzy DEBUGINFOD_URLS=https://debuginfod.ubuntu.com /usr/bin/cmake --build /home/icr247/external-idec-ez-wheel/build/swd_ros2_controllers -- -j16 -l16
[21.626s] DEBUG:colcon.colcon_core.event_handler.log_command:Invoking command in '/home/icr247/external-idec-ez-wheel/build/swd_ros2_controllers': CMAKE_PREFIX_PATH=${CMAKE_PREFIX_PATH}:/home/icr247/external-idec-ez-wheel/install/ezw:/opt/ros/jazzy DEBUGINFOD_URLS=https://debuginfod.ubuntu.com /usr/bin/cmake --install /home/icr247/external-idec-ez-wheel/build/swd_ros2_controllers
[22.463s] Level 1:colcon.colcon_core.environment:create_environment_scripts_only(swd_ros2_controllers)
[22.463s] Level 1:colcon.colcon_core.environment:checking '/home/icr247/external-idec-ez-wheel/install/swd_ros2_controllers' for CMake module files
[22.464s] DEBUG:colcon.colcon_core.event_handler.log_command:Invoked command in '/home/icr247/external-idec-ez-wheel/build/swd_ros2_controllers' returned '0': CMAKE_PREFIX_PATH=${CMAKE_PREFIX_PATH}:/home/icr247/external-idec-ez-wheel/install/ezw:/opt/ros/jazzy DEBUGINFOD_URLS=https://debuginfod.ubuntu.com /usr/bin/cmake --install /home/icr247/external-idec-ez-wheel/build/swd_ros2_controllers
[22.465s] Level 1:colcon.colcon_core.environment:checking '/home/icr247/external-idec-ez-wheel/install/swd_ros2_controllers' for CMake config files
[22.465s] Level 1:colcon.colcon_core.shell:create_environment_hook('swd_ros2_controllers', 'cmake_prefix_path')
[22.465s] INFO:colcon.colcon_core.shell:Creating environment hook '/home/icr247/external-idec-ez-wheel/install/swd_ros2_controllers/share/swd_ros2_controllers/hook/cmake_prefix_path.ps1'
[22.466s] INFO:colcon.colcon_core.shell:Creating environment descriptor '/home/icr247/external-idec-ez-wheel/install/swd_ros2_controllers/share/swd_ros2_controllers/hook/cmake_prefix_path.dsv'
[22.466s] INFO:colcon.colcon_core.shell:Creating environment hook '/home/icr247/external-idec-ez-wheel/install/swd_ros2_controllers/share/swd_ros2_controllers/hook/cmake_prefix_path.sh'
[22.466s] Level 1:colcon.colcon_core.environment:checking '/home/icr247/external-idec-ez-wheel/install/swd_ros2_controllers/lib'
[22.466s] Level 1:colcon.colcon_core.shell:create_environment_hook('swd_ros2_controllers', 'ld_library_path_lib')
[22.466s] INFO:colcon.colcon_core.shell:Creating environment hook '/home/icr247/external-idec-ez-wheel/install/swd_ros2_controllers/share/swd_ros2_controllers/hook/ld_library_path_lib.ps1'
[22.467s] INFO:colcon.colcon_core.shell:Creating environment descriptor '/home/icr247/external-idec-ez-wheel/install/swd_ros2_controllers/share/swd_ros2_controllers/hook/ld_library_path_lib.dsv'
[22.467s] INFO:colcon.colcon_core.shell:Creating environment hook '/home/icr247/external-idec-ez-wheel/install/swd_ros2_controllers/share/swd_ros2_controllers/hook/ld_library_path_lib.sh'
[22.467s] Level 1:colcon.colcon_core.environment:checking '/home/icr247/external-idec-ez-wheel/install/swd_ros2_controllers/bin'
[22.467s] Level 1:colcon.colcon_core.environment:checking '/home/icr247/external-idec-ez-wheel/install/swd_ros2_controllers/lib/pkgconfig/swd_ros2_controllers.pc'
[22.467s] Level 1:colcon.colcon_core.environment:checking '/home/icr247/external-idec-ez-wheel/install/swd_ros2_controllers/lib/python3.12/site-packages'
[22.467s] Level 1:colcon.colcon_core.shell:create_environment_hook('swd_ros2_controllers', 'pythonpath')
[22.468s] INFO:colcon.colcon_core.shell:Creating environment hook '/home/icr247/external-idec-ez-wheel/install/swd_ros2_controllers/share/swd_ros2_controllers/hook/pythonpath.ps1'
[22.468s] INFO:colcon.colcon_core.shell:Creating environment descriptor '/home/icr247/external-idec-ez-wheel/install/swd_ros2_controllers/share/swd_ros2_controllers/hook/pythonpath.dsv'
[22.468s] INFO:colcon.colcon_core.shell:Creating environment hook '/home/icr247/external-idec-ez-wheel/install/swd_ros2_controllers/share/swd_ros2_controllers/hook/pythonpath.sh'
[22.468s] Level 1:colcon.colcon_core.environment:checking '/home/icr247/external-idec-ez-wheel/install/swd_ros2_controllers/bin'
[22.469s] INFO:colcon.colcon_core.shell:Creating package script '/home/icr247/external-idec-ez-wheel/install/swd_ros2_controllers/share/swd_ros2_controllers/package.ps1'
[22.469s] INFO:colcon.colcon_core.shell:Creating package descriptor '/home/icr247/external-idec-ez-wheel/install/swd_ros2_controllers/share/swd_ros2_controllers/package.dsv'
[22.469s] INFO:colcon.colcon_core.shell:Creating package script '/home/icr247/external-idec-ez-wheel/install/swd_ros2_controllers/share/swd_ros2_controllers/package.sh'
[22.469s] INFO:colcon.colcon_core.shell:Creating package script '/home/icr247/external-idec-ez-wheel/install/swd_ros2_controllers/share/swd_ros2_controllers/package.bash'
[22.470s] INFO:colcon.colcon_core.shell:Creating package script '/home/icr247/external-idec-ez-wheel/install/swd_ros2_controllers/share/swd_ros2_controllers/package.zsh'
[22.470s] Level 1:colcon.colcon_core.environment:create_file_with_runtime_dependencies(/home/icr247/external-idec-ez-wheel/install/swd_ros2_controllers/share/colcon-core/packages/swd_ros2_controllers)
[22.470s] Level 1:colcon.colcon_core.environment:create_environment_scripts_only(swd_ros2_controllers)
[22.470s] Level 1:colcon.colcon_core.environment:checking '/home/icr247/external-idec-ez-wheel/install/swd_ros2_controllers' for CMake module files
[22.471s] Level 1:colcon.colcon_core.environment:checking '/home/icr247/external-idec-ez-wheel/install/swd_ros2_controllers' for CMake config files
[22.472s] Level 1:colcon.colcon_core.shell:create_environment_hook('swd_ros2_controllers', 'cmake_prefix_path')
[22.472s] INFO:colcon.colcon_core.shell:Creating environment hook '/home/icr247/external-idec-ez-wheel/install/swd_ros2_controllers/share/swd_ros2_controllers/hook/cmake_prefix_path.ps1'
[22.472s] INFO:colcon.colcon_core.shell:Creating environment descriptor '/home/icr247/external-idec-ez-wheel/install/swd_ros2_controllers/share/swd_ros2_controllers/hook/cmake_prefix_path.dsv'
[22.472s] INFO:colcon.colcon_core.shell:Creating environment hook '/home/icr247/external-idec-ez-wheel/install/swd_ros2_controllers/share/swd_ros2_controllers/hook/cmake_prefix_path.sh'
[22.473s] Level 1:colcon.colcon_core.environment:checking '/home/icr247/external-idec-ez-wheel/install/swd_ros2_controllers/lib'
[22.473s] Level 1:colcon.colcon_core.shell:create_environment_hook('swd_ros2_controllers', 'ld_library_path_lib')
[22.473s] INFO:colcon.colcon_core.shell:Creating environment hook '/home/icr247/external-idec-ez-wheel/install/swd_ros2_controllers/share/swd_ros2_controllers/hook/ld_library_path_lib.ps1'
[22.473s] INFO:colcon.colcon_core.shell:Creating environment descriptor '/home/icr247/external-idec-ez-wheel/install/swd_ros2_controllers/share/swd_ros2_controllers/hook/ld_library_path_lib.dsv'
[22.474s] INFO:colcon.colcon_core.shell:Creating environment hook '/home/icr247/external-idec-ez-wheel/install/swd_ros2_controllers/share/swd_ros2_controllers/hook/ld_library_path_lib.sh'
[22.474s] Level 1:colcon.colcon_core.environment:checking '/home/icr247/external-idec-ez-wheel/install/swd_ros2_controllers/bin'
[22.474s] Level 1:colcon.colcon_core.environment:checking '/home/icr247/external-idec-ez-wheel/install/swd_ros2_controllers/lib/pkgconfig/swd_ros2_controllers.pc'
[22.474s] Level 1:colcon.colcon_core.environment:checking '/home/icr247/external-idec-ez-wheel/install/swd_ros2_controllers/lib/python3.12/site-packages'
[22.474s] Level 1:colcon.colcon_core.shell:create_environment_hook('swd_ros2_controllers', 'pythonpath')
[22.474s] INFO:colcon.colcon_core.shell:Creating environment hook '/home/icr247/external-idec-ez-wheel/install/swd_ros2_controllers/share/swd_ros2_controllers/hook/pythonpath.ps1'
[22.474s] INFO:colcon.colcon_core.shell:Creating environment descriptor '/home/icr247/external-idec-ez-wheel/install/swd_ros2_controllers/share/swd_ros2_controllers/hook/pythonpath.dsv'
[22.475s] INFO:colcon.colcon_core.shell:Creating environment hook '/home/icr247/external-idec-ez-wheel/install/swd_ros2_controllers/share/swd_ros2_controllers/hook/pythonpath.sh'
[22.479s] Level 1:colcon.colcon_core.environment:checking '/home/icr247/external-idec-ez-wheel/install/swd_ros2_controllers/bin'
[22.479s] INFO:colcon.colcon_core.shell:Creating package script '/home/icr247/external-idec-ez-wheel/install/swd_ros2_controllers/share/swd_ros2_controllers/package.ps1'
[22.480s] INFO:colcon.colcon_core.shell:Creating package descriptor '/home/icr247/external-idec-ez-wheel/install/swd_ros2_controllers/share/swd_ros2_controllers/package.dsv'
[22.480s] INFO:colcon.colcon_core.shell:Creating package script '/home/icr247/external-idec-ez-wheel/install/swd_ros2_controllers/share/swd_ros2_controllers/package.sh'
[22.480s] INFO:colcon.colcon_core.shell:Creating package script '/home/icr247/external-idec-ez-wheel/install/swd_ros2_controllers/share/swd_ros2_controllers/package.bash'
[22.481s] INFO:colcon.colcon_core.shell:Creating package script '/home/icr247/external-idec-ez-wheel/install/swd_ros2_controllers/share/swd_ros2_controllers/package.zsh'
[22.481s] Level 1:colcon.colcon_core.environment:create_file_with_runtime_dependencies(/home/icr247/external-idec-ez-wheel/install/swd_ros2_controllers/share/colcon-core/packages/swd_ros2_controllers)
[22.481s] DEBUG:colcon.colcon_parallel_executor.executor.parallel:closing loop
[22.482s] DEBUG:colcon.colcon_parallel_executor.executor.parallel:loop closed
[22.482s] DEBUG:colcon.colcon_parallel_executor.executor.parallel:run_until_complete finished with '0'
[22.482s] DEBUG:colcon.colcon_core.event_reactor:joining thread
[22.487s] INFO:colcon.colcon_core.plugin_system:Skipping extension 'colcon_notification.desktop_notification.terminal_notifier': Not used on non-Darwin systems
[22.487s] INFO:colcon.colcon_core.plugin_system:Skipping extension 'colcon_notification.desktop_notification.win32': Not used on non-Windows systems
[22.487s] INFO:colcon.colcon_notification.desktop_notification:Sending desktop notification using 'notify2'
[22.506s] DEBUG:colcon.colcon_core.event_reactor:joined thread
[22.506s] INFO:colcon.colcon_core.shell:Creating prefix script '/home/icr247/external-idec-ez-wheel/install/local_setup.ps1'
[22.507s] INFO:colcon.colcon_core.shell:Creating prefix util module '/home/icr247/external-idec-ez-wheel/install/_local_setup_util_ps1.py'
[22.508s] INFO:colcon.colcon_core.shell:Creating prefix chain script '/home/icr247/external-idec-ez-wheel/install/setup.ps1'
[22.509s] INFO:colcon.colcon_core.shell:Creating prefix script '/home/icr247/external-idec-ez-wheel/install/local_setup.sh'
[22.509s] INFO:colcon.colcon_core.shell:Creating prefix util module '/home/icr247/external-idec-ez-wheel/install/_local_setup_util_sh.py'
[22.510s] INFO:colcon.colcon_core.shell:Creating prefix chain script '/home/icr247/external-idec-ez-wheel/install/setup.sh'
[22.511s] INFO:colcon.colcon_core.shell:Creating prefix script '/home/icr247/external-idec-ez-wheel/install/local_setup.bash'
[22.511s] INFO:colcon.colcon_core.shell:Creating prefix chain script '/home/icr247/external-idec-ez-wheel/install/setup.bash'
[22.512s] INFO:colcon.colcon_core.shell:Creating prefix script '/home/icr247/external-idec-ez-wheel/install/local_setup.zsh'
[22.513s] INFO:colcon.colcon_core.shell:Creating prefix chain script '/home/icr247/external-idec-ez-wheel/install/setup.zsh'
