[0.102s] DEBUG:colcon:Command line arguments: ['/usr/bin/colcon', 'build', '--symlink-install']
[0.102s] DEBUG:colcon:Parsed command line arguments: Namespace(log_base=None, log_level=None, verb_name='build', build_base='build', install_base='install', merge_install=False, symlink_install=True, test_result_base=None, continue_on_error=False, executor='parallel', parallel_workers=16, event_handlers=None, ignore_user_meta=False, metas=['./colcon.meta'], base_paths=['.'], packages_ignore=None, packages_ignore_regex=None, paths=None, packages_up_to=None, packages_up_to_regex=None, packages_above=None, packages_above_and_dependencies=None, packages_above_depth=None, packages_select_by_dep=None, packages_skip_by_dep=None, packages_skip_up_to=None, packages_select_build_failed=False, packages_skip_build_finished=False, packages_select_test_failures=False, packages_skip_test_passed=False, packages_select=None, packages_skip=None, packages_select_regex=None, packages_skip_regex=None, packages_start=None, packages_end=None, allow_overriding=[], cmake_args=None, cmake_target=None, cmake_target_skip_unavailable=False, cmake_clean_cache=False, cmake_clean_first=False, cmake_force_configure=False, ament_cmake_args=None, catkin_cmake_args=None, catkin_skip_building_tests=False, mixin_files=None, mixin=None, verb_parser=<colcon_mixin.mixin.mixin_argument.MixinArgumentDecorator object at 0x77846e182e40>, verb_extension=<colcon_core.verb.build.BuildVerb object at 0x77846e2a6b70>, main=<bound method BuildVerb.main of <colcon_core.verb.build.BuildVerb object at 0x77846e2a6b70>>, mixin_verb=('build',))
[0.137s] Level 1:colcon.colcon_core.package_discovery:discover_packages(colcon_meta) check parameters
[0.137s] Level 1:colcon.colcon_core.package_discovery:discover_packages(recursive) check parameters
[0.137s] Level 1:colcon.colcon_core.package_discovery:discover_packages(ignore) check parameters
[0.137s] Level 1:colcon.colcon_core.package_discovery:discover_packages(path) check parameters
[0.137s] Level 1:colcon.colcon_core.package_discovery:discover_packages(colcon_meta) discover
[0.137s] Level 1:colcon.colcon_core.package_discovery:discover_packages(recursive) discover
[0.137s] INFO:colcon.colcon_core.package_discovery:Crawling recursively for packages in '/home/swd_sk/external-idec-ez-wheel'
[0.137s] Level 1:colcon.colcon_core.package_identification:_identify(.) by extensions ['ignore', 'ignore_ament_install']
[0.138s] Level 1:colcon.colcon_core.package_identification:_identify(.) by extension 'ignore'
[0.138s] Level 1:colcon.colcon_core.package_identification:_identify(.) by extension 'ignore_ament_install'
[0.138s] Level 1:colcon.colcon_core.package_identification:_identify(.) by extensions ['colcon_pkg']
[0.138s] Level 1:colcon.colcon_core.package_identification:_identify(.) by extension 'colcon_pkg'
[0.138s] Level 1:colcon.colcon_core.package_identification:_identify(.) by extensions ['colcon_meta']
[0.138s] Level 1:colcon.colcon_core.package_identification:_identify(.) by extension 'colcon_meta'
[0.138s] Level 1:colcon.colcon_core.package_identification:_identify(.) by extensions ['ros']
[0.138s] Level 1:colcon.colcon_core.package_identification:_identify(.) by extension 'ros'
[0.159s] Level 1:colcon.colcon_core.package_identification:_identify(.) by extensions ['cmake', 'python']
[0.159s] Level 1:colcon.colcon_core.package_identification:_identify(.) by extension 'cmake'
[0.159s] Level 1:colcon.colcon_core.package_identification:_identify(.) by extension 'python'
[0.160s] Level 1:colcon.colcon_core.package_identification:_identify(.) by extensions ['python_setup_py']
[0.160s] Level 1:colcon.colcon_core.package_identification:_identify(.) by extension 'python_setup_py'
[0.160s] Level 1:colcon.colcon_core.package_identification:_identify(__pycache__) by extensions ['ignore', 'ignore_ament_install']
[0.160s] Level 1:colcon.colcon_core.package_identification:_identify(__pycache__) by extension 'ignore'
[0.160s] Level 1:colcon.colcon_core.package_identification:_identify(__pycache__) by extension 'ignore_ament_install'
[0.160s] Level 1:colcon.colcon_core.package_identification:_identify(__pycache__) by extensions ['colcon_pkg']
[0.160s] Level 1:colcon.colcon_core.package_identification:_identify(__pycache__) by extension 'colcon_pkg'
[0.160s] Level 1:colcon.colcon_core.package_identification:_identify(__pycache__) by extensions ['colcon_meta']
[0.160s] Level 1:colcon.colcon_core.package_identification:_identify(__pycache__) by extension 'colcon_meta'
[0.160s] Level 1:colcon.colcon_core.package_identification:_identify(__pycache__) by extensions ['ros']
[0.160s] Level 1:colcon.colcon_core.package_identification:_identify(__pycache__) by extension 'ros'
[0.160s] Level 1:colcon.colcon_core.package_identification:_identify(__pycache__) by extensions ['cmake', 'python']
[0.160s] Level 1:colcon.colcon_core.package_identification:_identify(__pycache__) by extension 'cmake'
[0.160s] Level 1:colcon.colcon_core.package_identification:_identify(__pycache__) by extension 'python'
[0.160s] Level 1:colcon.colcon_core.package_identification:_identify(__pycache__) by extensions ['python_setup_py']
[0.160s] Level 1:colcon.colcon_core.package_identification:_identify(__pycache__) by extension 'python_setup_py'
[0.160s] Level 1:colcon.colcon_core.package_identification:_identify(build) by extensions ['ignore', 'ignore_ament_install']
[0.160s] Level 1:colcon.colcon_core.package_identification:_identify(build) by extension 'ignore'
[0.160s] Level 1:colcon.colcon_core.package_identification:_identify(build) ignored
[0.160s] Level 1:colcon.colcon_core.package_identification:_identify(install) by extensions ['ignore', 'ignore_ament_install']
[0.160s] Level 1:colcon.colcon_core.package_identification:_identify(install) by extension 'ignore'
[0.160s] Level 1:colcon.colcon_core.package_identification:_identify(install) ignored
[0.161s] Level 1:colcon.colcon_core.package_identification:_identify(log) by extensions ['ignore', 'ignore_ament_install']
[0.161s] Level 1:colcon.colcon_core.package_identification:_identify(log) by extension 'ignore'
[0.161s] Level 1:colcon.colcon_core.package_identification:_identify(log) ignored
[0.161s] Level 1:colcon.colcon_core.package_identification:_identify(src) by extensions ['ignore', 'ignore_ament_install']
[0.161s] Level 1:colcon.colcon_core.package_identification:_identify(src) by extension 'ignore'
[0.161s] Level 1:colcon.colcon_core.package_identification:_identify(src) by extension 'ignore_ament_install'
[0.161s] Level 1:colcon.colcon_core.package_identification:_identify(src) by extensions ['colcon_pkg']
[0.161s] Level 1:colcon.colcon_core.package_identification:_identify(src) by extension 'colcon_pkg'
[0.161s] Level 1:colcon.colcon_core.package_identification:_identify(src) by extensions ['colcon_meta']
[0.161s] Level 1:colcon.colcon_core.package_identification:_identify(src) by extension 'colcon_meta'
[0.161s] Level 1:colcon.colcon_core.package_identification:_identify(src) by extensions ['ros']
[0.161s] Level 1:colcon.colcon_core.package_identification:_identify(src) by extension 'ros'
[0.161s] Level 1:colcon.colcon_core.package_identification:_identify(src) by extensions ['cmake', 'python']
[0.161s] Level 1:colcon.colcon_core.package_identification:_identify(src) by extension 'cmake'
[0.161s] Level 1:colcon.colcon_core.package_identification:_identify(src) by extension 'python'
[0.161s] Level 1:colcon.colcon_core.package_identification:_identify(src) by extensions ['python_setup_py']
[0.161s] Level 1:colcon.colcon_core.package_identification:_identify(src) by extension 'python_setup_py'
[0.161s] Level 1:colcon.colcon_core.package_identification:_identify(src/ezw) by extensions ['ignore', 'ignore_ament_install']
[0.161s] Level 1:colcon.colcon_core.package_identification:_identify(src/ezw) by extension 'ignore'
[0.161s] Level 1:colcon.colcon_core.package_identification:_identify(src/ezw) by extension 'ignore_ament_install'
[0.161s] Level 1:colcon.colcon_core.package_identification:_identify(src/ezw) by extensions ['colcon_pkg']
[0.161s] Level 1:colcon.colcon_core.package_identification:_identify(src/ezw) by extension 'colcon_pkg'
[0.161s] Level 1:colcon.colcon_core.package_identification:_identify(src/ezw) by extensions ['colcon_meta']
[0.161s] Level 1:colcon.colcon_core.package_identification:_identify(src/ezw) by extension 'colcon_meta'
[0.161s] Level 1:colcon.colcon_core.package_identification:_identify(src/ezw) by extensions ['ros']
[0.161s] Level 1:colcon.colcon_core.package_identification:_identify(src/ezw) by extension 'ros'
[0.163s] DEBUG:colcon.colcon_core.package_identification:Package 'src/ezw' with type 'ros.ament_python' and name 'ezw'
[0.164s] Level 1:colcon.colcon_core.package_identification:_identify(src/swd_ros2_controllers) by extensions ['ignore', 'ignore_ament_install']
[0.164s] Level 1:colcon.colcon_core.package_identification:_identify(src/swd_ros2_controllers) by extension 'ignore'
[0.164s] Level 1:colcon.colcon_core.package_identification:_identify(src/swd_ros2_controllers) by extension 'ignore_ament_install'
[0.164s] Level 1:colcon.colcon_core.package_identification:_identify(src/swd_ros2_controllers) by extensions ['colcon_pkg']
[0.164s] Level 1:colcon.colcon_core.package_identification:_identify(src/swd_ros2_controllers) by extension 'colcon_pkg'
[0.164s] Level 1:colcon.colcon_core.package_identification:_identify(src/swd_ros2_controllers) by extensions ['colcon_meta']
[0.164s] Level 1:colcon.colcon_core.package_identification:_identify(src/swd_ros2_controllers) by extension 'colcon_meta'
[0.164s] Level 1:colcon.colcon_core.package_identification:_identify(src/swd_ros2_controllers) by extensions ['ros']
[0.164s] Level 1:colcon.colcon_core.package_identification:_identify(src/swd_ros2_controllers) by extension 'ros'
[0.164s] DEBUG:colcon.colcon_core.package_identification:Package 'src/swd_ros2_controllers' with type 'ros.ament_cmake' and name 'swd_ros2_controllers'
[0.165s] Level 1:colcon.colcon_core.package_discovery:discover_packages(recursive) using defaults
[0.165s] Level 1:colcon.colcon_core.package_discovery:discover_packages(ignore) discover
[0.165s] Level 1:colcon.colcon_core.package_discovery:discover_packages(ignore) using defaults
[0.165s] Level 1:colcon.colcon_core.package_discovery:discover_packages(path) discover
[0.165s] Level 1:colcon.colcon_core.package_discovery:discover_packages(path) using defaults
[0.179s] Level 1:colcon.colcon_core.package_discovery:discover_packages(prefix_path) check parameters
[0.179s] Level 1:colcon.colcon_core.package_discovery:discover_packages(prefix_path) discover
[0.180s] DEBUG:colcon.colcon_installed_package_information.package_discovery:Found 1 installed packages in /home/swd_sk/external-idec-ez-wheel/install
[0.183s] DEBUG:colcon.colcon_installed_package_information.package_discovery:Found 380 installed packages in /opt/ros/jazzy
[0.184s] Level 1:colcon.colcon_core.package_discovery:discover_packages(prefix_path) using defaults
[0.228s] Level 5:colcon.colcon_core.verb:set package 'ezw' build argument 'cmake_args' from command line to 'None'
[0.228s] Level 5:colcon.colcon_core.verb:set package 'ezw' build argument 'cmake_target' from command line to 'None'
[0.228s] Level 5:colcon.colcon_core.verb:set package 'ezw' build argument 'cmake_target_skip_unavailable' from command line to 'False'
[0.228s] Level 5:colcon.colcon_core.verb:set package 'ezw' build argument 'cmake_clean_cache' from command line to 'False'
[0.228s] Level 5:colcon.colcon_core.verb:set package 'ezw' build argument 'cmake_clean_first' from command line to 'False'
[0.228s] Level 5:colcon.colcon_core.verb:set package 'ezw' build argument 'cmake_force_configure' from command line to 'False'
[0.228s] Level 5:colcon.colcon_core.verb:set package 'ezw' build argument 'ament_cmake_args' from command line to 'None'
[0.228s] Level 5:colcon.colcon_core.verb:set package 'ezw' build argument 'catkin_cmake_args' from command line to 'None'
[0.228s] Level 5:colcon.colcon_core.verb:set package 'ezw' build argument 'catkin_skip_building_tests' from command line to 'False'
[0.228s] DEBUG:colcon.colcon_core.verb:Building package 'ezw' with the following arguments: {'ament_cmake_args': None, 'build_base': '/home/swd_sk/external-idec-ez-wheel/build/ezw', 'catkin_cmake_args': None, 'catkin_skip_building_tests': False, 'cmake_args': None, 'cmake_clean_cache': False, 'cmake_clean_first': False, 'cmake_force_configure': False, 'cmake_target': None, 'cmake_target_skip_unavailable': False, 'install_base': '/home/swd_sk/external-idec-ez-wheel/install/ezw', 'merge_install': False, 'path': '/home/swd_sk/external-idec-ez-wheel/src/ezw', 'symlink_install': True, 'test_result_base': None}
[0.228s] Level 5:colcon.colcon_core.verb:set package 'swd_ros2_controllers' build argument 'cmake_args' from command line to 'None'
[0.228s] Level 5:colcon.colcon_core.verb:set package 'swd_ros2_controllers' build argument 'cmake_target' from command line to 'None'
[0.228s] Level 5:colcon.colcon_core.verb:set package 'swd_ros2_controllers' build argument 'cmake_target_skip_unavailable' from command line to 'False'
[0.228s] Level 5:colcon.colcon_core.verb:set package 'swd_ros2_controllers' build argument 'cmake_clean_cache' from command line to 'False'
[0.228s] Level 5:colcon.colcon_core.verb:set package 'swd_ros2_controllers' build argument 'cmake_clean_first' from command line to 'False'
[0.228s] Level 5:colcon.colcon_core.verb:set package 'swd_ros2_controllers' build argument 'cmake_force_configure' from command line to 'False'
[0.228s] Level 5:colcon.colcon_core.verb:set package 'swd_ros2_controllers' build argument 'ament_cmake_args' from command line to 'None'
[0.228s] Level 5:colcon.colcon_core.verb:set package 'swd_ros2_controllers' build argument 'catkin_cmake_args' from command line to 'None'
[0.228s] Level 5:colcon.colcon_core.verb:set package 'swd_ros2_controllers' build argument 'catkin_skip_building_tests' from command line to 'False'
[0.228s] DEBUG:colcon.colcon_core.verb:Building package 'swd_ros2_controllers' with the following arguments: {'ament_cmake_args': None, 'build_base': '/home/swd_sk/external-idec-ez-wheel/build/swd_ros2_controllers', 'catkin_cmake_args': None, 'catkin_skip_building_tests': False, 'cmake_args': None, 'cmake_clean_cache': False, 'cmake_clean_first': False, 'cmake_force_configure': False, 'cmake_target': None, 'cmake_target_skip_unavailable': False, 'install_base': '/home/swd_sk/external-idec-ez-wheel/install/swd_ros2_controllers', 'merge_install': False, 'path': '/home/swd_sk/external-idec-ez-wheel/src/swd_ros2_controllers', 'symlink_install': True, 'test_result_base': None}
[0.228s] INFO:colcon.colcon_core.executor:Executing jobs using 'parallel' executor
[0.229s] DEBUG:colcon.colcon_parallel_executor.executor.parallel:run_until_complete
[0.230s] INFO:colcon.colcon_ros.task.ament_python.build:Building ROS package in '/home/swd_sk/external-idec-ez-wheel/src/ezw' with build type 'ament_python'
[0.230s] Level 1:colcon.colcon_core.shell:create_environment_hook('ezw', 'ament_prefix_path')
[0.231s] INFO:colcon.colcon_core.plugin_system:Skipping extension 'colcon_core.shell.bat': Not used on non-Windows systems
[0.232s] INFO:colcon.colcon_core.shell:Creating environment hook '/home/swd_sk/external-idec-ez-wheel/install/ezw/share/ezw/hook/ament_prefix_path.ps1'
[0.232s] INFO:colcon.colcon_core.shell:Creating environment descriptor '/home/swd_sk/external-idec-ez-wheel/install/ezw/share/ezw/hook/ament_prefix_path.dsv'
[0.232s] INFO:colcon.colcon_core.shell:Creating environment hook '/home/swd_sk/external-idec-ez-wheel/install/ezw/share/ezw/hook/ament_prefix_path.sh'
[0.233s] INFO:colcon.colcon_core.shell:Skip shell extension 'powershell' for command environment: Not usable outside of PowerShell
[0.233s] DEBUG:colcon.colcon_core.shell:Skip shell extension 'dsv' for command environment
[0.237s] INFO:colcon.colcon_ros.task.ament_cmake.build:Building ROS package in '/home/swd_sk/external-idec-ez-wheel/src/swd_ros2_controllers' with build type 'ament_cmake'
[0.237s] INFO:colcon.colcon_cmake.task.cmake.build:Building CMake package in '/home/swd_sk/external-idec-ez-wheel/src/swd_ros2_controllers'
[0.237s] INFO:colcon.colcon_core.shell:Skip shell extension 'powershell' for command environment: Not usable outside of PowerShell
[0.237s] DEBUG:colcon.colcon_core.shell:Skip shell extension 'dsv' for command environment
[0.525s] INFO:colcon.colcon_core.task.python.build:Building Python package in '/home/swd_sk/external-idec-ez-wheel/src/ezw'
[0.526s] INFO:colcon.colcon_core.shell:Skip shell extension 'powershell' for command environment: Not usable outside of PowerShell
[0.526s] DEBUG:colcon.colcon_core.shell:Skip shell extension 'dsv' for command environment
[0.533s] DEBUG:colcon.colcon_core.event_handler.log_command:Invoking command in '/home/swd_sk/external-idec-ez-wheel/build/swd_ros2_controllers': CMAKE_PREFIX_PATH=${CMAKE_PREFIX_PATH}:/home/swd_sk/external-idec-ez-wheel/install/ezw:/opt/ros/jazzy DEBUGINFOD_URLS=https://debuginfod.ubuntu.com /usr/bin/cmake /home/swd_sk/external-idec-ez-wheel/src/swd_ros2_controllers -DAMENT_CMAKE_SYMLINK_INSTALL=1 -DCMAKE_INSTALL_PREFIX=/home/swd_sk/external-idec-ez-wheel/install/swd_ros2_controllers
[1.235s] DEBUG:colcon.colcon_core.event_handler.log_command:Invoking command in '/home/swd_sk/external-idec-ez-wheel/build/ezw': DEBUGINFOD_URLS=https://debuginfod.ubuntu.com PYTHONPATH=/home/swd_sk/external-idec-ez-wheel/build/ezw/prefix_override:/usr/lib/python3/dist-packages/colcon_core/task/python/colcon_distutils_commands:/home/swd_sk/external-idec-ez-wheel/install/ezw/lib/python3.12/site-packages:${PYTHONPATH} /usr/bin/python3 -W ignore:setup.py install is deprecated -W ignore:easy_install command is deprecated setup.py develop --editable --build-directory /home/swd_sk/external-idec-ez-wheel/build/ezw/build --no-deps symlink_data
[1.993s] Level 1:colcon.colcon_core.shell:create_environment_hook('ezw', 'pythonpath_develop')
[1.993s] INFO:colcon.colcon_core.shell:Creating environment hook '/home/swd_sk/external-idec-ez-wheel/build/ezw/share/ezw/hook/pythonpath_develop.ps1'
[1.994s] DEBUG:colcon.colcon_core.event_handler.log_command:Invoked command in '/home/swd_sk/external-idec-ez-wheel/build/ezw' returned '0': DEBUGINFOD_URLS=https://debuginfod.ubuntu.com PYTHONPATH=/home/swd_sk/external-idec-ez-wheel/build/ezw/prefix_override:/usr/lib/python3/dist-packages/colcon_core/task/python/colcon_distutils_commands:/home/swd_sk/external-idec-ez-wheel/install/ezw/lib/python3.12/site-packages:${PYTHONPATH} /usr/bin/python3 -W ignore:setup.py install is deprecated -W ignore:easy_install command is deprecated setup.py develop --editable --build-directory /home/swd_sk/external-idec-ez-wheel/build/ezw/build --no-deps symlink_data
[1.994s] INFO:colcon.colcon_core.shell:Creating environment descriptor '/home/swd_sk/external-idec-ez-wheel/build/ezw/share/ezw/hook/pythonpath_develop.dsv'
[1.994s] INFO:colcon.colcon_core.shell:Creating environment hook '/home/swd_sk/external-idec-ez-wheel/build/ezw/share/ezw/hook/pythonpath_develop.sh'
[1.996s] Level 1:colcon.colcon_core.environment:checking '/home/swd_sk/external-idec-ez-wheel/install/ezw' for CMake module files
[1.997s] Level 1:colcon.colcon_core.environment:checking '/home/swd_sk/external-idec-ez-wheel/install/ezw' for CMake config files
[1.997s] Level 1:colcon.colcon_core.environment:checking '/home/swd_sk/external-idec-ez-wheel/install/ezw/lib'
[1.997s] Level 1:colcon.colcon_core.environment:checking '/home/swd_sk/external-idec-ez-wheel/install/ezw/bin'
[1.997s] Level 1:colcon.colcon_core.environment:checking '/home/swd_sk/external-idec-ez-wheel/install/ezw/lib/pkgconfig/ezw.pc'
[1.998s] Level 1:colcon.colcon_core.environment:checking '/home/swd_sk/external-idec-ez-wheel/install/ezw/lib/python3.12/site-packages'
[1.998s] Level 1:colcon.colcon_core.shell:create_environment_hook('ezw', 'pythonpath')
[1.998s] INFO:colcon.colcon_core.shell:Creating environment hook '/home/swd_sk/external-idec-ez-wheel/install/ezw/share/ezw/hook/pythonpath.ps1'
[1.999s] INFO:colcon.colcon_core.shell:Creating environment descriptor '/home/swd_sk/external-idec-ez-wheel/install/ezw/share/ezw/hook/pythonpath.dsv'
[1.999s] INFO:colcon.colcon_core.shell:Creating environment hook '/home/swd_sk/external-idec-ez-wheel/install/ezw/share/ezw/hook/pythonpath.sh'
[1.999s] Level 1:colcon.colcon_core.environment:checking '/home/swd_sk/external-idec-ez-wheel/install/ezw/bin'
[1.999s] Level 1:colcon.colcon_core.environment:create_environment_scripts_only(ezw)
[2.000s] INFO:colcon.colcon_core.shell:Creating package script '/home/swd_sk/external-idec-ez-wheel/install/ezw/share/ezw/package.ps1'
[2.000s] INFO:colcon.colcon_core.shell:Creating package descriptor '/home/swd_sk/external-idec-ez-wheel/install/ezw/share/ezw/package.dsv'
[2.001s] INFO:colcon.colcon_core.shell:Creating package script '/home/swd_sk/external-idec-ez-wheel/install/ezw/share/ezw/package.sh'
[2.001s] INFO:colcon.colcon_core.shell:Creating package script '/home/swd_sk/external-idec-ez-wheel/install/ezw/share/ezw/package.bash'
[2.002s] INFO:colcon.colcon_core.shell:Creating package script '/home/swd_sk/external-idec-ez-wheel/install/ezw/share/ezw/package.zsh'
[2.002s] Level 1:colcon.colcon_core.environment:create_file_with_runtime_dependencies(/home/swd_sk/external-idec-ez-wheel/install/ezw/share/colcon-core/packages/ezw)
[5.890s] DEBUG:colcon.colcon_core.event_handler.log_command:Invoked command in '/home/swd_sk/external-idec-ez-wheel/build/swd_ros2_controllers' returned '0': CMAKE_PREFIX_PATH=${CMAKE_PREFIX_PATH}:/home/swd_sk/external-idec-ez-wheel/install/ezw:/opt/ros/jazzy DEBUGINFOD_URLS=https://debuginfod.ubuntu.com /usr/bin/cmake /home/swd_sk/external-idec-ez-wheel/src/swd_ros2_controllers -DAMENT_CMAKE_SYMLINK_INSTALL=1 -DCMAKE_INSTALL_PREFIX=/home/swd_sk/external-idec-ez-wheel/install/swd_ros2_controllers
[5.892s] DEBUG:colcon.colcon_core.event_handler.log_command:Invoking command in '/home/swd_sk/external-idec-ez-wheel/build/swd_ros2_controllers': CMAKE_PREFIX_PATH=${CMAKE_PREFIX_PATH}:/home/swd_sk/external-idec-ez-wheel/install/ezw:/opt/ros/jazzy DEBUGINFOD_URLS=https://debuginfod.ubuntu.com /usr/bin/cmake --build /home/swd_sk/external-idec-ez-wheel/build/swd_ros2_controllers -- -j16 -l16
[26.411s] DEBUG:colcon.colcon_core.event_handler.log_command:Invoked command in '/home/swd_sk/external-idec-ez-wheel/build/swd_ros2_controllers' returned '0': CMAKE_PREFIX_PATH=${CMAKE_PREFIX_PATH}:/home/swd_sk/external-idec-ez-wheel/install/ezw:/opt/ros/jazzy DEBUGINFOD_URLS=https://debuginfod.ubuntu.com /usr/bin/cmake --build /home/swd_sk/external-idec-ez-wheel/build/swd_ros2_controllers -- -j16 -l16
[26.423s] DEBUG:colcon.colcon_core.event_handler.log_command:Invoking command in '/home/swd_sk/external-idec-ez-wheel/build/swd_ros2_controllers': CMAKE_PREFIX_PATH=${CMAKE_PREFIX_PATH}:/home/swd_sk/external-idec-ez-wheel/install/ezw:/opt/ros/jazzy DEBUGINFOD_URLS=https://debuginfod.ubuntu.com /usr/bin/cmake --install /home/swd_sk/external-idec-ez-wheel/build/swd_ros2_controllers
[27.406s] Level 1:colcon.colcon_core.environment:create_environment_scripts_only(swd_ros2_controllers)
[27.407s] Level 1:colcon.colcon_core.environment:checking '/home/swd_sk/external-idec-ez-wheel/install/swd_ros2_controllers' for CMake module files
[27.408s] DEBUG:colcon.colcon_core.event_handler.log_command:Invoked command in '/home/swd_sk/external-idec-ez-wheel/build/swd_ros2_controllers' returned '0': CMAKE_PREFIX_PATH=${CMAKE_PREFIX_PATH}:/home/swd_sk/external-idec-ez-wheel/install/ezw:/opt/ros/jazzy DEBUGINFOD_URLS=https://debuginfod.ubuntu.com /usr/bin/cmake --install /home/swd_sk/external-idec-ez-wheel/build/swd_ros2_controllers
[27.408s] Level 1:colcon.colcon_core.environment:checking '/home/swd_sk/external-idec-ez-wheel/install/swd_ros2_controllers' for CMake config files
[27.409s] Level 1:colcon.colcon_core.shell:create_environment_hook('swd_ros2_controllers', 'cmake_prefix_path')
[27.409s] INFO:colcon.colcon_core.shell:Creating environment hook '/home/swd_sk/external-idec-ez-wheel/install/swd_ros2_controllers/share/swd_ros2_controllers/hook/cmake_prefix_path.ps1'
[27.410s] INFO:colcon.colcon_core.shell:Creating environment descriptor '/home/swd_sk/external-idec-ez-wheel/install/swd_ros2_controllers/share/swd_ros2_controllers/hook/cmake_prefix_path.dsv'
[27.410s] INFO:colcon.colcon_core.shell:Creating environment hook '/home/swd_sk/external-idec-ez-wheel/install/swd_ros2_controllers/share/swd_ros2_controllers/hook/cmake_prefix_path.sh'
[27.410s] Level 1:colcon.colcon_core.environment:checking '/home/swd_sk/external-idec-ez-wheel/install/swd_ros2_controllers/lib'
[27.410s] Level 1:colcon.colcon_core.shell:create_environment_hook('swd_ros2_controllers', 'ld_library_path_lib')
[27.410s] INFO:colcon.colcon_core.shell:Creating environment hook '/home/swd_sk/external-idec-ez-wheel/install/swd_ros2_controllers/share/swd_ros2_controllers/hook/ld_library_path_lib.ps1'
[27.411s] INFO:colcon.colcon_core.shell:Creating environment descriptor '/home/swd_sk/external-idec-ez-wheel/install/swd_ros2_controllers/share/swd_ros2_controllers/hook/ld_library_path_lib.dsv'
[27.411s] INFO:colcon.colcon_core.shell:Creating environment hook '/home/swd_sk/external-idec-ez-wheel/install/swd_ros2_controllers/share/swd_ros2_controllers/hook/ld_library_path_lib.sh'
[27.411s] Level 1:colcon.colcon_core.environment:checking '/home/swd_sk/external-idec-ez-wheel/install/swd_ros2_controllers/bin'
[27.411s] Level 1:colcon.colcon_core.environment:checking '/home/swd_sk/external-idec-ez-wheel/install/swd_ros2_controllers/lib/pkgconfig/swd_ros2_controllers.pc'
[27.411s] Level 1:colcon.colcon_core.environment:checking '/home/swd_sk/external-idec-ez-wheel/install/swd_ros2_controllers/lib/python3.12/site-packages'
[27.412s] Level 1:colcon.colcon_core.shell:create_environment_hook('swd_ros2_controllers', 'pythonpath')
[27.412s] INFO:colcon.colcon_core.shell:Creating environment hook '/home/swd_sk/external-idec-ez-wheel/install/swd_ros2_controllers/share/swd_ros2_controllers/hook/pythonpath.ps1'
[27.412s] INFO:colcon.colcon_core.shell:Creating environment descriptor '/home/swd_sk/external-idec-ez-wheel/install/swd_ros2_controllers/share/swd_ros2_controllers/hook/pythonpath.dsv'
[27.412s] INFO:colcon.colcon_core.shell:Creating environment hook '/home/swd_sk/external-idec-ez-wheel/install/swd_ros2_controllers/share/swd_ros2_controllers/hook/pythonpath.sh'
[27.413s] Level 1:colcon.colcon_core.environment:checking '/home/swd_sk/external-idec-ez-wheel/install/swd_ros2_controllers/bin'
[27.413s] INFO:colcon.colcon_core.shell:Creating package script '/home/swd_sk/external-idec-ez-wheel/install/swd_ros2_controllers/share/swd_ros2_controllers/package.ps1'
[27.413s] INFO:colcon.colcon_core.shell:Creating package descriptor '/home/swd_sk/external-idec-ez-wheel/install/swd_ros2_controllers/share/swd_ros2_controllers/package.dsv'
[27.414s] INFO:colcon.colcon_core.shell:Creating package script '/home/swd_sk/external-idec-ez-wheel/install/swd_ros2_controllers/share/swd_ros2_controllers/package.sh'
[27.414s] INFO:colcon.colcon_core.shell:Creating package script '/home/swd_sk/external-idec-ez-wheel/install/swd_ros2_controllers/share/swd_ros2_controllers/package.bash'
[27.414s] INFO:colcon.colcon_core.shell:Creating package script '/home/swd_sk/external-idec-ez-wheel/install/swd_ros2_controllers/share/swd_ros2_controllers/package.zsh'
[27.414s] Level 1:colcon.colcon_core.environment:create_file_with_runtime_dependencies(/home/swd_sk/external-idec-ez-wheel/install/swd_ros2_controllers/share/colcon-core/packages/swd_ros2_controllers)
[27.415s] Level 1:colcon.colcon_core.environment:create_environment_scripts_only(swd_ros2_controllers)
[27.415s] Level 1:colcon.colcon_core.environment:checking '/home/swd_sk/external-idec-ez-wheel/install/swd_ros2_controllers' for CMake module files
[27.416s] Level 1:colcon.colcon_core.environment:checking '/home/swd_sk/external-idec-ez-wheel/install/swd_ros2_controllers' for CMake config files
[27.416s] Level 1:colcon.colcon_core.shell:create_environment_hook('swd_ros2_controllers', 'cmake_prefix_path')
[27.416s] INFO:colcon.colcon_core.shell:Creating environment hook '/home/swd_sk/external-idec-ez-wheel/install/swd_ros2_controllers/share/swd_ros2_controllers/hook/cmake_prefix_path.ps1'
[27.417s] INFO:colcon.colcon_core.shell:Creating environment descriptor '/home/swd_sk/external-idec-ez-wheel/install/swd_ros2_controllers/share/swd_ros2_controllers/hook/cmake_prefix_path.dsv'
[27.417s] INFO:colcon.colcon_core.shell:Creating environment hook '/home/swd_sk/external-idec-ez-wheel/install/swd_ros2_controllers/share/swd_ros2_controllers/hook/cmake_prefix_path.sh'
[27.417s] Level 1:colcon.colcon_core.environment:checking '/home/swd_sk/external-idec-ez-wheel/install/swd_ros2_controllers/lib'
[27.417s] Level 1:colcon.colcon_core.shell:create_environment_hook('swd_ros2_controllers', 'ld_library_path_lib')
[27.418s] INFO:colcon.colcon_core.shell:Creating environment hook '/home/swd_sk/external-idec-ez-wheel/install/swd_ros2_controllers/share/swd_ros2_controllers/hook/ld_library_path_lib.ps1'
[27.418s] INFO:colcon.colcon_core.shell:Creating environment descriptor '/home/swd_sk/external-idec-ez-wheel/install/swd_ros2_controllers/share/swd_ros2_controllers/hook/ld_library_path_lib.dsv'
[27.418s] INFO:colcon.colcon_core.shell:Creating environment hook '/home/swd_sk/external-idec-ez-wheel/install/swd_ros2_controllers/share/swd_ros2_controllers/hook/ld_library_path_lib.sh'
[27.418s] Level 1:colcon.colcon_core.environment:checking '/home/swd_sk/external-idec-ez-wheel/install/swd_ros2_controllers/bin'
[27.419s] Level 1:colcon.colcon_core.environment:checking '/home/swd_sk/external-idec-ez-wheel/install/swd_ros2_controllers/lib/pkgconfig/swd_ros2_controllers.pc'
[27.419s] Level 1:colcon.colcon_core.environment:checking '/home/swd_sk/external-idec-ez-wheel/install/swd_ros2_controllers/lib/python3.12/site-packages'
[27.419s] Level 1:colcon.colcon_core.shell:create_environment_hook('swd_ros2_controllers', 'pythonpath')
[27.419s] INFO:colcon.colcon_core.shell:Creating environment hook '/home/swd_sk/external-idec-ez-wheel/install/swd_ros2_controllers/share/swd_ros2_controllers/hook/pythonpath.ps1'
[27.419s] INFO:colcon.colcon_core.shell:Creating environment descriptor '/home/swd_sk/external-idec-ez-wheel/install/swd_ros2_controllers/share/swd_ros2_controllers/hook/pythonpath.dsv'
[27.420s] INFO:colcon.colcon_core.shell:Creating environment hook '/home/swd_sk/external-idec-ez-wheel/install/swd_ros2_controllers/share/swd_ros2_controllers/hook/pythonpath.sh'
[27.420s] Level 1:colcon.colcon_core.environment:checking '/home/swd_sk/external-idec-ez-wheel/install/swd_ros2_controllers/bin'
[27.420s] INFO:colcon.colcon_core.shell:Creating package script '/home/swd_sk/external-idec-ez-wheel/install/swd_ros2_controllers/share/swd_ros2_controllers/package.ps1'
[27.421s] INFO:colcon.colcon_core.shell:Creating package descriptor '/home/swd_sk/external-idec-ez-wheel/install/swd_ros2_controllers/share/swd_ros2_controllers/package.dsv'
[27.421s] INFO:colcon.colcon_core.shell:Creating package script '/home/swd_sk/external-idec-ez-wheel/install/swd_ros2_controllers/share/swd_ros2_controllers/package.sh'
[27.422s] INFO:colcon.colcon_core.shell:Creating package script '/home/swd_sk/external-idec-ez-wheel/install/swd_ros2_controllers/share/swd_ros2_controllers/package.bash'
[27.422s] INFO:colcon.colcon_core.shell:Creating package script '/home/swd_sk/external-idec-ez-wheel/install/swd_ros2_controllers/share/swd_ros2_controllers/package.zsh'
[27.422s] Level 1:colcon.colcon_core.environment:create_file_with_runtime_dependencies(/home/swd_sk/external-idec-ez-wheel/install/swd_ros2_controllers/share/colcon-core/packages/swd_ros2_controllers)
[27.422s] DEBUG:colcon.colcon_parallel_executor.executor.parallel:closing loop
[27.422s] DEBUG:colcon.colcon_parallel_executor.executor.parallel:loop closed
[27.423s] DEBUG:colcon.colcon_parallel_executor.executor.parallel:run_until_complete finished with '0'
[27.423s] DEBUG:colcon.colcon_core.event_reactor:joining thread
[27.429s] INFO:colcon.colcon_core.plugin_system:Skipping extension 'colcon_notification.desktop_notification.terminal_notifier': Not used on non-Darwin systems
[27.430s] INFO:colcon.colcon_core.plugin_system:Skipping extension 'colcon_notification.desktop_notification.win32': Not used on non-Windows systems
[27.430s] INFO:colcon.colcon_notification.desktop_notification:Sending desktop notification using 'notify2'
[27.448s] DEBUG:colcon.colcon_core.event_reactor:joined thread
[27.448s] INFO:colcon.colcon_core.shell:Creating prefix script '/home/swd_sk/external-idec-ez-wheel/install/local_setup.ps1'
[27.449s] INFO:colcon.colcon_core.shell:Creating prefix util module '/home/swd_sk/external-idec-ez-wheel/install/_local_setup_util_ps1.py'
[27.450s] INFO:colcon.colcon_core.shell:Creating prefix chain script '/home/swd_sk/external-idec-ez-wheel/install/setup.ps1'
[27.451s] INFO:colcon.colcon_core.shell:Creating prefix script '/home/swd_sk/external-idec-ez-wheel/install/local_setup.sh'
[27.452s] INFO:colcon.colcon_core.shell:Creating prefix util module '/home/swd_sk/external-idec-ez-wheel/install/_local_setup_util_sh.py'
[27.452s] INFO:colcon.colcon_core.shell:Creating prefix chain script '/home/swd_sk/external-idec-ez-wheel/install/setup.sh'
[27.453s] INFO:colcon.colcon_core.shell:Creating prefix script '/home/swd_sk/external-idec-ez-wheel/install/local_setup.bash'
[27.454s] INFO:colcon.colcon_core.shell:Creating prefix chain script '/home/swd_sk/external-idec-ez-wheel/install/setup.bash'
[27.455s] INFO:colcon.colcon_core.shell:Creating prefix script '/home/swd_sk/external-idec-ez-wheel/install/local_setup.zsh'
[27.456s] INFO:colcon.colcon_core.shell:Creating prefix chain script '/home/swd_sk/external-idec-ez-wheel/install/setup.zsh'
