running egg_info
writing ../../build/ezw/ezw.egg-info/PKG-INFO
writing dependency_links to ../../build/ezw/ezw.egg-info/dependency_links.txt
writing entry points to ../../build/ezw/ezw.egg-info/entry_points.txt
writing requirements to ../../build/ezw/ezw.egg-info/requires.txt
writing top-level names to ../../build/ezw/ezw.egg-info/top_level.txt
reading manifest file '../../build/ezw/ezw.egg-info/SOURCES.txt'
writing manifest file '../../build/ezw/ezw.egg-info/SOURCES.txt'
running build
running build_py
running install
running install_lib
running install_data
running install_egg_info
removing '/home/icr247/external-idec-ez-wheel/install/ezw/lib/python3.12/site-packages/ezw-0.0.0-py3.12.egg-info' (and everything under it)
Copying ../../build/ezw/ezw.egg-info to /home/icr247/external-idec-ez-wheel/install/ezw/lib/python3.12/site-packages/ezw-0.0.0-py3.12.egg-info
running install_scripts
Installing tcp_can_client script to /home/icr247/external-idec-ez-wheel/install/ezw/lib/ezw
Installing tcp_can_joystick_client script to /home/icr247/external-idec-ez-wheel/install/ezw/lib/ezw
writing list of installed files to '/home/icr247/external-idec-ez-wheel/build/ezw/install.log'
