[0.778s] Invoking command in '/home/icr247/external-idec-ez-wheel/src/ezw': DEBUGINFOD_URLS=https://debuginfod.ubuntu.com PYTHONPATH=/home/icr247/external-idec-ez-wheel/build/ezw/prefix_override:/usr/lib/python3/dist-packages/colcon_core/task/python/colcon_distutils_commands:/home/icr247/external-idec-ez-wheel/install/ezw/lib/python3.12/site-packages:${PYTHONPATH} /usr/bin/python3 -W ignore:setup.py install is deprecated -W ignore:easy_install command is deprecated setup.py egg_info --egg-base ../../build/ezw build --build-base /home/icr247/external-idec-ez-wheel/build/ezw/build install --record /home/icr247/external-idec-ez-wheel/build/ezw/install.log --single-version-externally-managed install_data
[1.019s] running egg_info
[1.037s] writing ../../build/ezw/ezw.egg-info/PKG-INFO
[1.038s] writing dependency_links to ../../build/ezw/ezw.egg-info/dependency_links.txt
[1.038s] writing entry points to ../../build/ezw/ezw.egg-info/entry_points.txt
[1.038s] writing requirements to ../../build/ezw/ezw.egg-info/requires.txt
[1.038s] writing top-level names to ../../build/ezw/ezw.egg-info/top_level.txt
[1.075s] reading manifest file '../../build/ezw/ezw.egg-info/SOURCES.txt'
[1.075s] writing manifest file '../../build/ezw/ezw.egg-info/SOURCES.txt'
[1.075s] running build
[1.076s] running build_py
[1.076s] running install
[1.081s] running install_lib
[1.100s] running install_data
[1.100s] running install_egg_info
[1.120s] removing '/home/icr247/external-idec-ez-wheel/install/ezw/lib/python3.12/site-packages/ezw-0.0.0-py3.12.egg-info' (and everything under it)
[1.120s] Copying ../../build/ezw/ezw.egg-info to /home/icr247/external-idec-ez-wheel/install/ezw/lib/python3.12/site-packages/ezw-0.0.0-py3.12.egg-info
[1.121s] running install_scripts
[1.249s] Installing tcp_can_client script to /home/icr247/external-idec-ez-wheel/install/ezw/lib/ezw
[1.250s] Installing tcp_can_joystick_client script to /home/icr247/external-idec-ez-wheel/install/ezw/lib/ezw
[1.250s] writing list of installed files to '/home/icr247/external-idec-ez-wheel/build/ezw/install.log'
[1.287s] Invoked command in '/home/icr247/external-idec-ez-wheel/src/ezw' returned '0': DEBUGINFOD_URLS=https://debuginfod.ubuntu.com PYTHONPATH=/home/icr247/external-idec-ez-wheel/build/ezw/prefix_override:/usr/lib/python3/dist-packages/colcon_core/task/python/colcon_distutils_commands:/home/icr247/external-idec-ez-wheel/install/ezw/lib/python3.12/site-packages:${PYTHONPATH} /usr/bin/python3 -W ignore:setup.py install is deprecated -W ignore:easy_install command is deprecated setup.py egg_info --egg-base ../../build/ezw build --build-base /home/icr247/external-idec-ez-wheel/build/ezw/build install --record /home/icr247/external-idec-ez-wheel/build/ezw/install.log --single-version-externally-managed install_data
