running develop
running egg_info
creating ezw.egg-info
writing ezw.egg-info/PKG-INFO
writing dependency_links to ezw.egg-info/dependency_links.txt
writing entry points to ezw.egg-info/entry_points.txt
writing requirements to ezw.egg-info/requires.txt
writing top-level names to ezw.egg-info/top_level.txt
writing manifest file 'ezw.egg-info/SOURCES.txt'
reading manifest file 'ezw.egg-info/SOURCES.txt'
writing manifest file 'ezw.egg-info/SOURCES.txt'
running build_ext
Creating /home/swd_sk/external-idec-ez-wheel/install/ezw/lib/python3.12/site-packages/ezw.egg-link (link to .)
Installing diff_drive script to /home/swd_sk/external-idec-ez-wheel/install/ezw/lib/ezw
Installing follow_ball script to /home/swd_sk/external-idec-ez-wheel/install/ezw/lib/ezw
Installing object_detector script to /home/swd_sk/external-idec-ez-wheel/install/ezw/lib/ezw
Installing test script to /home/swd_sk/external-idec-ez-wheel/install/ezw/lib/ezw

Installed /home/swd_sk/external-idec-ez-wheel/build/ezw
running symlink_data
creating /home/swd_sk/external-idec-ez-wheel/install/ezw/share/ament_index
creating /home/swd_sk/external-idec-ez-wheel/install/ezw/share/ament_index/resource_index
creating /home/swd_sk/external-idec-ez-wheel/install/ezw/share/ament_index/resource_index/packages
symbolically linking /home/swd_sk/external-idec-ez-wheel/build/ezw/resource/ezw -> /home/swd_sk/external-idec-ez-wheel/install/ezw/share/ament_index/resource_index/packages
symbolically linking /home/swd_sk/external-idec-ez-wheel/build/ezw/package.xml -> /home/swd_sk/external-idec-ez-wheel/install/ezw/share/ezw
creating /home/swd_sk/external-idec-ez-wheel/install/ezw/share/ezw/launch
symbolically linking /home/swd_sk/external-idec-ez-wheel/build/ezw/launch/follow_person.launch.py -> /home/swd_sk/external-idec-ez-wheel/install/ezw/share/ezw/launch
symbolically linking /home/swd_sk/external-idec-ez-wheel/build/ezw/launch/slam.launch.py -> /home/swd_sk/external-idec-ez-wheel/install/ezw/share/ezw/launch
