[1.085s] Invoking command in '/home/swd_sk/external-idec-ez-wheel/build/ezw': DEBUGINFOD_URLS=https://debuginfod.ubuntu.com PYTHONPATH=/home/swd_sk/external-idec-ez-wheel/build/ezw/prefix_override:/usr/lib/python3/dist-packages/colcon_core/task/python/colcon_distutils_commands:/home/swd_sk/external-idec-ez-wheel/install/ezw/lib/python3.12/site-packages:${PYTHONPATH} /usr/bin/python3 -W ignore:setup.py install is deprecated -W ignore:easy_install command is deprecated setup.py develop --editable --build-directory /home/swd_sk/external-idec-ez-wheel/build/ezw/build --no-deps symlink_data
[1.436s] running develop
[1.659s] running egg_info
[1.659s] creating ezw.egg-info
[1.679s] writing ezw.egg-info/PKG-INFO
[1.679s] writing dependency_links to ezw.egg-info/dependency_links.txt
[1.679s] writing entry points to ezw.egg-info/entry_points.txt
[1.679s] writing requirements to ezw.egg-info/requires.txt
[1.679s] writing top-level names to ezw.egg-info/top_level.txt
[1.679s] writing manifest file 'ezw.egg-info/SOURCES.txt'
[1.720s] reading manifest file 'ezw.egg-info/SOURCES.txt'
[1.721s] writing manifest file 'ezw.egg-info/SOURCES.txt'
[1.745s] running build_ext
[1.745s] Creating /home/swd_sk/external-idec-ez-wheel/install/ezw/lib/python3.12/site-packages/ezw.egg-link (link to .)
[1.746s] Installing diff_drive script to /home/swd_sk/external-idec-ez-wheel/install/ezw/lib/ezw
[1.746s] Installing follow_ball script to /home/swd_sk/external-idec-ez-wheel/install/ezw/lib/ezw
[1.746s] Installing object_detector script to /home/swd_sk/external-idec-ez-wheel/install/ezw/lib/ezw
[1.747s] Installing test script to /home/swd_sk/external-idec-ez-wheel/install/ezw/lib/ezw
[1.747s] 
[1.747s] Installed /home/swd_sk/external-idec-ez-wheel/build/ezw
[1.747s] running symlink_data
[1.747s] creating /home/swd_sk/external-idec-ez-wheel/install/ezw/share/ament_index
[1.747s] creating /home/swd_sk/external-idec-ez-wheel/install/ezw/share/ament_index/resource_index
[1.747s] creating /home/swd_sk/external-idec-ez-wheel/install/ezw/share/ament_index/resource_index/packages
[1.747s] symbolically linking /home/swd_sk/external-idec-ez-wheel/build/ezw/resource/ezw -> /home/swd_sk/external-idec-ez-wheel/install/ezw/share/ament_index/resource_index/packages
[1.747s] symbolically linking /home/swd_sk/external-idec-ez-wheel/build/ezw/package.xml -> /home/swd_sk/external-idec-ez-wheel/install/ezw/share/ezw
[1.747s] creating /home/swd_sk/external-idec-ez-wheel/install/ezw/share/ezw/launch
[1.747s] symbolically linking /home/swd_sk/external-idec-ez-wheel/build/ezw/launch/follow_person.launch.py -> /home/swd_sk/external-idec-ez-wheel/install/ezw/share/ezw/launch
[1.747s] symbolically linking /home/swd_sk/external-idec-ez-wheel/build/ezw/launch/slam.launch.py -> /home/swd_sk/external-idec-ez-wheel/install/ezw/share/ezw/launch
[1.797s] Invoked command in '/home/swd_sk/external-idec-ez-wheel/build/ezw' returned '0': DEBUGINFOD_URLS=https://debuginfod.ubuntu.com PYTHONPATH=/home/swd_sk/external-idec-ez-wheel/build/ezw/prefix_override:/usr/lib/python3/dist-packages/colcon_core/task/python/colcon_distutils_commands:/home/swd_sk/external-idec-ez-wheel/install/ezw/lib/python3.12/site-packages:${PYTHONPATH} /usr/bin/python3 -W ignore:setup.py install is deprecated -W ignore:easy_install command is deprecated setup.py develop --editable --build-directory /home/swd_sk/external-idec-ez-wheel/build/ezw/build --no-deps symlink_data
