[1.372s] Invoking command in '/home/swd_sk/external-idec-ez-wheel/build/ezw': DEBUGINFOD_URLS=https://debuginfod.ubuntu.com PYTHONPATH=/home/swd_sk/external-idec-ez-wheel/build/ezw/prefix_override:/usr/lib/python3/dist-packages/colcon_core/task/python/colcon_distutils_commands:/home/swd_sk/external-idec-ez-wheel/install/ezw/lib/python3.12/site-packages:${PYTHONPATH} /usr/bin/python3 -W ignore:setup.py install is deprecated -W ignore:easy_install command is deprecated setup.py develop --editable --build-directory /home/swd_sk/external-idec-ez-wheel/build/ezw/build --no-deps symlink_data
[1.826s] running develop
[2.116s] running egg_info
[2.148s] writing ezw.egg-info/PKG-INFO
[2.148s] writing dependency_links to ezw.egg-info/dependency_links.txt
[2.149s] writing entry points to ezw.egg-info/entry_points.txt
[2.149s] writing requirements to ezw.egg-info/requires.txt
[2.149s] writing top-level names to ezw.egg-info/top_level.txt
[2.195s] reading manifest file 'ezw.egg-info/SOURCES.txt'
[2.195s] writing manifest file 'ezw.egg-info/SOURCES.txt'
[2.226s] running build_ext
[2.226s] Creating /home/swd_sk/external-idec-ez-wheel/install/ezw/lib/python3.12/site-packages/ezw.egg-link (link to .)
[2.227s] Installing diff_drive script to /home/swd_sk/external-idec-ez-wheel/install/ezw/lib/ezw
[2.227s] Installing follow_ball script to /home/swd_sk/external-idec-ez-wheel/install/ezw/lib/ezw
[2.228s] Installing object_detector script to /home/swd_sk/external-idec-ez-wheel/install/ezw/lib/ezw
[2.228s] Installing test script to /home/swd_sk/external-idec-ez-wheel/install/ezw/lib/ezw
[2.229s] 
[2.231s] Installed /home/swd_sk/external-idec-ez-wheel/build/ezw
[2.231s] running symlink_data
[2.305s] Invoked command in '/home/swd_sk/external-idec-ez-wheel/build/ezw' returned '0': DEBUGINFOD_URLS=https://debuginfod.ubuntu.com PYTHONPATH=/home/swd_sk/external-idec-ez-wheel/build/ezw/prefix_override:/usr/lib/python3/dist-packages/colcon_core/task/python/colcon_distutils_commands:/home/swd_sk/external-idec-ez-wheel/install/ezw/lib/python3.12/site-packages:${PYTHONPATH} /usr/bin/python3 -W ignore:setup.py install is deprecated -W ignore:easy_install command is deprecated setup.py develop --editable --build-directory /home/swd_sk/external-idec-ez-wheel/build/ezw/build --no-deps symlink_data
