[0.876s] Invoking command in '/home/icr247/external-idec-ez-wheel/build/ezw': DEBUGINFOD_URLS=https://debuginfod.ubuntu.com PYTHONPATH=/home/icr247/external-idec-ez-wheel/build/ezw/prefix_override:/usr/lib/python3/dist-packages/colcon_core/task/python/colcon_distutils_commands:/home/icr247/external-idec-ez-wheel/install/ezw/lib/python3.12/site-packages:${PYTHONPATH} VIRTUAL_ENV_PROMPT=(ros2-yolo-venv) /usr/bin/python3 -W ignore:setup.py install is deprecated -W ignore:easy_install command is deprecated setup.py develop --editable --build-directory /home/icr247/external-idec-ez-wheel/build/ezw/build --no-deps symlink_data
[1.170s] running develop
[1.385s] running egg_info
[1.385s] creating ezw.egg-info
[1.404s] writing ezw.egg-info/PKG-INFO
[1.404s] writing dependency_links to ezw.egg-info/dependency_links.txt
[1.404s] writing entry points to ezw.egg-info/entry_points.txt
[1.404s] writing requirements to ezw.egg-info/requires.txt
[1.404s] writing top-level names to ezw.egg-info/top_level.txt
[1.405s] writing manifest file 'ezw.egg-info/SOURCES.txt'
[1.446s] reading manifest file 'ezw.egg-info/SOURCES.txt'
[1.447s] writing manifest file 'ezw.egg-info/SOURCES.txt'
[1.466s] running build_ext
[1.466s] Creating /home/icr247/external-idec-ez-wheel/install/ezw/lib/python3.12/site-packages/ezw.egg-link (link to .)
[1.467s] Installing object_detector script to /home/icr247/external-idec-ez-wheel/install/ezw/bin
[1.467s] Installing tcp_can_client script to /home/icr247/external-idec-ez-wheel/install/ezw/bin
[1.467s] Installing tcp_can_diff_client script to /home/icr247/external-idec-ez-wheel/install/ezw/bin
[1.467s] 
[1.468s] Installed /home/icr247/external-idec-ez-wheel/build/ezw
[1.468s] running symlink_data
[1.468s] creating /home/icr247/external-idec-ez-wheel/install/ezw/share/ament_index
[1.468s] creating /home/icr247/external-idec-ez-wheel/install/ezw/share/ament_index/resource_index
[1.468s] creating /home/icr247/external-idec-ez-wheel/install/ezw/share/ament_index/resource_index/packages
[1.468s] symbolically linking /home/icr247/external-idec-ez-wheel/build/ezw/resource/ezw -> /home/icr247/external-idec-ez-wheel/install/ezw/share/ament_index/resource_index/packages
[1.468s] symbolically linking /home/icr247/external-idec-ez-wheel/build/ezw/package.xml -> /home/icr247/external-idec-ez-wheel/install/ezw/share/ezw
[1.468s] creating /home/icr247/external-idec-ez-wheel/install/ezw/share/ezw/launch
[1.468s] symbolically linking /home/icr247/external-idec-ez-wheel/build/ezw/launch/bringup.launch.py -> /home/icr247/external-idec-ez-wheel/install/ezw/share/ezw/launch
[1.545s] Invoked command in '/home/icr247/external-idec-ez-wheel/build/ezw' returned '0': DEBUGINFOD_URLS=https://debuginfod.ubuntu.com PYTHONPATH=/home/icr247/external-idec-ez-wheel/build/ezw/prefix_override:/usr/lib/python3/dist-packages/colcon_core/task/python/colcon_distutils_commands:/home/icr247/external-idec-ez-wheel/install/ezw/lib/python3.12/site-packages:${PYTHONPATH} VIRTUAL_ENV_PROMPT=(ros2-yolo-venv) /usr/bin/python3 -W ignore:setup.py install is deprecated -W ignore:easy_install command is deprecated setup.py develop --editable --build-directory /home/icr247/external-idec-ez-wheel/build/ezw/build --no-deps symlink_data
