-- Found ament_cmake: 2.5.4 (/opt/ros/jazzy/share/ament_cmake/cmake)
-- Found Python3: /usr/bin/python3 (found version "3.12.3") found components: Interpreter 
-- Override CMake install command with custom implementation using symlinks instead of copying resources
-- Found rclcpp: 28.1.10 (/opt/ros/jazzy/share/rclcpp/cmake)
-- Found rosidl_generator_c: 4.6.5 (/opt/ros/jazzy/share/rosidl_generator_c/cmake)
-- Found rosidl_generator_cpp: 4.6.5 (/opt/ros/jazzy/share/rosidl_generator_cpp/cmake)
-- Using all available rosidl_typesupport_c: rosidl_typesupport_fastrtps_c;rosidl_typesupport_introspection_c
-- Using all available rosidl_typesupport_cpp: rosidl_typesupport_fastrtps_cpp;rosidl_typesupport_introspection_cpp
-- Found rmw_implementation_cmake: 7.3.2 (/opt/ros/jazzy/share/rmw_implementation_cmake/cmake)
-- Found rmw_fastrtps_cpp: 8.4.2 (/opt/ros/jazzy/share/rmw_fastrtps_cpp/cmake)
-- Using RMW implementation 'rmw_fastrtps_cpp' as default
-- Found std_msgs: 5.3.6 (/opt/ros/jazzy/share/std_msgs/cmake)
-- Found nav_msgs: 5.3.6 (/opt/ros/jazzy/share/nav_msgs/cmake)
-- Found tf2: 0.36.12 (/opt/ros/jazzy/share/tf2/cmake)
-- Found tf2_msgs: 0.36.12 (/opt/ros/jazzy/share/tf2_msgs/cmake)
-- Found tf2_ros: 0.36.12 (/opt/ros/jazzy/share/tf2_ros/cmake)
-- Found lifecycle_msgs: 2.0.2 (/opt/ros/jazzy/share/lifecycle_msgs/cmake)
-- Found rclcpp_lifecycle: 28.1.10 (/opt/ros/jazzy/share/rclcpp_lifecycle/cmake)
-- Found rosidl_default_generators: 1.6.0 (/opt/ros/jazzy/share/rosidl_default_generators/cmake)
-- Found rosidl_adapter: 4.6.5 (/opt/ros/jazzy/share/rosidl_adapter/cmake)
-- Found ament_cmake_ros: 0.12.0 (/opt/ros/jazzy/share/ament_cmake_ros/cmake)
-- Using all available rosidl_typesupport_c: rosidl_typesupport_fastrtps_c;rosidl_typesupport_introspection_c
-- Using all available rosidl_typesupport_cpp: rosidl_typesupport_fastrtps_cpp;rosidl_typesupport_introspection_cpp
-- Found python_cmake_module: 0.11.1 (/opt/ros/jazzy/share/python_cmake_module/cmake)
-- Found Python3: /usr/bin/python3 (found version "3.12.3") found components: Interpreter Development NumPy Development.Module Development.Embed 
-- Pkgconfig extra path are: :/opt/ezw/usr/lib/pkgconfig 
-- Configuring done (1.6s)
-- Generating done (0.0s)
-- Build files have been written to: /home/icr247/external-idec-ez-wheel/build/swd_ros2_controllers
[  2%] Built target swd_ros2_controllers__rosidl_generator_type_description
[  2%] Built target ament_cmake_python_symlink_swd_ros2_controllers
[  5%] Built target swd_ros2_controllers__cpp
[  7%] [32mBuilding C object CMakeFiles/swd_ros2_controllers__rosidl_generator_c.dir/rosidl_generator_c/swd_ros2_controllers/msg/detail/safety_functions__description.c.o[0m
[ 13%] [32mBuilding C object CMakeFiles/swd_ros2_controllers__rosidl_generator_c.dir/rosidl_generator_c/swd_ros2_controllers/msg/detail/safety_functions__type_support.c.o[0m
[ 13%] [32mBuilding C object CMakeFiles/swd_ros2_controllers__rosidl_generator_c.dir/rosidl_generator_c/swd_ros2_controllers/msg/detail/safety_functions__functions.c.o[0m
[ 15%] [32m[1mLinking C shared library libswd_ros2_controllers__rosidl_generator_c.so[0m
[ 18%] Built target swd_ros2_controllers__rosidl_generator_c
running egg_info
[ 23%] [32mBuilding CXX object CMakeFiles/swd_ros2_controllers__rosidl_typesupport_fastrtps_c.dir/rosidl_typesupport_fastrtps_c/swd_ros2_controllers/msg/detail/safety_functions__type_support_c.cpp.o[0m
[ 23%] [32mBuilding CXX object CMakeFiles/swd_ros2_controllers__rosidl_typesupport_cpp.dir/rosidl_typesupport_cpp/swd_ros2_controllers/msg/safety_functions__type_support.cpp.o[0m
[ 26%] [32mBuilding CXX object CMakeFiles/swd_ros2_controllers__rosidl_typesupport_fastrtps_cpp.dir/rosidl_typesupport_fastrtps_cpp/swd_ros2_controllers/msg/detail/dds_fastrtps/safety_functions__type_support.cpp.o[0m
[ 31%] [32mBuilding C object CMakeFiles/swd_ros2_controllers__rosidl_typesupport_introspection_c.dir/rosidl_typesupport_introspection_c/swd_ros2_controllers/msg/detail/safety_functions__type_support.c.o[0m
[ 34%] [32mBuilding CXX object CMakeFiles/swd_ros2_controllers__rosidl_typesupport_introspection_cpp.dir/rosidl_typesupport_introspection_cpp/swd_ros2_controllers/msg/detail/safety_functions__type_support.cpp.o[0m
[ 34%] [32mBuilding CXX object CMakeFiles/swd_ros2_controllers__rosidl_typesupport_c.dir/rosidl_typesupport_c/swd_ros2_controllers/msg/safety_functions__type_support.cpp.o[0m
writing swd_ros2_controllers.egg-info/PKG-INFO
writing dependency_links to swd_ros2_controllers.egg-info/dependency_links.txt
writing top-level names to swd_ros2_controllers.egg-info/top_level.txt
[ 36%] [32m[1mLinking C shared library libswd_ros2_controllers__rosidl_typesupport_introspection_c.so[0m
reading manifest file 'swd_ros2_controllers.egg-info/SOURCES.txt'
writing manifest file 'swd_ros2_controllers.egg-info/SOURCES.txt'
[ 39%] Built target swd_ros2_controllers__rosidl_typesupport_introspection_c
[ 42%] [32m[1mLinking CXX shared library libswd_ros2_controllers__rosidl_typesupport_c.so[0m
[ 42%] Built target ament_cmake_python_build_swd_ros2_controllers_egg
[ 44%] Built target swd_ros2_controllers__rosidl_typesupport_c
[ 47%] [32m[1mLinking CXX shared library libswd_ros2_controllers__rosidl_typesupport_cpp.so[0m
[ 50%] [32m[1mLinking CXX shared library libswd_ros2_controllers__rosidl_typesupport_introspection_cpp.so[0m
[ 52%] Built target swd_ros2_controllers__rosidl_typesupport_cpp
[ 55%] Built target swd_ros2_controllers__rosidl_typesupport_introspection_cpp
[ 57%] [32m[1mLinking CXX shared library libswd_ros2_controllers__rosidl_typesupport_fastrtps_c.so[0m
[ 60%] [32m[1mLinking CXX shared library libswd_ros2_controllers__rosidl_typesupport_fastrtps_cpp.so[0m
[ 63%] Built target swd_ros2_controllers__rosidl_typesupport_fastrtps_c
[ 65%] Built target swd_ros2_controllers__rosidl_typesupport_fastrtps_cpp
[ 65%] Built target swd_ros2_controllers
[ 68%] Built target swd_ros2_controllers__py
[ 76%] [32mBuilding CXX object CMakeFiles/swd_diff_drive_controller.dir/src/diff_drive_controller/DiffDriveParameters.cpp.o[0m
[ 76%] [32mBuilding CXX object CMakeFiles/swd_diff_drive_controller.dir/src/diff_drive_controller/main.cpp.o[0m
[ 76%] [32mBuilding CXX object CMakeFiles/swd_diff_drive_controller.dir/src/diff_drive_controller/DiffDriveController.cpp.o[0m
[ 78%] [32mBuilding C object CMakeFiles/swd_ros2_controllers__rosidl_generator_py.dir/rosidl_generator_py/swd_ros2_controllers/msg/_safety_functions_s.c.o[0m
[ 81%] [32m[1mLinking C shared library libswd_ros2_controllers__rosidl_generator_py.so[0m
[ 81%] Built target swd_ros2_controllers__rosidl_generator_py
[ 89%] [32mBuilding C object CMakeFiles/swd_ros2_controllers_s__rosidl_typesupport_introspection_c.dir/rosidl_generator_py/swd_ros2_controllers/_swd_ros2_controllers_s.ep.rosidl_typesupport_introspection_c.c.o[0m
[ 89%] [32mBuilding C object CMakeFiles/swd_ros2_controllers_s__rosidl_typesupport_c.dir/rosidl_generator_py/swd_ros2_controllers/_swd_ros2_controllers_s.ep.rosidl_typesupport_c.c.o[0m
[ 89%] [32mBuilding C object CMakeFiles/swd_ros2_controllers_s__rosidl_typesupport_fastrtps_c.dir/rosidl_generator_py/swd_ros2_controllers/_swd_ros2_controllers_s.ep.rosidl_typesupport_fastrtps_c.c.o[0m
[ 92%] [32m[1mLinking C shared module rosidl_generator_py/swd_ros2_controllers/swd_ros2_controllers_s__rosidl_typesupport_c.so[0m
[ 94%] [32m[1mLinking C shared module rosidl_generator_py/swd_ros2_controllers/swd_ros2_controllers_s__rosidl_typesupport_introspection_c.so[0m
[ 97%] [32m[1mLinking C shared module rosidl_generator_py/swd_ros2_controllers/swd_ros2_controllers_s__rosidl_typesupport_fastrtps_c.so[0m
[ 97%] Built target swd_ros2_controllers_s__rosidl_typesupport_introspection_c
[ 97%] Built target swd_ros2_controllers_s__rosidl_typesupport_c
[ 97%] Built target swd_ros2_controllers_s__rosidl_typesupport_fastrtps_c
[100%] [32m[1mLinking CXX executable swd_diff_drive_controller[0m
[100%] Built target swd_diff_drive_controller
-- Install configuration: "Release"
-- Execute custom install script
-- Up-to-date symlink: /home/icr247/external-idec-ez-wheel/install/swd_ros2_controllers/share/ament_index/resource_index/rosidl_interfaces/swd_ros2_controllers
-- Up-to-date symlink: /home/icr247/external-idec-ez-wheel/install/swd_ros2_controllers/share/swd_ros2_controllers/msg/SafetyFunctions.json
-- Up-to-date symlink: /home/icr247/external-idec-ez-wheel/install/swd_ros2_controllers/include/swd_ros2_controllers/swd_ros2_controllers/msg/detail/safety_functions__functions.h
-- Up-to-date symlink: /home/icr247/external-idec-ez-wheel/install/swd_ros2_controllers/include/swd_ros2_controllers/swd_ros2_controllers/msg/detail/safety_functions__struct.h
-- Up-to-date symlink: /home/icr247/external-idec-ez-wheel/install/swd_ros2_controllers/include/swd_ros2_controllers/swd_ros2_controllers/msg/detail/safety_functions__type_support.h
-- Up-to-date symlink: /home/icr247/external-idec-ez-wheel/install/swd_ros2_controllers/include/swd_ros2_controllers/swd_ros2_controllers/msg/rosidl_generator_c__visibility_control.h
-- Up-to-date symlink: /home/icr247/external-idec-ez-wheel/install/swd_ros2_controllers/include/swd_ros2_controllers/swd_ros2_controllers/msg/safety_functions.h
-- Up-to-date symlink: /home/icr247/external-idec-ez-wheel/install/swd_ros2_controllers/share/swd_ros2_controllers/environment/library_path.sh
-- Up-to-date symlink: /home/icr247/external-idec-ez-wheel/install/swd_ros2_controllers/share/swd_ros2_controllers/environment/library_path.dsv
-- Up-to-date symlink: /home/icr247/external-idec-ez-wheel/install/swd_ros2_controllers/include/swd_ros2_controllers/swd_ros2_controllers/msg/detail/safety_functions__rosidl_typesupport_fastrtps_c.h
-- Up-to-date symlink: /home/icr247/external-idec-ez-wheel/install/swd_ros2_controllers/include/swd_ros2_controllers/swd_ros2_controllers/msg/rosidl_typesupport_fastrtps_c__visibility_control.h
-- Up-to-date symlink: /home/icr247/external-idec-ez-wheel/install/swd_ros2_controllers/include/swd_ros2_controllers/swd_ros2_controllers/msg/detail/safety_functions__builder.hpp
-- Up-to-date symlink: /home/icr247/external-idec-ez-wheel/install/swd_ros2_controllers/include/swd_ros2_controllers/swd_ros2_controllers/msg/detail/safety_functions__struct.hpp
-- Up-to-date symlink: /home/icr247/external-idec-ez-wheel/install/swd_ros2_controllers/include/swd_ros2_controllers/swd_ros2_controllers/msg/detail/safety_functions__traits.hpp
-- Up-to-date symlink: /home/icr247/external-idec-ez-wheel/install/swd_ros2_controllers/include/swd_ros2_controllers/swd_ros2_controllers/msg/detail/safety_functions__type_support.hpp
-- Up-to-date symlink: /home/icr247/external-idec-ez-wheel/install/swd_ros2_controllers/include/swd_ros2_controllers/swd_ros2_controllers/msg/rosidl_generator_cpp__visibility_control.hpp
-- Up-to-date symlink: /home/icr247/external-idec-ez-wheel/install/swd_ros2_controllers/include/swd_ros2_controllers/swd_ros2_controllers/msg/safety_functions.hpp
-- Up-to-date symlink: /home/icr247/external-idec-ez-wheel/install/swd_ros2_controllers/include/swd_ros2_controllers/swd_ros2_controllers/msg/detail/safety_functions__rosidl_typesupport_fastrtps_cpp.hpp
-- Up-to-date symlink: /home/icr247/external-idec-ez-wheel/install/swd_ros2_controllers/include/swd_ros2_controllers/swd_ros2_controllers/msg/rosidl_typesupport_fastrtps_cpp__visibility_control.h
-- Up-to-date symlink: /home/icr247/external-idec-ez-wheel/install/swd_ros2_controllers/include/swd_ros2_controllers/swd_ros2_controllers/msg/detail/safety_functions__rosidl_typesupport_introspection_c.h
-- Up-to-date symlink: /home/icr247/external-idec-ez-wheel/install/swd_ros2_controllers/include/swd_ros2_controllers/swd_ros2_controllers/msg/rosidl_typesupport_introspection_c__visibility_control.h
-- Up-to-date symlink: /home/icr247/external-idec-ez-wheel/install/swd_ros2_controllers/include/swd_ros2_controllers/swd_ros2_controllers/msg/detail/safety_functions__rosidl_typesupport_introspection_cpp.hpp
-- Up-to-date symlink: /home/icr247/external-idec-ez-wheel/install/swd_ros2_controllers/share/swd_ros2_controllers/environment/pythonpath.sh
-- Up-to-date symlink: /home/icr247/external-idec-ez-wheel/install/swd_ros2_controllers/share/swd_ros2_controllers/environment/pythonpath.dsv
-- Up-to-date symlink: /home/icr247/external-idec-ez-wheel/install/swd_ros2_controllers/lib/python3.12/site-packages/swd_ros2_controllers-2.1.0-py3.12.egg-info/PKG-INFO
-- Up-to-date symlink: /home/icr247/external-idec-ez-wheel/install/swd_ros2_controllers/lib/python3.12/site-packages/swd_ros2_controllers-2.1.0-py3.12.egg-info/SOURCES.txt
-- Up-to-date symlink: /home/icr247/external-idec-ez-wheel/install/swd_ros2_controllers/lib/python3.12/site-packages/swd_ros2_controllers-2.1.0-py3.12.egg-info/dependency_links.txt
-- Up-to-date symlink: /home/icr247/external-idec-ez-wheel/install/swd_ros2_controllers/lib/python3.12/site-packages/swd_ros2_controllers-2.1.0-py3.12.egg-info/top_level.txt
-- Up-to-date symlink: /home/icr247/external-idec-ez-wheel/install/swd_ros2_controllers/lib/python3.12/site-packages/swd_ros2_controllers/__init__.py
-- Up-to-date symlink: /home/icr247/external-idec-ez-wheel/install/swd_ros2_controllers/lib/python3.12/site-packages/swd_ros2_controllers/_swd_ros2_controllers_s.ep.rosidl_typesupport_c.c
-- Up-to-date symlink: /home/icr247/external-idec-ez-wheel/install/swd_ros2_controllers/lib/python3.12/site-packages/swd_ros2_controllers/_swd_ros2_controllers_s.ep.rosidl_typesupport_fastrtps_c.c
-- Up-to-date symlink: /home/icr247/external-idec-ez-wheel/install/swd_ros2_controllers/lib/python3.12/site-packages/swd_ros2_controllers/_swd_ros2_controllers_s.ep.rosidl_typesupport_introspection_c.c
-- Up-to-date symlink: /home/icr247/external-idec-ez-wheel/install/swd_ros2_controllers/lib/python3.12/site-packages/swd_ros2_controllers/msg/__init__.py
-- Up-to-date symlink: /home/icr247/external-idec-ez-wheel/install/swd_ros2_controllers/lib/python3.12/site-packages/swd_ros2_controllers/msg/_safety_functions.py
-- Up-to-date symlink: /home/icr247/external-idec-ez-wheel/install/swd_ros2_controllers/lib/python3.12/site-packages/swd_ros2_controllers/msg/_safety_functions_s.c
-- Up-to-date symlink: /home/icr247/external-idec-ez-wheel/install/swd_ros2_controllers/lib/python3.12/site-packages/swd_ros2_controllers/swd_ros2_controllers_s__rosidl_typesupport_c.so
-- Up-to-date symlink: /home/icr247/external-idec-ez-wheel/install/swd_ros2_controllers/lib/python3.12/site-packages/swd_ros2_controllers/swd_ros2_controllers_s__rosidl_typesupport_fastrtps_c.so
-- Up-to-date symlink: /home/icr247/external-idec-ez-wheel/install/swd_ros2_controllers/lib/python3.12/site-packages/swd_ros2_controllers/swd_ros2_controllers_s__rosidl_typesupport_introspection_c.so
-- Up-to-date symlink: /home/icr247/external-idec-ez-wheel/install/swd_ros2_controllers/lib/python3.12/site-packages/swd_ros2_controllers/swd_ros2_controllers_s__rosidl_typesupport_fastrtps_c.so
-- Up-to-date symlink: /home/icr247/external-idec-ez-wheel/install/swd_ros2_controllers/lib/python3.12/site-packages/swd_ros2_controllers/swd_ros2_controllers_s__rosidl_typesupport_introspection_c.so
-- Up-to-date symlink: /home/icr247/external-idec-ez-wheel/install/swd_ros2_controllers/lib/python3.12/site-packages/swd_ros2_controllers/swd_ros2_controllers_s__rosidl_typesupport_c.so
-- Up-to-date symlink: /home/icr247/external-idec-ez-wheel/install/swd_ros2_controllers/share/swd_ros2_controllers/msg/SafetyFunctions.idl
-- Up-to-date symlink: /home/icr247/external-idec-ez-wheel/install/swd_ros2_controllers/share/swd_ros2_controllers/msg/SafetyFunctions.msg
-- Up-to-date symlink: /home/icr247/external-idec-ez-wheel/install/swd_ros2_controllers/lib/swd_ros2_controllers/swd_diff_drive_controller
-- Up-to-date symlink: /home/icr247/external-idec-ez-wheel/install/swd_ros2_controllers/share/swd_ros2_controllers/launch/swd_diff_drive_controller.launch.py
-- Up-to-date symlink: /home/icr247/external-idec-ez-wheel/install/swd_ros2_controllers/share/ament_index/resource_index/package_run_dependencies/swd_ros2_controllers
-- Up-to-date symlink: /home/icr247/external-idec-ez-wheel/install/swd_ros2_controllers/share/ament_index/resource_index/parent_prefix_path/swd_ros2_controllers
-- Up-to-date symlink: /home/icr247/external-idec-ez-wheel/install/swd_ros2_controllers/share/swd_ros2_controllers/environment/ament_prefix_path.sh
-- Up-to-date symlink: /home/icr247/external-idec-ez-wheel/install/swd_ros2_controllers/share/swd_ros2_controllers/environment/ament_prefix_path.dsv
-- Up-to-date symlink: /home/icr247/external-idec-ez-wheel/install/swd_ros2_controllers/share/swd_ros2_controllers/environment/path.sh
-- Up-to-date symlink: /home/icr247/external-idec-ez-wheel/install/swd_ros2_controllers/share/swd_ros2_controllers/environment/path.dsv
-- Up-to-date symlink: /home/icr247/external-idec-ez-wheel/install/swd_ros2_controllers/share/swd_ros2_controllers/local_setup.bash
-- Up-to-date symlink: /home/icr247/external-idec-ez-wheel/install/swd_ros2_controllers/share/swd_ros2_controllers/local_setup.sh
-- Up-to-date symlink: /home/icr247/external-idec-ez-wheel/install/swd_ros2_controllers/share/swd_ros2_controllers/local_setup.zsh
-- Up-to-date symlink: /home/icr247/external-idec-ez-wheel/install/swd_ros2_controllers/share/swd_ros2_controllers/local_setup.dsv
-- Symlinking: /home/icr247/external-idec-ez-wheel/install/swd_ros2_controllers/share/swd_ros2_controllers/package.dsv
-- Up-to-date symlink: /home/icr247/external-idec-ez-wheel/install/swd_ros2_controllers/share/ament_index/resource_index/packages/swd_ros2_controllers
-- Up-to-date symlink: /home/icr247/external-idec-ez-wheel/install/swd_ros2_controllers/share/swd_ros2_controllers/cmake/rosidl_cmake-extras.cmake
-- Up-to-date symlink: /home/icr247/external-idec-ez-wheel/install/swd_ros2_controllers/share/swd_ros2_controllers/cmake/ament_cmake_export_dependencies-extras.cmake
-- Up-to-date symlink: /home/icr247/external-idec-ez-wheel/install/swd_ros2_controllers/share/swd_ros2_controllers/cmake/ament_cmake_export_include_directories-extras.cmake
-- Up-to-date symlink: /home/icr247/external-idec-ez-wheel/install/swd_ros2_controllers/share/swd_ros2_controllers/cmake/ament_cmake_export_libraries-extras.cmake
-- Up-to-date symlink: /home/icr247/external-idec-ez-wheel/install/swd_ros2_controllers/share/swd_ros2_controllers/cmake/ament_cmake_export_targets-extras.cmake
-- Up-to-date symlink: /home/icr247/external-idec-ez-wheel/install/swd_ros2_controllers/share/swd_ros2_controllers/cmake/rosidl_cmake_export_typesupport_targets-extras.cmake
-- Up-to-date symlink: /home/icr247/external-idec-ez-wheel/install/swd_ros2_controllers/share/swd_ros2_controllers/cmake/rosidl_cmake_export_typesupport_libraries-extras.cmake
-- Up-to-date symlink: /home/icr247/external-idec-ez-wheel/install/swd_ros2_controllers/share/swd_ros2_controllers/cmake/swd_ros2_controllersConfig.cmake
-- Up-to-date symlink: /home/icr247/external-idec-ez-wheel/install/swd_ros2_controllers/share/swd_ros2_controllers/cmake/swd_ros2_controllersConfig-version.cmake
-- Up-to-date symlink: /home/icr247/external-idec-ez-wheel/install/swd_ros2_controllers/share/swd_ros2_controllers/package.xml
-- Installing: /home/icr247/external-idec-ez-wheel/install/swd_ros2_controllers/lib/libswd_ros2_controllers__rosidl_generator_c.so
-- Set non-toolchain portion of runtime path of "/home/icr247/external-idec-ez-wheel/install/swd_ros2_controllers/lib/libswd_ros2_controllers__rosidl_generator_c.so" to ""
-- Installing: /home/icr247/external-idec-ez-wheel/install/swd_ros2_controllers/lib/libswd_ros2_controllers__rosidl_typesupport_fastrtps_c.so
-- Set non-toolchain portion of runtime path of "/home/icr247/external-idec-ez-wheel/install/swd_ros2_controllers/lib/libswd_ros2_controllers__rosidl_typesupport_fastrtps_c.so" to ""
-- Installing: /home/icr247/external-idec-ez-wheel/install/swd_ros2_controllers/lib/libswd_ros2_controllers__rosidl_typesupport_fastrtps_cpp.so
-- Set non-toolchain portion of runtime path of "/home/icr247/external-idec-ez-wheel/install/swd_ros2_controllers/lib/libswd_ros2_controllers__rosidl_typesupport_fastrtps_cpp.so" to ""
-- Installing: /home/icr247/external-idec-ez-wheel/install/swd_ros2_controllers/lib/libswd_ros2_controllers__rosidl_typesupport_introspection_c.so
-- Set non-toolchain portion of runtime path of "/home/icr247/external-idec-ez-wheel/install/swd_ros2_controllers/lib/libswd_ros2_controllers__rosidl_typesupport_introspection_c.so" to ""
-- Installing: /home/icr247/external-idec-ez-wheel/install/swd_ros2_controllers/lib/libswd_ros2_controllers__rosidl_typesupport_c.so
-- Set non-toolchain portion of runtime path of "/home/icr247/external-idec-ez-wheel/install/swd_ros2_controllers/lib/libswd_ros2_controllers__rosidl_typesupport_c.so" to ""
-- Installing: /home/icr247/external-idec-ez-wheel/install/swd_ros2_controllers/lib/libswd_ros2_controllers__rosidl_typesupport_introspection_cpp.so
-- Set non-toolchain portion of runtime path of "/home/icr247/external-idec-ez-wheel/install/swd_ros2_controllers/lib/libswd_ros2_controllers__rosidl_typesupport_introspection_cpp.so" to ""
-- Installing: /home/icr247/external-idec-ez-wheel/install/swd_ros2_controllers/lib/libswd_ros2_controllers__rosidl_typesupport_cpp.so
-- Set non-toolchain portion of runtime path of "/home/icr247/external-idec-ez-wheel/install/swd_ros2_controllers/lib/libswd_ros2_controllers__rosidl_typesupport_cpp.so" to ""
Listing '/home/icr247/external-idec-ez-wheel/install/swd_ros2_controllers/lib/python3.12/site-packages/swd_ros2_controllers'...
Compiling '/home/icr247/external-idec-ez-wheel/install/swd_ros2_controllers/lib/python3.12/site-packages/swd_ros2_controllers/__init__.py'...
Listing '/home/icr247/external-idec-ez-wheel/install/swd_ros2_controllers/lib/python3.12/site-packages/swd_ros2_controllers/msg'...
-- Installing: /home/icr247/external-idec-ez-wheel/install/swd_ros2_controllers/lib/libswd_ros2_controllers__rosidl_generator_py.so
-- Set non-toolchain portion of runtime path of "/home/icr247/external-idec-ez-wheel/install/swd_ros2_controllers/lib/libswd_ros2_controllers__rosidl_generator_py.so" to ""
-- Up-to-date: /home/icr247/external-idec-ez-wheel/install/swd_ros2_controllers/share/swd_ros2_controllers/cmake/export_swd_ros2_controllers__rosidl_generator_cExport.cmake
-- Installing: /home/icr247/external-idec-ez-wheel/install/swd_ros2_controllers/share/swd_ros2_controllers/cmake/export_swd_ros2_controllers__rosidl_generator_cExport-release.cmake
-- Up-to-date: /home/icr247/external-idec-ez-wheel/install/swd_ros2_controllers/share/swd_ros2_controllers/cmake/export_swd_ros2_controllers__rosidl_typesupport_fastrtps_cExport.cmake
-- Installing: /home/icr247/external-idec-ez-wheel/install/swd_ros2_controllers/share/swd_ros2_controllers/cmake/export_swd_ros2_controllers__rosidl_typesupport_fastrtps_cExport-release.cmake
-- Up-to-date: /home/icr247/external-idec-ez-wheel/install/swd_ros2_controllers/share/swd_ros2_controllers/cmake/export_swd_ros2_controllers__rosidl_generator_cppExport.cmake
-- Up-to-date: /home/icr247/external-idec-ez-wheel/install/swd_ros2_controllers/share/swd_ros2_controllers/cmake/export_swd_ros2_controllers__rosidl_typesupport_fastrtps_cppExport.cmake
-- Installing: /home/icr247/external-idec-ez-wheel/install/swd_ros2_controllers/share/swd_ros2_controllers/cmake/export_swd_ros2_controllers__rosidl_typesupport_fastrtps_cppExport-release.cmake
-- Up-to-date: /home/icr247/external-idec-ez-wheel/install/swd_ros2_controllers/share/swd_ros2_controllers/cmake/swd_ros2_controllers__rosidl_typesupport_introspection_cExport.cmake
-- Installing: /home/icr247/external-idec-ez-wheel/install/swd_ros2_controllers/share/swd_ros2_controllers/cmake/swd_ros2_controllers__rosidl_typesupport_introspection_cExport-release.cmake
-- Up-to-date: /home/icr247/external-idec-ez-wheel/install/swd_ros2_controllers/share/swd_ros2_controllers/cmake/swd_ros2_controllers__rosidl_typesupport_cExport.cmake
-- Installing: /home/icr247/external-idec-ez-wheel/install/swd_ros2_controllers/share/swd_ros2_controllers/cmake/swd_ros2_controllers__rosidl_typesupport_cExport-release.cmake
-- Up-to-date: /home/icr247/external-idec-ez-wheel/install/swd_ros2_controllers/share/swd_ros2_controllers/cmake/swd_ros2_controllers__rosidl_typesupport_introspection_cppExport.cmake
-- Installing: /home/icr247/external-idec-ez-wheel/install/swd_ros2_controllers/share/swd_ros2_controllers/cmake/swd_ros2_controllers__rosidl_typesupport_introspection_cppExport-release.cmake
-- Up-to-date: /home/icr247/external-idec-ez-wheel/install/swd_ros2_controllers/share/swd_ros2_controllers/cmake/swd_ros2_controllers__rosidl_typesupport_cppExport.cmake
-- Installing: /home/icr247/external-idec-ez-wheel/install/swd_ros2_controllers/share/swd_ros2_controllers/cmake/swd_ros2_controllers__rosidl_typesupport_cppExport-release.cmake
-- Up-to-date: /home/icr247/external-idec-ez-wheel/install/swd_ros2_controllers/share/swd_ros2_controllers/cmake/export_swd_ros2_controllers__rosidl_generator_pyExport.cmake
-- Installing: /home/icr247/external-idec-ez-wheel/install/swd_ros2_controllers/share/swd_ros2_controllers/cmake/export_swd_ros2_controllers__rosidl_generator_pyExport-release.cmake
