-- The C compiler identification is GNU 13.3.0
-- The CXX compiler identification is GNU 13.3.0
-- Detecting C compiler ABI info
-- Detecting C compiler ABI info - done
-- Check for working C compiler: /usr/bin/cc - skipped
-- Detecting C compile features
-- Detecting C compile features - done
-- Detecting CXX compiler ABI info
-- Detecting CXX compiler ABI info - done
-- Check for working CXX compiler: /usr/bin/c++ - skipped
-- Detecting CXX compile features
-- Detecting CXX compile features - done
-- Found ament_cmake: 2.5.4 (/opt/ros/jazzy/share/ament_cmake/cmake)
-- Found Python3: /usr/bin/python3 (found version "3.12.3") found components: Interpreter 
-- Override CMake install command with custom implementation using symlinks instead of copying resources
-- Found rclcpp: 28.1.10 (/opt/ros/jazzy/share/rclcpp/cmake)
-- Found rosidl_generator_c: 4.6.5 (/opt/ros/jazzy/share/rosidl_generator_c/cmake)
-- Found rosidl_generator_cpp: 4.6.5 (/opt/ros/jazzy/share/rosidl_generator_cpp/cmake)
-- Using all available rosidl_typesupport_c: rosidl_typesupport_fastrtps_c;rosidl_typesupport_introspection_c
-- Using all available rosidl_typesupport_cpp: rosidl_typesupport_fastrtps_cpp;rosidl_typesupport_introspection_cpp
-- Found rmw_implementation_cmake: 7.3.2 (/opt/ros/jazzy/share/rmw_implementation_cmake/cmake)
-- Found rmw_fastrtps_cpp: 8.4.2 (/opt/ros/jazzy/share/rmw_fastrtps_cpp/cmake)
-- Found OpenSSL: /usr/lib/x86_64-linux-gnu/libcrypto.so (found version "3.0.13")  
-- Found FastRTPS: /opt/ros/jazzy/include (Required is at least version "2.13") 
-- Using RMW implementation 'rmw_fastrtps_cpp' as default
-- Found std_msgs: 5.3.6 (/opt/ros/jazzy/share/std_msgs/cmake)
-- Found nav_msgs: 5.3.6 (/opt/ros/jazzy/share/nav_msgs/cmake)
-- Found tf2: 0.36.12 (/opt/ros/jazzy/share/tf2/cmake)
-- Found tf2_msgs: 0.36.12 (/opt/ros/jazzy/share/tf2_msgs/cmake)
-- Found tf2_ros: 0.36.12 (/opt/ros/jazzy/share/tf2_ros/cmake)
-- Found lifecycle_msgs: 2.0.2 (/opt/ros/jazzy/share/lifecycle_msgs/cmake)
-- Found rclcpp_lifecycle: 28.1.10 (/opt/ros/jazzy/share/rclcpp_lifecycle/cmake)
-- Found rosidl_default_generators: 1.6.0 (/opt/ros/jazzy/share/rosidl_default_generators/cmake)
-- Found rosidl_adapter: 4.6.5 (/opt/ros/jazzy/share/rosidl_adapter/cmake)
-- Found ament_cmake_ros: 0.12.0 (/opt/ros/jazzy/share/ament_cmake_ros/cmake)
-- Using all available rosidl_typesupport_c: rosidl_typesupport_fastrtps_c;rosidl_typesupport_introspection_c
-- Using all available rosidl_typesupport_cpp: rosidl_typesupport_fastrtps_cpp;rosidl_typesupport_introspection_cpp
-- Found python_cmake_module: 0.11.1 (/opt/ros/jazzy/share/python_cmake_module/cmake)
-- Found PythonExtra: /usr/bin/python3  
-- Found Python3: /usr/bin/python3 (found version "3.12.3") found components: Interpreter Development NumPy Development.Module Development.Embed 
-- Pkgconfig extra path are: :/opt/ezw/usr/lib/pkgconfig 
-- Found PkgConfig: /usr/bin/pkg-config (found version "1.8.1") 
-- Performing Test CMAKE_HAVE_LIBC_PTHREAD
-- Performing Test CMAKE_HAVE_LIBC_PTHREAD - Success
-- Found Threads: TRUE  
-- Checking for module 'ezw-types'
--   Found ezw-types, version 1.0.0-30f6b2d
-- Checking for module 'ezwLog'
--   Found ezwLog, version 1.2.0-9b73d42
-- Checking for module 'ezw-smc-service-client'
--   Found ezw-smc-service-client, version 1.0.0.1-e8a4952
-- Configuring done (5.2s)
-- Generating done (0.0s)
-- Build files have been written to: /home/swd_sk/external-idec-ez-wheel/build/swd_ros2_controllers
[  2%] [34m[1mGenerating type hashes for ROS interfaces[0m
[  2%] Built target ament_cmake_python_symlink_swd_ros2_controllers
running egg_info
creating swd_ros2_controllers.egg-info
writing swd_ros2_controllers.egg-info/PKG-INFO
writing dependency_links to swd_ros2_controllers.egg-info/dependency_links.txt
writing top-level names to swd_ros2_controllers.egg-info/top_level.txt
writing manifest file 'swd_ros2_controllers.egg-info/SOURCES.txt'
[  2%] Built target swd_ros2_controllers__rosidl_generator_type_description
[  5%] [34m[1mGenerating C code for ROS interfaces[0m
[  7%] [34m[1mGenerating C++ code for ROS interfaces[0m
reading manifest file 'swd_ros2_controllers.egg-info/SOURCES.txt'
writing manifest file 'swd_ros2_controllers.egg-info/SOURCES.txt'
[  7%] Built target ament_cmake_python_build_swd_ros2_controllers_egg
[  7%] Built target swd_ros2_controllers__cpp
[ 15%] [32mBuilding C object CMakeFiles/swd_ros2_controllers__rosidl_generator_c.dir/rosidl_generator_c/swd_ros2_controllers/msg/detail/safety_functions__type_support.c.o[0m
[ 15%] [32mBuilding C object CMakeFiles/swd_ros2_controllers__rosidl_generator_c.dir/rosidl_generator_c/swd_ros2_controllers/msg/detail/safety_functions__description.c.o[0m
[ 15%] [32mBuilding C object CMakeFiles/swd_ros2_controllers__rosidl_generator_c.dir/rosidl_generator_c/swd_ros2_controllers/msg/detail/safety_functions__functions.c.o[0m
[ 18%] [32m[1mLinking C shared library libswd_ros2_controllers__rosidl_generator_c.so[0m
[ 18%] Built target swd_ros2_controllers__rosidl_generator_c
[ 28%] [34m[1mGenerating C++ type support dispatch for ROS interfaces[0m
[ 28%] [34m[1mGenerating C++ introspection for ROS interfaces[0m
[ 28%] [34m[1mGenerating C type support dispatch for ROS interfaces[0m
[ 34%] [34m[1mGenerating C introspection for ROS interfaces[0m
[ 34%] [34m[1mGenerating C++ type support for eProsima Fast-RTPS[0m
[ 34%] [34m[1mGenerating C type support for eProsima Fast-RTPS[0m
[ 36%] [32mBuilding CXX object CMakeFiles/swd_ros2_controllers__rosidl_typesupport_c.dir/rosidl_typesupport_c/swd_ros2_controllers/msg/safety_functions__type_support.cpp.o[0m
[ 39%] [32mBuilding CXX object CMakeFiles/swd_ros2_controllers__rosidl_typesupport_cpp.dir/rosidl_typesupport_cpp/swd_ros2_controllers/msg/safety_functions__type_support.cpp.o[0m
[ 42%] [32mBuilding CXX object CMakeFiles/swd_ros2_controllers__rosidl_typesupport_introspection_cpp.dir/rosidl_typesupport_introspection_cpp/swd_ros2_controllers/msg/detail/safety_functions__type_support.cpp.o[0m
[ 44%] [32mBuilding C object CMakeFiles/swd_ros2_controllers__rosidl_typesupport_introspection_c.dir/rosidl_typesupport_introspection_c/swd_ros2_controllers/msg/detail/safety_functions__type_support.c.o[0m
[ 50%] [32mBuilding CXX object CMakeFiles/swd_ros2_controllers__rosidl_typesupport_fastrtps_c.dir/rosidl_typesupport_fastrtps_c/swd_ros2_controllers/msg/detail/safety_functions__type_support_c.cpp.o[0m
[ 50%] [32mBuilding CXX object CMakeFiles/swd_ros2_controllers__rosidl_typesupport_fastrtps_cpp.dir/rosidl_typesupport_fastrtps_cpp/swd_ros2_controllers/msg/detail/dds_fastrtps/safety_functions__type_support.cpp.o[0m
[ 52%] [32m[1mLinking CXX shared library libswd_ros2_controllers__rosidl_typesupport_c.so[0m
[ 55%] [32m[1mLinking C shared library libswd_ros2_controllers__rosidl_typesupport_introspection_c.so[0m
[ 55%] Built target swd_ros2_controllers__rosidl_typesupport_c
[ 55%] Built target swd_ros2_controllers__rosidl_typesupport_introspection_c
[ 57%] [32m[1mLinking CXX shared library libswd_ros2_controllers__rosidl_typesupport_cpp.so[0m
[ 60%] [32m[1mLinking CXX shared library libswd_ros2_controllers__rosidl_typesupport_introspection_cpp.so[0m
[ 60%] Built target swd_ros2_controllers__rosidl_typesupport_cpp
[ 60%] Built target swd_ros2_controllers__rosidl_typesupport_introspection_cpp
[ 63%] [32m[1mLinking CXX shared library libswd_ros2_controllers__rosidl_typesupport_fastrtps_c.so[0m
[ 65%] [32m[1mLinking CXX shared library libswd_ros2_controllers__rosidl_typesupport_fastrtps_cpp.so[0m
[ 65%] Built target swd_ros2_controllers__rosidl_typesupport_fastrtps_c
[ 65%] Built target swd_ros2_controllers__rosidl_typesupport_fastrtps_cpp
[ 65%] Built target swd_ros2_controllers
[ 71%] [34m[1mGenerating Python code for ROS interfaces[0m
[ 71%] [32mBuilding CXX object CMakeFiles/swd_diff_drive_controller.dir/src/diff_drive_controller/DiffDriveController.cpp.o[0m
[ 73%] [32mBuilding CXX object CMakeFiles/swd_diff_drive_controller.dir/src/diff_drive_controller/DiffDriveParameters.cpp.o[0m
[ 76%] [32mBuilding CXX object CMakeFiles/swd_diff_drive_controller.dir/src/diff_drive_controller/main.cpp.o[0m
[ 76%] Built target swd_ros2_controllers__py
[ 78%] [32mBuilding C object CMakeFiles/swd_ros2_controllers__rosidl_generator_py.dir/rosidl_generator_py/swd_ros2_controllers/msg/_safety_functions_s.c.o[0m
[ 81%] [32m[1mLinking C shared library libswd_ros2_controllers__rosidl_generator_py.so[0m
[ 81%] Built target swd_ros2_controllers__rosidl_generator_py
[ 86%] [32mBuilding C object CMakeFiles/swd_ros2_controllers_s__rosidl_typesupport_c.dir/rosidl_generator_py/swd_ros2_controllers/_swd_ros2_controllers_s.ep.rosidl_typesupport_c.c.o[0m
[ 86%] [32mBuilding C object CMakeFiles/swd_ros2_controllers_s__rosidl_typesupport_fastrtps_c.dir/rosidl_generator_py/swd_ros2_controllers/_swd_ros2_controllers_s.ep.rosidl_typesupport_fastrtps_c.c.o[0m
[ 89%] [32mBuilding C object CMakeFiles/swd_ros2_controllers_s__rosidl_typesupport_introspection_c.dir/rosidl_generator_py/swd_ros2_controllers/_swd_ros2_controllers_s.ep.rosidl_typesupport_introspection_c.c.o[0m
[ 92%] [32m[1mLinking C shared module rosidl_generator_py/swd_ros2_controllers/swd_ros2_controllers_s__rosidl_typesupport_c.so[0m
[ 94%] [32m[1mLinking C shared module rosidl_generator_py/swd_ros2_controllers/swd_ros2_controllers_s__rosidl_typesupport_introspection_c.so[0m
[ 97%] [32m[1mLinking C shared module rosidl_generator_py/swd_ros2_controllers/swd_ros2_controllers_s__rosidl_typesupport_fastrtps_c.so[0m
[ 97%] Built target swd_ros2_controllers_s__rosidl_typesupport_c
[ 97%] Built target swd_ros2_controllers_s__rosidl_typesupport_fastrtps_c
[ 97%] Built target swd_ros2_controllers_s__rosidl_typesupport_introspection_c
[100%] [32m[1mLinking CXX executable swd_diff_drive_controller[0m
[100%] Built target swd_diff_drive_controller
-- Install configuration: ""
-- Execute custom install script
-- Symlinking: /home/swd_sk/external-idec-ez-wheel/install/swd_ros2_controllers/share/ament_index/resource_index/rosidl_interfaces/swd_ros2_controllers
-- Symlinking: /home/swd_sk/external-idec-ez-wheel/install/swd_ros2_controllers/share/swd_ros2_controllers/msg/SafetyFunctions.json
-- Symlinking: /home/swd_sk/external-idec-ez-wheel/install/swd_ros2_controllers/include/swd_ros2_controllers/swd_ros2_controllers/msg/detail/safety_functions__functions.h
-- Symlinking: /home/swd_sk/external-idec-ez-wheel/install/swd_ros2_controllers/include/swd_ros2_controllers/swd_ros2_controllers/msg/detail/safety_functions__struct.h
-- Symlinking: /home/swd_sk/external-idec-ez-wheel/install/swd_ros2_controllers/include/swd_ros2_controllers/swd_ros2_controllers/msg/detail/safety_functions__type_support.h
-- Symlinking: /home/swd_sk/external-idec-ez-wheel/install/swd_ros2_controllers/include/swd_ros2_controllers/swd_ros2_controllers/msg/rosidl_generator_c__visibility_control.h
-- Symlinking: /home/swd_sk/external-idec-ez-wheel/install/swd_ros2_controllers/include/swd_ros2_controllers/swd_ros2_controllers/msg/safety_functions.h
-- Symlinking: /home/swd_sk/external-idec-ez-wheel/install/swd_ros2_controllers/share/swd_ros2_controllers/environment/library_path.sh
-- Symlinking: /home/swd_sk/external-idec-ez-wheel/install/swd_ros2_controllers/share/swd_ros2_controllers/environment/library_path.dsv
-- Symlinking: /home/swd_sk/external-idec-ez-wheel/install/swd_ros2_controllers/include/swd_ros2_controllers/swd_ros2_controllers/msg/detail/safety_functions__rosidl_typesupport_fastrtps_c.h
-- Symlinking: /home/swd_sk/external-idec-ez-wheel/install/swd_ros2_controllers/include/swd_ros2_controllers/swd_ros2_controllers/msg/rosidl_typesupport_fastrtps_c__visibility_control.h
-- Symlinking: /home/swd_sk/external-idec-ez-wheel/install/swd_ros2_controllers/include/swd_ros2_controllers/swd_ros2_controllers/msg/detail/safety_functions__builder.hpp
-- Symlinking: /home/swd_sk/external-idec-ez-wheel/install/swd_ros2_controllers/include/swd_ros2_controllers/swd_ros2_controllers/msg/detail/safety_functions__struct.hpp
-- Symlinking: /home/swd_sk/external-idec-ez-wheel/install/swd_ros2_controllers/include/swd_ros2_controllers/swd_ros2_controllers/msg/detail/safety_functions__traits.hpp
-- Symlinking: /home/swd_sk/external-idec-ez-wheel/install/swd_ros2_controllers/include/swd_ros2_controllers/swd_ros2_controllers/msg/detail/safety_functions__type_support.hpp
-- Symlinking: /home/swd_sk/external-idec-ez-wheel/install/swd_ros2_controllers/include/swd_ros2_controllers/swd_ros2_controllers/msg/rosidl_generator_cpp__visibility_control.hpp
-- Symlinking: /home/swd_sk/external-idec-ez-wheel/install/swd_ros2_controllers/include/swd_ros2_controllers/swd_ros2_controllers/msg/safety_functions.hpp
-- Symlinking: /home/swd_sk/external-idec-ez-wheel/install/swd_ros2_controllers/include/swd_ros2_controllers/swd_ros2_controllers/msg/detail/safety_functions__rosidl_typesupport_fastrtps_cpp.hpp
-- Symlinking: /home/swd_sk/external-idec-ez-wheel/install/swd_ros2_controllers/include/swd_ros2_controllers/swd_ros2_controllers/msg/rosidl_typesupport_fastrtps_cpp__visibility_control.h
-- Symlinking: /home/swd_sk/external-idec-ez-wheel/install/swd_ros2_controllers/include/swd_ros2_controllers/swd_ros2_controllers/msg/detail/safety_functions__rosidl_typesupport_introspection_c.h
-- Symlinking: /home/swd_sk/external-idec-ez-wheel/install/swd_ros2_controllers/include/swd_ros2_controllers/swd_ros2_controllers/msg/rosidl_typesupport_introspection_c__visibility_control.h
-- Symlinking: /home/swd_sk/external-idec-ez-wheel/install/swd_ros2_controllers/include/swd_ros2_controllers/swd_ros2_controllers/msg/detail/safety_functions__rosidl_typesupport_introspection_cpp.hpp
-- Symlinking: /home/swd_sk/external-idec-ez-wheel/install/swd_ros2_controllers/share/swd_ros2_controllers/environment/pythonpath.sh
-- Symlinking: /home/swd_sk/external-idec-ez-wheel/install/swd_ros2_controllers/share/swd_ros2_controllers/environment/pythonpath.dsv
-- Symlinking: /home/swd_sk/external-idec-ez-wheel/install/swd_ros2_controllers/lib/python3.12/site-packages/swd_ros2_controllers-2.1.0-py3.12.egg-info/PKG-INFO
-- Symlinking: /home/swd_sk/external-idec-ez-wheel/install/swd_ros2_controllers/lib/python3.12/site-packages/swd_ros2_controllers-2.1.0-py3.12.egg-info/SOURCES.txt
-- Symlinking: /home/swd_sk/external-idec-ez-wheel/install/swd_ros2_controllers/lib/python3.12/site-packages/swd_ros2_controllers-2.1.0-py3.12.egg-info/dependency_links.txt
-- Symlinking: /home/swd_sk/external-idec-ez-wheel/install/swd_ros2_controllers/lib/python3.12/site-packages/swd_ros2_controllers-2.1.0-py3.12.egg-info/top_level.txt
-- Symlinking: /home/swd_sk/external-idec-ez-wheel/install/swd_ros2_controllers/lib/python3.12/site-packages/swd_ros2_controllers/__init__.py
-- Symlinking: /home/swd_sk/external-idec-ez-wheel/install/swd_ros2_controllers/lib/python3.12/site-packages/swd_ros2_controllers/_swd_ros2_controllers_s.ep.rosidl_typesupport_c.c
-- Symlinking: /home/swd_sk/external-idec-ez-wheel/install/swd_ros2_controllers/lib/python3.12/site-packages/swd_ros2_controllers/_swd_ros2_controllers_s.ep.rosidl_typesupport_fastrtps_c.c
-- Symlinking: /home/swd_sk/external-idec-ez-wheel/install/swd_ros2_controllers/lib/python3.12/site-packages/swd_ros2_controllers/_swd_ros2_controllers_s.ep.rosidl_typesupport_introspection_c.c
-- Symlinking: /home/swd_sk/external-idec-ez-wheel/install/swd_ros2_controllers/lib/python3.12/site-packages/swd_ros2_controllers/msg/__init__.py
-- Symlinking: /home/swd_sk/external-idec-ez-wheel/install/swd_ros2_controllers/lib/python3.12/site-packages/swd_ros2_controllers/msg/_safety_functions.py
-- Symlinking: /home/swd_sk/external-idec-ez-wheel/install/swd_ros2_controllers/lib/python3.12/site-packages/swd_ros2_controllers/msg/_safety_functions_s.c
-- Symlinking: /home/swd_sk/external-idec-ez-wheel/install/swd_ros2_controllers/lib/python3.12/site-packages/swd_ros2_controllers/swd_ros2_controllers_s__rosidl_typesupport_c.so
-- Symlinking: /home/swd_sk/external-idec-ez-wheel/install/swd_ros2_controllers/lib/python3.12/site-packages/swd_ros2_controllers/swd_ros2_controllers_s__rosidl_typesupport_fastrtps_c.so
-- Symlinking: /home/swd_sk/external-idec-ez-wheel/install/swd_ros2_controllers/lib/python3.12/site-packages/swd_ros2_controllers/swd_ros2_controllers_s__rosidl_typesupport_introspection_c.so
-- Up-to-date symlink: /home/swd_sk/external-idec-ez-wheel/install/swd_ros2_controllers/lib/python3.12/site-packages/swd_ros2_controllers/swd_ros2_controllers_s__rosidl_typesupport_fastrtps_c.so
-- Up-to-date symlink: /home/swd_sk/external-idec-ez-wheel/install/swd_ros2_controllers/lib/python3.12/site-packages/swd_ros2_controllers/swd_ros2_controllers_s__rosidl_typesupport_introspection_c.so
-- Up-to-date symlink: /home/swd_sk/external-idec-ez-wheel/install/swd_ros2_controllers/lib/python3.12/site-packages/swd_ros2_controllers/swd_ros2_controllers_s__rosidl_typesupport_c.so
-- Symlinking: /home/swd_sk/external-idec-ez-wheel/install/swd_ros2_controllers/share/swd_ros2_controllers/msg/SafetyFunctions.idl
-- Symlinking: /home/swd_sk/external-idec-ez-wheel/install/swd_ros2_controllers/share/swd_ros2_controllers/msg/SafetyFunctions.msg
-- Symlinking: /home/swd_sk/external-idec-ez-wheel/install/swd_ros2_controllers/lib/swd_ros2_controllers/swd_diff_drive_controller
-- Symlinking: /home/swd_sk/external-idec-ez-wheel/install/swd_ros2_controllers/share/swd_ros2_controllers/launch/swd_diff_drive_controller.launch.py
-- Symlinking: /home/swd_sk/external-idec-ez-wheel/install/swd_ros2_controllers/share/ament_index/resource_index/package_run_dependencies/swd_ros2_controllers
-- Symlinking: /home/swd_sk/external-idec-ez-wheel/install/swd_ros2_controllers/share/ament_index/resource_index/parent_prefix_path/swd_ros2_controllers
-- Symlinking: /home/swd_sk/external-idec-ez-wheel/install/swd_ros2_controllers/share/swd_ros2_controllers/environment/ament_prefix_path.sh
-- Symlinking: /home/swd_sk/external-idec-ez-wheel/install/swd_ros2_controllers/share/swd_ros2_controllers/environment/ament_prefix_path.dsv
-- Symlinking: /home/swd_sk/external-idec-ez-wheel/install/swd_ros2_controllers/share/swd_ros2_controllers/environment/path.sh
-- Symlinking: /home/swd_sk/external-idec-ez-wheel/install/swd_ros2_controllers/share/swd_ros2_controllers/environment/path.dsv
-- Symlinking: /home/swd_sk/external-idec-ez-wheel/install/swd_ros2_controllers/share/swd_ros2_controllers/local_setup.bash
-- Symlinking: /home/swd_sk/external-idec-ez-wheel/install/swd_ros2_controllers/share/swd_ros2_controllers/local_setup.sh
-- Symlinking: /home/swd_sk/external-idec-ez-wheel/install/swd_ros2_controllers/share/swd_ros2_controllers/local_setup.zsh
-- Symlinking: /home/swd_sk/external-idec-ez-wheel/install/swd_ros2_controllers/share/swd_ros2_controllers/local_setup.dsv
-- Symlinking: /home/swd_sk/external-idec-ez-wheel/install/swd_ros2_controllers/share/swd_ros2_controllers/package.dsv
-- Symlinking: /home/swd_sk/external-idec-ez-wheel/install/swd_ros2_controllers/share/ament_index/resource_index/packages/swd_ros2_controllers
-- Symlinking: /home/swd_sk/external-idec-ez-wheel/install/swd_ros2_controllers/share/swd_ros2_controllers/cmake/rosidl_cmake-extras.cmake
-- Symlinking: /home/swd_sk/external-idec-ez-wheel/install/swd_ros2_controllers/share/swd_ros2_controllers/cmake/ament_cmake_export_dependencies-extras.cmake
-- Symlinking: /home/swd_sk/external-idec-ez-wheel/install/swd_ros2_controllers/share/swd_ros2_controllers/cmake/ament_cmake_export_include_directories-extras.cmake
-- Symlinking: /home/swd_sk/external-idec-ez-wheel/install/swd_ros2_controllers/share/swd_ros2_controllers/cmake/ament_cmake_export_libraries-extras.cmake
-- Symlinking: /home/swd_sk/external-idec-ez-wheel/install/swd_ros2_controllers/share/swd_ros2_controllers/cmake/ament_cmake_export_targets-extras.cmake
-- Symlinking: /home/swd_sk/external-idec-ez-wheel/install/swd_ros2_controllers/share/swd_ros2_controllers/cmake/rosidl_cmake_export_typesupport_targets-extras.cmake
-- Symlinking: /home/swd_sk/external-idec-ez-wheel/install/swd_ros2_controllers/share/swd_ros2_controllers/cmake/rosidl_cmake_export_typesupport_libraries-extras.cmake
-- Symlinking: /home/swd_sk/external-idec-ez-wheel/install/swd_ros2_controllers/share/swd_ros2_controllers/cmake/swd_ros2_controllersConfig.cmake
-- Symlinking: /home/swd_sk/external-idec-ez-wheel/install/swd_ros2_controllers/share/swd_ros2_controllers/cmake/swd_ros2_controllersConfig-version.cmake
-- Symlinking: /home/swd_sk/external-idec-ez-wheel/install/swd_ros2_controllers/share/swd_ros2_controllers/package.xml
-- Installing: /home/swd_sk/external-idec-ez-wheel/install/swd_ros2_controllers/lib/libswd_ros2_controllers__rosidl_generator_c.so
-- Set non-toolchain portion of runtime path of "/home/swd_sk/external-idec-ez-wheel/install/swd_ros2_controllers/lib/libswd_ros2_controllers__rosidl_generator_c.so" to ""
-- Installing: /home/swd_sk/external-idec-ez-wheel/install/swd_ros2_controllers/lib/libswd_ros2_controllers__rosidl_typesupport_fastrtps_c.so
-- Set non-toolchain portion of runtime path of "/home/swd_sk/external-idec-ez-wheel/install/swd_ros2_controllers/lib/libswd_ros2_controllers__rosidl_typesupport_fastrtps_c.so" to ""
-- Installing: /home/swd_sk/external-idec-ez-wheel/install/swd_ros2_controllers/lib/libswd_ros2_controllers__rosidl_typesupport_fastrtps_cpp.so
-- Set non-toolchain portion of runtime path of "/home/swd_sk/external-idec-ez-wheel/install/swd_ros2_controllers/lib/libswd_ros2_controllers__rosidl_typesupport_fastrtps_cpp.so" to ""
-- Installing: /home/swd_sk/external-idec-ez-wheel/install/swd_ros2_controllers/lib/libswd_ros2_controllers__rosidl_typesupport_introspection_c.so
-- Set non-toolchain portion of runtime path of "/home/swd_sk/external-idec-ez-wheel/install/swd_ros2_controllers/lib/libswd_ros2_controllers__rosidl_typesupport_introspection_c.so" to ""
-- Installing: /home/swd_sk/external-idec-ez-wheel/install/swd_ros2_controllers/lib/libswd_ros2_controllers__rosidl_typesupport_c.so
-- Set non-toolchain portion of runtime path of "/home/swd_sk/external-idec-ez-wheel/install/swd_ros2_controllers/lib/libswd_ros2_controllers__rosidl_typesupport_c.so" to ""
-- Installing: /home/swd_sk/external-idec-ez-wheel/install/swd_ros2_controllers/lib/libswd_ros2_controllers__rosidl_typesupport_introspection_cpp.so
-- Set non-toolchain portion of runtime path of "/home/swd_sk/external-idec-ez-wheel/install/swd_ros2_controllers/lib/libswd_ros2_controllers__rosidl_typesupport_introspection_cpp.so" to ""
-- Installing: /home/swd_sk/external-idec-ez-wheel/install/swd_ros2_controllers/lib/libswd_ros2_controllers__rosidl_typesupport_cpp.so
-- Set non-toolchain portion of runtime path of "/home/swd_sk/external-idec-ez-wheel/install/swd_ros2_controllers/lib/libswd_ros2_controllers__rosidl_typesupport_cpp.so" to ""
Listing '/home/swd_sk/external-idec-ez-wheel/install/swd_ros2_controllers/lib/python3.12/site-packages/swd_ros2_controllers'...
Compiling '/home/swd_sk/external-idec-ez-wheel/install/swd_ros2_controllers/lib/python3.12/site-packages/swd_ros2_controllers/__init__.py'...
Listing '/home/swd_sk/external-idec-ez-wheel/install/swd_ros2_controllers/lib/python3.12/site-packages/swd_ros2_controllers/msg'...
Compiling '/home/swd_sk/external-idec-ez-wheel/install/swd_ros2_controllers/lib/python3.12/site-packages/swd_ros2_controllers/msg/__init__.py'...
Compiling '/home/swd_sk/external-idec-ez-wheel/install/swd_ros2_controllers/lib/python3.12/site-packages/swd_ros2_controllers/msg/_safety_functions.py'...
-- Installing: /home/swd_sk/external-idec-ez-wheel/install/swd_ros2_controllers/lib/libswd_ros2_controllers__rosidl_generator_py.so
-- Set non-toolchain portion of runtime path of "/home/swd_sk/external-idec-ez-wheel/install/swd_ros2_controllers/lib/libswd_ros2_controllers__rosidl_generator_py.so" to ""
-- Installing: /home/swd_sk/external-idec-ez-wheel/install/swd_ros2_controllers/share/swd_ros2_controllers/cmake/export_swd_ros2_controllers__rosidl_generator_cExport.cmake
-- Installing: /home/swd_sk/external-idec-ez-wheel/install/swd_ros2_controllers/share/swd_ros2_controllers/cmake/export_swd_ros2_controllers__rosidl_generator_cExport-noconfig.cmake
-- Installing: /home/swd_sk/external-idec-ez-wheel/install/swd_ros2_controllers/share/swd_ros2_controllers/cmake/export_swd_ros2_controllers__rosidl_typesupport_fastrtps_cExport.cmake
-- Installing: /home/swd_sk/external-idec-ez-wheel/install/swd_ros2_controllers/share/swd_ros2_controllers/cmake/export_swd_ros2_controllers__rosidl_typesupport_fastrtps_cExport-noconfig.cmake
-- Installing: /home/swd_sk/external-idec-ez-wheel/install/swd_ros2_controllers/share/swd_ros2_controllers/cmake/export_swd_ros2_controllers__rosidl_generator_cppExport.cmake
-- Installing: /home/swd_sk/external-idec-ez-wheel/install/swd_ros2_controllers/share/swd_ros2_controllers/cmake/export_swd_ros2_controllers__rosidl_typesupport_fastrtps_cppExport.cmake
-- Installing: /home/swd_sk/external-idec-ez-wheel/install/swd_ros2_controllers/share/swd_ros2_controllers/cmake/export_swd_ros2_controllers__rosidl_typesupport_fastrtps_cppExport-noconfig.cmake
-- Installing: /home/swd_sk/external-idec-ez-wheel/install/swd_ros2_controllers/share/swd_ros2_controllers/cmake/swd_ros2_controllers__rosidl_typesupport_introspection_cExport.cmake
-- Installing: /home/swd_sk/external-idec-ez-wheel/install/swd_ros2_controllers/share/swd_ros2_controllers/cmake/swd_ros2_controllers__rosidl_typesupport_introspection_cExport-noconfig.cmake
-- Installing: /home/swd_sk/external-idec-ez-wheel/install/swd_ros2_controllers/share/swd_ros2_controllers/cmake/swd_ros2_controllers__rosidl_typesupport_cExport.cmake
-- Installing: /home/swd_sk/external-idec-ez-wheel/install/swd_ros2_controllers/share/swd_ros2_controllers/cmake/swd_ros2_controllers__rosidl_typesupport_cExport-noconfig.cmake
-- Installing: /home/swd_sk/external-idec-ez-wheel/install/swd_ros2_controllers/share/swd_ros2_controllers/cmake/swd_ros2_controllers__rosidl_typesupport_introspection_cppExport.cmake
-- Installing: /home/swd_sk/external-idec-ez-wheel/install/swd_ros2_controllers/share/swd_ros2_controllers/cmake/swd_ros2_controllers__rosidl_typesupport_introspection_cppExport-noconfig.cmake
-- Installing: /home/swd_sk/external-idec-ez-wheel/install/swd_ros2_controllers/share/swd_ros2_controllers/cmake/swd_ros2_controllers__rosidl_typesupport_cppExport.cmake
-- Installing: /home/swd_sk/external-idec-ez-wheel/install/swd_ros2_controllers/share/swd_ros2_controllers/cmake/swd_ros2_controllers__rosidl_typesupport_cppExport-noconfig.cmake
-- Installing: /home/swd_sk/external-idec-ez-wheel/install/swd_ros2_controllers/share/swd_ros2_controllers/cmake/export_swd_ros2_controllers__rosidl_generator_pyExport.cmake
-- Installing: /home/swd_sk/external-idec-ez-wheel/install/swd_ros2_controllers/share/swd_ros2_controllers/cmake/export_swd_ros2_controllers__rosidl_generator_pyExport-noconfig.cmake
