[0.121s] DEBUG:colcon:Command line arguments: ['/usr/bin/colcon', 'build', '--symlink-install']
[0.121s] DEBUG:colcon:Parsed command line arguments: Namespace(log_base=None, log_level=None, verb_name='build', build_base='build', install_base='install', merge_install=False, symlink_install=True, test_result_base=None, continue_on_error=False, executor='parallel', parallel_workers=16, event_handlers=None, ignore_user_meta=False, metas=['./colcon.meta'], base_paths=['.'], packages_ignore=None, packages_ignore_regex=None, paths=None, packages_up_to=None, packages_up_to_regex=None, packages_above=None, packages_above_and_dependencies=None, packages_above_depth=None, packages_select_by_dep=None, packages_skip_by_dep=None, packages_skip_up_to=None, packages_select_build_failed=False, packages_skip_build_finished=False, packages_select_test_failures=False, packages_skip_test_passed=False, packages_select=None, packages_skip=None, packages_select_regex=None, packages_skip_regex=None, packages_start=None, packages_end=None, allow_overriding=[], cmake_args=None, cmake_target=None, cmake_target_skip_unavailable=False, cmake_clean_cache=False, cmake_clean_first=False, cmake_force_configure=False, ament_cmake_args=None, catkin_cmake_args=None, catkin_skip_building_tests=False, mixin_files=None, mixin=None, verb_parser=<colcon_mixin.mixin.mixin_argument.MixinArgumentDecorator object at 0x7fb4a079aa80>, verb_extension=<colcon_core.verb.build.BuildVerb object at 0x7fb4a074a600>, main=<bound method BuildVerb.main of <colcon_core.verb.build.BuildVerb object at 0x7fb4a074a600>>, mixin_verb=('build',))
[0.169s] Level 1:colcon.colcon_core.package_discovery:discover_packages(colcon_meta) check parameters
[0.169s] Level 1:colcon.colcon_core.package_discovery:discover_packages(recursive) check parameters
[0.169s] Level 1:colcon.colcon_core.package_discovery:discover_packages(ignore) check parameters
[0.169s] Level 1:colcon.colcon_core.package_discovery:discover_packages(path) check parameters
[0.169s] Level 1:colcon.colcon_core.package_discovery:discover_packages(colcon_meta) discover
[0.169s] Level 1:colcon.colcon_core.package_discovery:discover_packages(recursive) discover
[0.169s] INFO:colcon.colcon_core.package_discovery:Crawling recursively for packages in '/home/icr247/external-idec-ez-wheel'
[0.169s] Level 1:colcon.colcon_core.package_identification:_identify(.) by extensions ['ignore', 'ignore_ament_install']
[0.169s] Level 1:colcon.colcon_core.package_identification:_identify(.) by extension 'ignore'
[0.169s] Level 1:colcon.colcon_core.package_identification:_identify(.) by extension 'ignore_ament_install'
[0.169s] Level 1:colcon.colcon_core.package_identification:_identify(.) by extensions ['colcon_pkg']
[0.169s] Level 1:colcon.colcon_core.package_identification:_identify(.) by extension 'colcon_pkg'
[0.169s] Level 1:colcon.colcon_core.package_identification:_identify(.) by extensions ['colcon_meta']
[0.169s] Level 1:colcon.colcon_core.package_identification:_identify(.) by extension 'colcon_meta'
[0.169s] Level 1:colcon.colcon_core.package_identification:_identify(.) by extensions ['ros']
[0.169s] Level 1:colcon.colcon_core.package_identification:_identify(.) by extension 'ros'
[0.195s] Level 1:colcon.colcon_core.package_identification:_identify(.) by extensions ['cmake', 'python']
[0.195s] Level 1:colcon.colcon_core.package_identification:_identify(.) by extension 'cmake'
[0.195s] Level 1:colcon.colcon_core.package_identification:_identify(.) by extension 'python'
[0.195s] Level 1:colcon.colcon_core.package_identification:_identify(.) by extensions ['python_setup_py']
[0.195s] Level 1:colcon.colcon_core.package_identification:_identify(.) by extension 'python_setup_py'
[0.195s] Level 1:colcon.colcon_core.package_identification:_identify(__pycache__) by extensions ['ignore', 'ignore_ament_install']
[0.195s] Level 1:colcon.colcon_core.package_identification:_identify(__pycache__) by extension 'ignore'
[0.195s] Level 1:colcon.colcon_core.package_identification:_identify(__pycache__) by extension 'ignore_ament_install'
[0.195s] Level 1:colcon.colcon_core.package_identification:_identify(__pycache__) by extensions ['colcon_pkg']
[0.195s] Level 1:colcon.colcon_core.package_identification:_identify(__pycache__) by extension 'colcon_pkg'
[0.195s] Level 1:colcon.colcon_core.package_identification:_identify(__pycache__) by extensions ['colcon_meta']
[0.195s] Level 1:colcon.colcon_core.package_identification:_identify(__pycache__) by extension 'colcon_meta'
[0.195s] Level 1:colcon.colcon_core.package_identification:_identify(__pycache__) by extensions ['ros']
[0.195s] Level 1:colcon.colcon_core.package_identification:_identify(__pycache__) by extension 'ros'
[0.195s] Level 1:colcon.colcon_core.package_identification:_identify(__pycache__) by extensions ['cmake', 'python']
[0.195s] Level 1:colcon.colcon_core.package_identification:_identify(__pycache__) by extension 'cmake'
[0.195s] Level 1:colcon.colcon_core.package_identification:_identify(__pycache__) by extension 'python'
[0.195s] Level 1:colcon.colcon_core.package_identification:_identify(__pycache__) by extensions ['python_setup_py']
[0.195s] Level 1:colcon.colcon_core.package_identification:_identify(__pycache__) by extension 'python_setup_py'
[0.196s] Level 1:colcon.colcon_core.package_identification:_identify(build) by extensions ['ignore', 'ignore_ament_install']
[0.196s] Level 1:colcon.colcon_core.package_identification:_identify(build) by extension 'ignore'
[0.196s] Level 1:colcon.colcon_core.package_identification:_identify(build) ignored
[0.196s] Level 1:colcon.colcon_core.package_identification:_identify(install) by extensions ['ignore', 'ignore_ament_install']
[0.196s] Level 1:colcon.colcon_core.package_identification:_identify(install) by extension 'ignore'
[0.196s] Level 1:colcon.colcon_core.package_identification:_identify(install) ignored
[0.196s] Level 1:colcon.colcon_core.package_identification:_identify(log) by extensions ['ignore', 'ignore_ament_install']
[0.196s] Level 1:colcon.colcon_core.package_identification:_identify(log) by extension 'ignore'
[0.196s] Level 1:colcon.colcon_core.package_identification:_identify(log) ignored
[0.196s] Level 1:colcon.colcon_core.package_identification:_identify(src) by extensions ['ignore', 'ignore_ament_install']
[0.196s] Level 1:colcon.colcon_core.package_identification:_identify(src) by extension 'ignore'
[0.196s] Level 1:colcon.colcon_core.package_identification:_identify(src) by extension 'ignore_ament_install'
[0.196s] Level 1:colcon.colcon_core.package_identification:_identify(src) by extensions ['colcon_pkg']
[0.196s] Level 1:colcon.colcon_core.package_identification:_identify(src) by extension 'colcon_pkg'
[0.196s] Level 1:colcon.colcon_core.package_identification:_identify(src) by extensions ['colcon_meta']
[0.196s] Level 1:colcon.colcon_core.package_identification:_identify(src) by extension 'colcon_meta'
[0.196s] Level 1:colcon.colcon_core.package_identification:_identify(src) by extensions ['ros']
[0.196s] Level 1:colcon.colcon_core.package_identification:_identify(src) by extension 'ros'
[0.196s] Level 1:colcon.colcon_core.package_identification:_identify(src) by extensions ['cmake', 'python']
[0.196s] Level 1:colcon.colcon_core.package_identification:_identify(src) by extension 'cmake'
[0.196s] Level 1:colcon.colcon_core.package_identification:_identify(src) by extension 'python'
[0.197s] Level 1:colcon.colcon_core.package_identification:_identify(src) by extensions ['python_setup_py']
[0.197s] Level 1:colcon.colcon_core.package_identification:_identify(src) by extension 'python_setup_py'
[0.197s] Level 1:colcon.colcon_core.package_identification:_identify(src/ezw) by extensions ['ignore', 'ignore_ament_install']
[0.197s] Level 1:colcon.colcon_core.package_identification:_identify(src/ezw) by extension 'ignore'
[0.197s] Level 1:colcon.colcon_core.package_identification:_identify(src/ezw) by extension 'ignore_ament_install'
[0.197s] Level 1:colcon.colcon_core.package_identification:_identify(src/ezw) by extensions ['colcon_pkg']
[0.197s] Level 1:colcon.colcon_core.package_identification:_identify(src/ezw) by extension 'colcon_pkg'
[0.197s] Level 1:colcon.colcon_core.package_identification:_identify(src/ezw) by extensions ['colcon_meta']
[0.197s] Level 1:colcon.colcon_core.package_identification:_identify(src/ezw) by extension 'colcon_meta'
[0.197s] Level 1:colcon.colcon_core.package_identification:_identify(src/ezw) by extensions ['ros']
[0.197s] Level 1:colcon.colcon_core.package_identification:_identify(src/ezw) by extension 'ros'
[0.200s] DEBUG:colcon.colcon_core.package_identification:Package 'src/ezw' with type 'ros.ament_python' and name 'ezw'
[0.200s] Level 1:colcon.colcon_core.package_identification:_identify(src/swd_ros2_controllers) by extensions ['ignore', 'ignore_ament_install']
[0.200s] Level 1:colcon.colcon_core.package_identification:_identify(src/swd_ros2_controllers) by extension 'ignore'
[0.200s] Level 1:colcon.colcon_core.package_identification:_identify(src/swd_ros2_controllers) by extension 'ignore_ament_install'
[0.200s] Level 1:colcon.colcon_core.package_identification:_identify(src/swd_ros2_controllers) by extensions ['colcon_pkg']
[0.200s] Level 1:colcon.colcon_core.package_identification:_identify(src/swd_ros2_controllers) by extension 'colcon_pkg'
[0.200s] Level 1:colcon.colcon_core.package_identification:_identify(src/swd_ros2_controllers) by extensions ['colcon_meta']
[0.200s] Level 1:colcon.colcon_core.package_identification:_identify(src/swd_ros2_controllers) by extension 'colcon_meta'
[0.200s] Level 1:colcon.colcon_core.package_identification:_identify(src/swd_ros2_controllers) by extensions ['ros']
[0.200s] Level 1:colcon.colcon_core.package_identification:_identify(src/swd_ros2_controllers) by extension 'ros'
[0.201s] DEBUG:colcon.colcon_core.package_identification:Package 'src/swd_ros2_controllers' with type 'ros.ament_cmake' and name 'swd_ros2_controllers'
[0.201s] Level 1:colcon.colcon_core.package_discovery:discover_packages(recursive) using defaults
[0.201s] Level 1:colcon.colcon_core.package_discovery:discover_packages(ignore) discover
[0.201s] Level 1:colcon.colcon_core.package_discovery:discover_packages(ignore) using defaults
[0.201s] Level 1:colcon.colcon_core.package_discovery:discover_packages(path) discover
[0.201s] Level 1:colcon.colcon_core.package_discovery:discover_packages(path) using defaults
[0.220s] Level 1:colcon.colcon_core.package_discovery:discover_packages(prefix_path) check parameters
[0.220s] Level 1:colcon.colcon_core.package_discovery:discover_packages(prefix_path) discover
[0.222s] DEBUG:colcon.colcon_installed_package_information.package_discovery:Found 2 installed packages in /home/icr247/external-idec-ez-wheel/install
[0.224s] DEBUG:colcon.colcon_installed_package_information.package_discovery:Found 380 installed packages in /opt/ros/jazzy
[0.226s] Level 1:colcon.colcon_core.package_discovery:discover_packages(prefix_path) using defaults
[0.271s] Level 5:colcon.colcon_core.verb:set package 'ezw' build argument 'cmake_args' from command line to 'None'
[0.271s] Level 5:colcon.colcon_core.verb:set package 'ezw' build argument 'cmake_target' from command line to 'None'
[0.271s] Level 5:colcon.colcon_core.verb:set package 'ezw' build argument 'cmake_target_skip_unavailable' from command line to 'False'
[0.271s] Level 5:colcon.colcon_core.verb:set package 'ezw' build argument 'cmake_clean_cache' from command line to 'False'
[0.271s] Level 5:colcon.colcon_core.verb:set package 'ezw' build argument 'cmake_clean_first' from command line to 'False'
[0.271s] Level 5:colcon.colcon_core.verb:set package 'ezw' build argument 'cmake_force_configure' from command line to 'False'
[0.271s] Level 5:colcon.colcon_core.verb:set package 'ezw' build argument 'ament_cmake_args' from command line to 'None'
[0.271s] Level 5:colcon.colcon_core.verb:set package 'ezw' build argument 'catkin_cmake_args' from command line to 'None'
[0.271s] Level 5:colcon.colcon_core.verb:set package 'ezw' build argument 'catkin_skip_building_tests' from command line to 'False'
[0.271s] DEBUG:colcon.colcon_core.verb:Building package 'ezw' with the following arguments: {'ament_cmake_args': None, 'build_base': '/home/icr247/external-idec-ez-wheel/build/ezw', 'catkin_cmake_args': None, 'catkin_skip_building_tests': False, 'cmake_args': None, 'cmake_clean_cache': False, 'cmake_clean_first': False, 'cmake_force_configure': False, 'cmake_target': None, 'cmake_target_skip_unavailable': False, 'install_base': '/home/icr247/external-idec-ez-wheel/install/ezw', 'merge_install': False, 'path': '/home/icr247/external-idec-ez-wheel/src/ezw', 'symlink_install': True, 'test_result_base': None}
[0.271s] Level 5:colcon.colcon_core.verb:set package 'swd_ros2_controllers' build argument 'cmake_args' from command line to 'None'
[0.271s] Level 5:colcon.colcon_core.verb:set package 'swd_ros2_controllers' build argument 'cmake_target' from command line to 'None'
[0.271s] Level 5:colcon.colcon_core.verb:set package 'swd_ros2_controllers' build argument 'cmake_target_skip_unavailable' from command line to 'False'
[0.271s] Level 5:colcon.colcon_core.verb:set package 'swd_ros2_controllers' build argument 'cmake_clean_cache' from command line to 'False'
[0.271s] Level 5:colcon.colcon_core.verb:set package 'swd_ros2_controllers' build argument 'cmake_clean_first' from command line to 'False'
[0.271s] Level 5:colcon.colcon_core.verb:set package 'swd_ros2_controllers' build argument 'cmake_force_configure' from command line to 'False'
[0.271s] Level 5:colcon.colcon_core.verb:set package 'swd_ros2_controllers' build argument 'ament_cmake_args' from command line to 'None'
[0.271s] Level 5:colcon.colcon_core.verb:set package 'swd_ros2_controllers' build argument 'catkin_cmake_args' from command line to 'None'
[0.271s] Level 5:colcon.colcon_core.verb:set package 'swd_ros2_controllers' build argument 'catkin_skip_building_tests' from command line to 'False'
[0.271s] DEBUG:colcon.colcon_core.verb:Building package 'swd_ros2_controllers' with the following arguments: {'ament_cmake_args': None, 'build_base': '/home/icr247/external-idec-ez-wheel/build/swd_ros2_controllers', 'catkin_cmake_args': None, 'catkin_skip_building_tests': False, 'cmake_args': None, 'cmake_clean_cache': False, 'cmake_clean_first': False, 'cmake_force_configure': False, 'cmake_target': None, 'cmake_target_skip_unavailable': False, 'install_base': '/home/icr247/external-idec-ez-wheel/install/swd_ros2_controllers', 'merge_install': False, 'path': '/home/icr247/external-idec-ez-wheel/src/swd_ros2_controllers', 'symlink_install': True, 'test_result_base': None}
[0.272s] INFO:colcon.colcon_core.executor:Executing jobs using 'parallel' executor
[0.272s] DEBUG:colcon.colcon_parallel_executor.executor.parallel:run_until_complete
[0.273s] INFO:colcon.colcon_ros.task.ament_python.build:Building ROS package in '/home/icr247/external-idec-ez-wheel/src/ezw' with build type 'ament_python'
[0.273s] Level 1:colcon.colcon_core.shell:create_environment_hook('ezw', 'ament_prefix_path')
[0.276s] INFO:colcon.colcon_core.plugin_system:Skipping extension 'colcon_core.shell.bat': Not used on non-Windows systems
[0.276s] INFO:colcon.colcon_core.shell:Creating environment hook '/home/icr247/external-idec-ez-wheel/install/ezw/share/ezw/hook/ament_prefix_path.ps1'
[0.277s] INFO:colcon.colcon_core.shell:Creating environment descriptor '/home/icr247/external-idec-ez-wheel/install/ezw/share/ezw/hook/ament_prefix_path.dsv'
[0.277s] INFO:colcon.colcon_core.shell:Creating environment hook '/home/icr247/external-idec-ez-wheel/install/ezw/share/ezw/hook/ament_prefix_path.sh'
[0.278s] INFO:colcon.colcon_core.shell:Skip shell extension 'powershell' for command environment: Not usable outside of PowerShell
[0.278s] DEBUG:colcon.colcon_core.shell:Skip shell extension 'dsv' for command environment
[0.281s] INFO:colcon.colcon_ros.task.ament_cmake.build:Building ROS package in '/home/icr247/external-idec-ez-wheel/src/swd_ros2_controllers' with build type 'ament_cmake'
[0.282s] INFO:colcon.colcon_cmake.task.cmake.build:Building CMake package in '/home/icr247/external-idec-ez-wheel/src/swd_ros2_controllers'
[0.282s] INFO:colcon.colcon_core.shell:Skip shell extension 'powershell' for command environment: Not usable outside of PowerShell
[0.282s] DEBUG:colcon.colcon_core.shell:Skip shell extension 'dsv' for command environment
[0.500s] INFO:colcon.colcon_core.task.python.build:Building Python package in '/home/icr247/external-idec-ez-wheel/src/ezw'
[0.500s] INFO:colcon.colcon_core.shell:Skip shell extension 'powershell' for command environment: Not usable outside of PowerShell
[0.500s] DEBUG:colcon.colcon_core.shell:Skip shell extension 'dsv' for command environment
[0.510s] DEBUG:colcon.colcon_core.event_handler.log_command:Invoking command in '/home/icr247/external-idec-ez-wheel/build/swd_ros2_controllers': CMAKE_PREFIX_PATH=${CMAKE_PREFIX_PATH}:/home/icr247/external-idec-ez-wheel/install/ezw:/opt/ros/jazzy DEBUGINFOD_URLS=https://debuginfod.ubuntu.com /usr/bin/cmake --build /home/icr247/external-idec-ez-wheel/build/swd_ros2_controllers -- -j16 -l16
[1.021s] DEBUG:colcon.colcon_core.event_handler.log_command:Invoked command in '/home/icr247/external-idec-ez-wheel/build/swd_ros2_controllers' returned '0': CMAKE_PREFIX_PATH=${CMAKE_PREFIX_PATH}:/home/icr247/external-idec-ez-wheel/install/ezw:/opt/ros/jazzy DEBUGINFOD_URLS=https://debuginfod.ubuntu.com /usr/bin/cmake --build /home/icr247/external-idec-ez-wheel/build/swd_ros2_controllers -- -j16 -l16
[1.034s] DEBUG:colcon.colcon_core.event_handler.log_command:Invoking command in '/home/icr247/external-idec-ez-wheel/build/swd_ros2_controllers': CMAKE_PREFIX_PATH=${CMAKE_PREFIX_PATH}:/home/icr247/external-idec-ez-wheel/install/ezw:/opt/ros/jazzy DEBUGINFOD_URLS=https://debuginfod.ubuntu.com /usr/bin/cmake --install /home/icr247/external-idec-ez-wheel/build/swd_ros2_controllers
[1.127s] Level 1:colcon.colcon_core.environment:create_environment_scripts_only(swd_ros2_controllers)
[1.128s] DEBUG:colcon.colcon_core.event_handler.log_command:Invoked command in '/home/icr247/external-idec-ez-wheel/build/swd_ros2_controllers' returned '0': CMAKE_PREFIX_PATH=${CMAKE_PREFIX_PATH}:/home/icr247/external-idec-ez-wheel/install/ezw:/opt/ros/jazzy DEBUGINFOD_URLS=https://debuginfod.ubuntu.com /usr/bin/cmake --install /home/icr247/external-idec-ez-wheel/build/swd_ros2_controllers
[1.131s] Level 1:colcon.colcon_core.environment:checking '/home/icr247/external-idec-ez-wheel/install/swd_ros2_controllers' for CMake module files
[1.132s] Level 1:colcon.colcon_core.environment:checking '/home/icr247/external-idec-ez-wheel/install/swd_ros2_controllers' for CMake config files
[1.132s] Level 1:colcon.colcon_core.shell:create_environment_hook('swd_ros2_controllers', 'cmake_prefix_path')
[1.133s] INFO:colcon.colcon_core.shell:Creating environment hook '/home/icr247/external-idec-ez-wheel/install/swd_ros2_controllers/share/swd_ros2_controllers/hook/cmake_prefix_path.ps1'
[1.133s] INFO:colcon.colcon_core.shell:Creating environment descriptor '/home/icr247/external-idec-ez-wheel/install/swd_ros2_controllers/share/swd_ros2_controllers/hook/cmake_prefix_path.dsv'
[1.133s] INFO:colcon.colcon_core.shell:Creating environment hook '/home/icr247/external-idec-ez-wheel/install/swd_ros2_controllers/share/swd_ros2_controllers/hook/cmake_prefix_path.sh'
[1.134s] Level 1:colcon.colcon_core.environment:checking '/home/icr247/external-idec-ez-wheel/install/swd_ros2_controllers/lib'
[1.134s] Level 1:colcon.colcon_core.shell:create_environment_hook('swd_ros2_controllers', 'ld_library_path_lib')
[1.134s] INFO:colcon.colcon_core.shell:Creating environment hook '/home/icr247/external-idec-ez-wheel/install/swd_ros2_controllers/share/swd_ros2_controllers/hook/ld_library_path_lib.ps1'
[1.135s] INFO:colcon.colcon_core.shell:Creating environment descriptor '/home/icr247/external-idec-ez-wheel/install/swd_ros2_controllers/share/swd_ros2_controllers/hook/ld_library_path_lib.dsv'
[1.135s] INFO:colcon.colcon_core.shell:Creating environment hook '/home/icr247/external-idec-ez-wheel/install/swd_ros2_controllers/share/swd_ros2_controllers/hook/ld_library_path_lib.sh'
[1.135s] Level 1:colcon.colcon_core.environment:checking '/home/icr247/external-idec-ez-wheel/install/swd_ros2_controllers/bin'
[1.135s] Level 1:colcon.colcon_core.environment:checking '/home/icr247/external-idec-ez-wheel/install/swd_ros2_controllers/lib/pkgconfig/swd_ros2_controllers.pc'
[1.135s] Level 1:colcon.colcon_core.environment:checking '/home/icr247/external-idec-ez-wheel/install/swd_ros2_controllers/lib/python3.12/site-packages'
[1.136s] Level 1:colcon.colcon_core.shell:create_environment_hook('swd_ros2_controllers', 'pythonpath')
[1.136s] INFO:colcon.colcon_core.shell:Creating environment hook '/home/icr247/external-idec-ez-wheel/install/swd_ros2_controllers/share/swd_ros2_controllers/hook/pythonpath.ps1'
[1.136s] INFO:colcon.colcon_core.shell:Creating environment descriptor '/home/icr247/external-idec-ez-wheel/install/swd_ros2_controllers/share/swd_ros2_controllers/hook/pythonpath.dsv'
[1.136s] INFO:colcon.colcon_core.shell:Creating environment hook '/home/icr247/external-idec-ez-wheel/install/swd_ros2_controllers/share/swd_ros2_controllers/hook/pythonpath.sh'
[1.137s] Level 1:colcon.colcon_core.environment:checking '/home/icr247/external-idec-ez-wheel/install/swd_ros2_controllers/bin'
[1.137s] INFO:colcon.colcon_core.shell:Creating package script '/home/icr247/external-idec-ez-wheel/install/swd_ros2_controllers/share/swd_ros2_controllers/package.ps1'
[1.138s] INFO:colcon.colcon_core.shell:Creating package descriptor '/home/icr247/external-idec-ez-wheel/install/swd_ros2_controllers/share/swd_ros2_controllers/package.dsv'
[1.139s] INFO:colcon.colcon_core.shell:Creating package script '/home/icr247/external-idec-ez-wheel/install/swd_ros2_controllers/share/swd_ros2_controllers/package.sh'
[1.140s] INFO:colcon.colcon_core.shell:Creating package script '/home/icr247/external-idec-ez-wheel/install/swd_ros2_controllers/share/swd_ros2_controllers/package.bash'
[1.140s] INFO:colcon.colcon_core.shell:Creating package script '/home/icr247/external-idec-ez-wheel/install/swd_ros2_controllers/share/swd_ros2_controllers/package.zsh'
[1.141s] Level 1:colcon.colcon_core.environment:create_file_with_runtime_dependencies(/home/icr247/external-idec-ez-wheel/install/swd_ros2_controllers/share/colcon-core/packages/swd_ros2_controllers)
[1.142s] Level 1:colcon.colcon_core.environment:create_environment_scripts_only(swd_ros2_controllers)
[1.142s] Level 1:colcon.colcon_core.environment:checking '/home/icr247/external-idec-ez-wheel/install/swd_ros2_controllers' for CMake module files
[1.143s] Level 1:colcon.colcon_core.environment:checking '/home/icr247/external-idec-ez-wheel/install/swd_ros2_controllers' for CMake config files
[1.143s] Level 1:colcon.colcon_core.shell:create_environment_hook('swd_ros2_controllers', 'cmake_prefix_path')
[1.143s] INFO:colcon.colcon_core.shell:Creating environment hook '/home/icr247/external-idec-ez-wheel/install/swd_ros2_controllers/share/swd_ros2_controllers/hook/cmake_prefix_path.ps1'
[1.144s] INFO:colcon.colcon_core.shell:Creating environment descriptor '/home/icr247/external-idec-ez-wheel/install/swd_ros2_controllers/share/swd_ros2_controllers/hook/cmake_prefix_path.dsv'
[1.144s] INFO:colcon.colcon_core.shell:Creating environment hook '/home/icr247/external-idec-ez-wheel/install/swd_ros2_controllers/share/swd_ros2_controllers/hook/cmake_prefix_path.sh'
[1.145s] Level 1:colcon.colcon_core.environment:checking '/home/icr247/external-idec-ez-wheel/install/swd_ros2_controllers/lib'
[1.145s] Level 1:colcon.colcon_core.shell:create_environment_hook('swd_ros2_controllers', 'ld_library_path_lib')
[1.145s] INFO:colcon.colcon_core.shell:Creating environment hook '/home/icr247/external-idec-ez-wheel/install/swd_ros2_controllers/share/swd_ros2_controllers/hook/ld_library_path_lib.ps1'
[1.145s] INFO:colcon.colcon_core.shell:Creating environment descriptor '/home/icr247/external-idec-ez-wheel/install/swd_ros2_controllers/share/swd_ros2_controllers/hook/ld_library_path_lib.dsv'
[1.146s] INFO:colcon.colcon_core.shell:Creating environment hook '/home/icr247/external-idec-ez-wheel/install/swd_ros2_controllers/share/swd_ros2_controllers/hook/ld_library_path_lib.sh'
[1.146s] Level 1:colcon.colcon_core.environment:checking '/home/icr247/external-idec-ez-wheel/install/swd_ros2_controllers/bin'
[1.146s] Level 1:colcon.colcon_core.environment:checking '/home/icr247/external-idec-ez-wheel/install/swd_ros2_controllers/lib/pkgconfig/swd_ros2_controllers.pc'
[1.146s] Level 1:colcon.colcon_core.environment:checking '/home/icr247/external-idec-ez-wheel/install/swd_ros2_controllers/lib/python3.12/site-packages'
[1.146s] Level 1:colcon.colcon_core.shell:create_environment_hook('swd_ros2_controllers', 'pythonpath')
[1.146s] INFO:colcon.colcon_core.shell:Creating environment hook '/home/icr247/external-idec-ez-wheel/install/swd_ros2_controllers/share/swd_ros2_controllers/hook/pythonpath.ps1'
[1.147s] INFO:colcon.colcon_core.shell:Creating environment descriptor '/home/icr247/external-idec-ez-wheel/install/swd_ros2_controllers/share/swd_ros2_controllers/hook/pythonpath.dsv'
[1.147s] INFO:colcon.colcon_core.shell:Creating environment hook '/home/icr247/external-idec-ez-wheel/install/swd_ros2_controllers/share/swd_ros2_controllers/hook/pythonpath.sh'
[1.148s] Level 1:colcon.colcon_core.environment:checking '/home/icr247/external-idec-ez-wheel/install/swd_ros2_controllers/bin'
[1.148s] INFO:colcon.colcon_core.shell:Creating package script '/home/icr247/external-idec-ez-wheel/install/swd_ros2_controllers/share/swd_ros2_controllers/package.ps1'
[1.148s] INFO:colcon.colcon_core.shell:Creating package descriptor '/home/icr247/external-idec-ez-wheel/install/swd_ros2_controllers/share/swd_ros2_controllers/package.dsv'
[1.149s] INFO:colcon.colcon_core.shell:Creating package script '/home/icr247/external-idec-ez-wheel/install/swd_ros2_controllers/share/swd_ros2_controllers/package.sh'
[1.149s] INFO:colcon.colcon_core.shell:Creating package script '/home/icr247/external-idec-ez-wheel/install/swd_ros2_controllers/share/swd_ros2_controllers/package.bash'
[1.150s] INFO:colcon.colcon_core.shell:Creating package script '/home/icr247/external-idec-ez-wheel/install/swd_ros2_controllers/share/swd_ros2_controllers/package.zsh'
[1.150s] Level 1:colcon.colcon_core.environment:create_file_with_runtime_dependencies(/home/icr247/external-idec-ez-wheel/install/swd_ros2_controllers/share/colcon-core/packages/swd_ros2_controllers)
[1.294s] DEBUG:colcon.colcon_core.event_handler.log_command:Invoking command in '/home/icr247/external-idec-ez-wheel/build/ezw': DEBUGINFOD_URLS=https://debuginfod.ubuntu.com PYTHONPATH=/home/icr247/external-idec-ez-wheel/build/ezw/prefix_override:/usr/lib/python3/dist-packages/colcon_core/task/python/colcon_distutils_commands:/home/icr247/external-idec-ez-wheel/install/ezw/lib/python3.12/site-packages:${PYTHONPATH} /usr/bin/python3 -W ignore:setup.py install is deprecated -W ignore:easy_install command is deprecated setup.py develop --editable --build-directory /home/icr247/external-idec-ez-wheel/build/ezw/build --no-deps symlink_data
[1.977s] Level 1:colcon.colcon_core.shell:create_environment_hook('ezw', 'pythonpath_develop')
[1.977s] INFO:colcon.colcon_core.shell:Creating environment hook '/home/icr247/external-idec-ez-wheel/build/ezw/share/ezw/hook/pythonpath_develop.ps1'
[1.977s] DEBUG:colcon.colcon_core.event_handler.log_command:Invoked command in '/home/icr247/external-idec-ez-wheel/build/ezw' returned '0': DEBUGINFOD_URLS=https://debuginfod.ubuntu.com PYTHONPATH=/home/icr247/external-idec-ez-wheel/build/ezw/prefix_override:/usr/lib/python3/dist-packages/colcon_core/task/python/colcon_distutils_commands:/home/icr247/external-idec-ez-wheel/install/ezw/lib/python3.12/site-packages:${PYTHONPATH} /usr/bin/python3 -W ignore:setup.py install is deprecated -W ignore:easy_install command is deprecated setup.py develop --editable --build-directory /home/icr247/external-idec-ez-wheel/build/ezw/build --no-deps symlink_data
[1.978s] INFO:colcon.colcon_core.shell:Creating environment descriptor '/home/icr247/external-idec-ez-wheel/build/ezw/share/ezw/hook/pythonpath_develop.dsv'
[1.978s] INFO:colcon.colcon_core.shell:Creating environment hook '/home/icr247/external-idec-ez-wheel/build/ezw/share/ezw/hook/pythonpath_develop.sh'
[1.978s] Level 1:colcon.colcon_core.environment:checking '/home/icr247/external-idec-ez-wheel/install/ezw' for CMake module files
[1.979s] Level 1:colcon.colcon_core.environment:checking '/home/icr247/external-idec-ez-wheel/install/ezw' for CMake config files
[1.979s] Level 1:colcon.colcon_core.environment:checking '/home/icr247/external-idec-ez-wheel/install/ezw/lib'
[1.979s] Level 1:colcon.colcon_core.environment:checking '/home/icr247/external-idec-ez-wheel/install/ezw/bin'
[1.979s] Level 1:colcon.colcon_core.environment:checking '/home/icr247/external-idec-ez-wheel/install/ezw/lib/pkgconfig/ezw.pc'
[1.980s] Level 1:colcon.colcon_core.environment:checking '/home/icr247/external-idec-ez-wheel/install/ezw/lib/python3.12/site-packages'
[1.980s] Level 1:colcon.colcon_core.shell:create_environment_hook('ezw', 'pythonpath')
[1.980s] INFO:colcon.colcon_core.shell:Creating environment hook '/home/icr247/external-idec-ez-wheel/install/ezw/share/ezw/hook/pythonpath.ps1'
[1.980s] INFO:colcon.colcon_core.shell:Creating environment descriptor '/home/icr247/external-idec-ez-wheel/install/ezw/share/ezw/hook/pythonpath.dsv'
[1.980s] INFO:colcon.colcon_core.shell:Creating environment hook '/home/icr247/external-idec-ez-wheel/install/ezw/share/ezw/hook/pythonpath.sh'
[1.981s] Level 1:colcon.colcon_core.environment:checking '/home/icr247/external-idec-ez-wheel/install/ezw/bin'
[1.981s] Level 1:colcon.colcon_core.environment:create_environment_scripts_only(ezw)
[1.981s] INFO:colcon.colcon_core.shell:Creating package script '/home/icr247/external-idec-ez-wheel/install/ezw/share/ezw/package.ps1'
[1.982s] INFO:colcon.colcon_core.shell:Creating package descriptor '/home/icr247/external-idec-ez-wheel/install/ezw/share/ezw/package.dsv'
[1.982s] INFO:colcon.colcon_core.shell:Creating package script '/home/icr247/external-idec-ez-wheel/install/ezw/share/ezw/package.sh'
[1.983s] INFO:colcon.colcon_core.shell:Creating package script '/home/icr247/external-idec-ez-wheel/install/ezw/share/ezw/package.bash'
[1.983s] INFO:colcon.colcon_core.shell:Creating package script '/home/icr247/external-idec-ez-wheel/install/ezw/share/ezw/package.zsh'
[1.984s] Level 1:colcon.colcon_core.environment:create_file_with_runtime_dependencies(/home/icr247/external-idec-ez-wheel/install/ezw/share/colcon-core/packages/ezw)
[1.984s] DEBUG:colcon.colcon_parallel_executor.executor.parallel:closing loop
[1.985s] DEBUG:colcon.colcon_parallel_executor.executor.parallel:loop closed
[1.985s] DEBUG:colcon.colcon_parallel_executor.executor.parallel:run_until_complete finished with '0'
[1.985s] DEBUG:colcon.colcon_core.event_reactor:joining thread
[1.992s] INFO:colcon.colcon_core.plugin_system:Skipping extension 'colcon_notification.desktop_notification.terminal_notifier': Not used on non-Darwin systems
[1.992s] INFO:colcon.colcon_core.plugin_system:Skipping extension 'colcon_notification.desktop_notification.win32': Not used on non-Windows systems
[1.992s] INFO:colcon.colcon_notification.desktop_notification:Sending desktop notification using 'notify2'
[2.043s] DEBUG:colcon.colcon_core.event_reactor:joined thread
[2.044s] INFO:colcon.colcon_core.shell:Creating prefix script '/home/icr247/external-idec-ez-wheel/install/local_setup.ps1'
[2.045s] INFO:colcon.colcon_core.shell:Creating prefix util module '/home/icr247/external-idec-ez-wheel/install/_local_setup_util_ps1.py'
[2.047s] INFO:colcon.colcon_core.shell:Creating prefix chain script '/home/icr247/external-idec-ez-wheel/install/setup.ps1'
[2.048s] INFO:colcon.colcon_core.shell:Creating prefix script '/home/icr247/external-idec-ez-wheel/install/local_setup.sh'
[2.049s] INFO:colcon.colcon_core.shell:Creating prefix util module '/home/icr247/external-idec-ez-wheel/install/_local_setup_util_sh.py'
[2.049s] INFO:colcon.colcon_core.shell:Creating prefix chain script '/home/icr247/external-idec-ez-wheel/install/setup.sh'
[2.050s] INFO:colcon.colcon_core.shell:Creating prefix script '/home/icr247/external-idec-ez-wheel/install/local_setup.bash'
[2.051s] INFO:colcon.colcon_core.shell:Creating prefix chain script '/home/icr247/external-idec-ez-wheel/install/setup.bash'
[2.052s] INFO:colcon.colcon_core.shell:Creating prefix script '/home/icr247/external-idec-ez-wheel/install/local_setup.zsh'
[2.052s] INFO:colcon.colcon_core.shell:Creating prefix chain script '/home/icr247/external-idec-ez-wheel/install/setup.zsh'
